{"D:\\Prywatne\\Projekty\\gcode2\\src\\app\\useGCodePipeline.ts": {"path":"D:\\Prywatne\\Projekty\\gcode2\\src\\app\\useGCodePipeline.ts","all":true,"statementMap":{"7":{"start":{"line":8,"column":0},"end":{"line":8,"column":84}},"8":{"start":{"line":9,"column":0},"end":{"line":9,"column":45}},"9":{"start":{"line":10,"column":0},"end":{"line":10,"column":57}},"10":{"start":{"line":11,"column":0},"end":{"line":11,"column":57}},"11":{"start":{"line":12,"column":0},"end":{"line":12,"column":91}},"12":{"start":{"line":13,"column":0},"end":{"line":13,"column":52}},"13":{"start":{"line":14,"column":0},"end":{"line":14,"column":105}},"17":{"start":{"line":18,"column":0},"end":{"line":18,"column":23}},"37":{"start":{"line":38,"column":0},"end":{"line":38,"column":51}},"38":{"start":{"line":39,"column":0},"end":{"line":39,"column":40}},"39":{"start":{"line":40,"column":0},"end":{"line":40,"column":41}},"40":{"start":{"line":41,"column":0},"end":{"line":41,"column":47}},"41":{"start":{"line":42,"column":0},"end":{"line":42,"column":34}},"43":{"start":{"line":44,"column":0},"end":{"line":44,"column":27}},"44":{"start":{"line":45,"column":0},"end":{"line":45,"column":33}},"45":{"start":{"line":46,"column":0},"end":{"line":46,"column":47}},"46":{"start":{"line":47,"column":0},"end":{"line":47,"column":50}},"47":{"start":{"line":48,"column":0},"end":{"line":48,"column":65}},"48":{"start":{"line":49,"column":0},"end":{"line":49,"column":64}},"49":{"start":{"line":50,"column":0},"end":{"line":50,"column":26}},"50":{"start":{"line":51,"column":0},"end":{"line":51,"column":31}},"51":{"start":{"line":52,"column":0},"end":{"line":52,"column":37}},"52":{"start":{"line":53,"column":0},"end":{"line":53,"column":26}},"54":{"start":{"line":55,"column":0},"end":{"line":55,"column":64}},"55":{"start":{"line":56,"column":0},"end":{"line":56,"column":52}},"57":{"start":{"line":58,"column":0},"end":{"line":58,"column":43}},"59":{"start":{"line":60,"column":0},"end":{"line":60,"column":26}},"60":{"start":{"line":61,"column":0},"end":{"line":61,"column":29}},"61":{"start":{"line":62,"column":0},"end":{"line":62,"column":28}},"62":{"start":{"line":63,"column":0},"end":{"line":63,"column":5}},"64":{"start":{"line":65,"column":0},"end":{"line":65,"column":39}},"66":{"start":{"line":67,"column":0},"end":{"line":67,"column":16}},"67":{"start":{"line":68,"column":0},"end":{"line":68,"column":19}},"68":{"start":{"line":69,"column":0},"end":{"line":69,"column":30}},"69":{"start":{"line":70,"column":0},"end":{"line":70,"column":28}},"70":{"start":{"line":71,"column":0},"end":{"line":71,"column":29}},"71":{"start":{"line":72,"column":0},"end":{"line":72,"column":25}},"72":{"start":{"line":73,"column":0},"end":{"line":73,"column":30}},"73":{"start":{"line":74,"column":0},"end":{"line":74,"column":26}},"74":{"start":{"line":75,"column":0},"end":{"line":75,"column":32}},"75":{"start":{"line":76,"column":0},"end":{"line":76,"column":12}},"76":{"start":{"line":77,"column":0},"end":{"line":77,"column":5}},"78":{"start":{"line":79,"column":0},"end":{"line":79,"column":29}},"80":{"start":{"line":81,"column":0},"end":{"line":81,"column":9}},"82":{"start":{"line":83,"column":0},"end":{"line":83,"column":55}},"83":{"start":{"line":84,"column":0},"end":{"line":84,"column":48}},"84":{"start":{"line":85,"column":0},"end":{"line":85,"column":47}},"87":{"start":{"line":88,"column":0},"end":{"line":88,"column":77}},"88":{"start":{"line":89,"column":0},"end":{"line":89,"column":91}},"89":{"start":{"line":90,"column":0},"end":{"line":90,"column":49}},"90":{"start":{"line":91,"column":0},"end":{"line":91,"column":42}},"91":{"start":{"line":92,"column":0},"end":{"line":92,"column":44}},"92":{"start":{"line":93,"column":0},"end":{"line":93,"column":45}},"93":{"start":{"line":94,"column":0},"end":{"line":94,"column":57}},"94":{"start":{"line":95,"column":0},"end":{"line":95,"column":43}},"97":{"start":{"line":98,"column":0},"end":{"line":98,"column":69}},"98":{"start":{"line":99,"column":0},"end":{"line":99,"column":66}},"100":{"start":{"line":101,"column":0},"end":{"line":101,"column":40}},"102":{"start":{"line":103,"column":0},"end":{"line":103,"column":34}},"103":{"start":{"line":104,"column":0},"end":{"line":104,"column":16}},"105":{"start":{"line":106,"column":0},"end":{"line":106,"column":53}},"106":{"start":{"line":107,"column":0},"end":{"line":107,"column":49}},"107":{"start":{"line":108,"column":0},"end":{"line":108,"column":87}},"108":{"start":{"line":109,"column":0},"end":{"line":109,"column":9}},"109":{"start":{"line":110,"column":0},"end":{"line":110,"column":40}},"110":{"start":{"line":111,"column":0},"end":{"line":111,"column":47}},"111":{"start":{"line":112,"column":0},"end":{"line":112,"column":51}},"112":{"start":{"line":113,"column":0},"end":{"line":113,"column":14}},"113":{"start":{"line":114,"column":0},"end":{"line":114,"column":64}},"114":{"start":{"line":115,"column":0},"end":{"line":115,"column":21}},"115":{"start":{"line":116,"column":0},"end":{"line":116,"column":7}},"116":{"start":{"line":117,"column":0},"end":{"line":117,"column":17}},"117":{"start":{"line":118,"column":0},"end":{"line":118,"column":54}},"118":{"start":{"line":119,"column":0},"end":{"line":119,"column":19}},"119":{"start":{"line":120,"column":0},"end":{"line":120,"column":15}},"120":{"start":{"line":121,"column":0},"end":{"line":121,"column":32}},"121":{"start":{"line":122,"column":0},"end":{"line":122,"column":5}},"122":{"start":{"line":123,"column":0},"end":{"line":123,"column":3}},"124":{"start":{"line":125,"column":0},"end":{"line":125,"column":37}},"125":{"start":{"line":126,"column":0},"end":{"line":126,"column":50}},"126":{"start":{"line":127,"column":0},"end":{"line":127,"column":52}},"127":{"start":{"line":128,"column":0},"end":{"line":128,"column":3}},"129":{"start":{"line":130,"column":0},"end":{"line":130,"column":36}},"130":{"start":{"line":131,"column":0},"end":{"line":131,"column":64}},"131":{"start":{"line":132,"column":0},"end":{"line":132,"column":59}},"133":{"start":{"line":134,"column":0},"end":{"line":134,"column":65}},"134":{"start":{"line":135,"column":0},"end":{"line":135,"column":33}},"135":{"start":{"line":136,"column":0},"end":{"line":136,"column":3}},"137":{"start":{"line":138,"column":0},"end":{"line":138,"column":58}},"138":{"start":{"line":139,"column":0},"end":{"line":139,"column":25}},"139":{"start":{"line":140,"column":0},"end":{"line":140,"column":29}},"140":{"start":{"line":141,"column":0},"end":{"line":141,"column":3}},"142":{"start":{"line":143,"column":0},"end":{"line":143,"column":30}},"143":{"start":{"line":144,"column":0},"end":{"line":144,"column":13}},"144":{"start":{"line":145,"column":0},"end":{"line":145,"column":3}},"146":{"start":{"line":147,"column":0},"end":{"line":147,"column":21}},"147":{"start":{"line":148,"column":0},"end":{"line":148,"column":50}},"148":{"start":{"line":149,"column":0},"end":{"line":149,"column":22}},"149":{"start":{"line":150,"column":0},"end":{"line":150,"column":4}},"151":{"start":{"line":152,"column":0},"end":{"line":152,"column":10}},"152":{"start":{"line":153,"column":0},"end":{"line":153,"column":14}},"153":{"start":{"line":154,"column":0},"end":{"line":154,"column":17}},"154":{"start":{"line":155,"column":0},"end":{"line":155,"column":18}},"155":{"start":{"line":156,"column":0},"end":{"line":156,"column":16}},"156":{"start":{"line":157,"column":0},"end":{"line":157,"column":15}},"157":{"start":{"line":158,"column":0},"end":{"line":158,"column":21}},"158":{"start":{"line":159,"column":0},"end":{"line":159,"column":14}},"159":{"start":{"line":160,"column":0},"end":{"line":160,"column":19}},"160":{"start":{"line":161,"column":0},"end":{"line":161,"column":14}},"161":{"start":{"line":162,"column":0},"end":{"line":162,"column":10}},"162":{"start":{"line":163,"column":0},"end":{"line":163,"column":13}},"163":{"start":{"line":164,"column":0},"end":{"line":164,"column":13}},"164":{"start":{"line":165,"column":0},"end":{"line":165,"column":24}},"165":{"start":{"line":166,"column":0},"end":{"line":166,"column":13}},"166":{"start":{"line":167,"column":0},"end":{"line":167,"column":14}},"167":{"start":{"line":168,"column":0},"end":{"line":168,"column":3}},"168":{"start":{"line":169,"column":0},"end":{"line":169,"column":1}}},"s":{"7":0,"8":0,"9":0,"10":0,"11":0,"12":0,"13":0,"17":0,"37":0,"38":0,"39":0,"40":0,"41":0,"43":0,"44":0,"45":0,"46":0,"47":0,"48":0,"49":0,"50":0,"51":0,"52":0,"54":0,"55":0,"57":0,"59":0,"60":0,"61":0,"62":0,"64":0,"66":0,"67":0,"68":0,"69":0,"70":0,"71":0,"72":0,"73":0,"74":0,"75":0,"76":0,"78":0,"80":0,"82":0,"83":0,"84":0,"87":0,"88":0,"89":0,"90":0,"91":0,"92":0,"93":0,"94":0,"97":0,"98":0,"100":0,"102":0,"103":0,"105":0,"106":0,"107":0,"108":0,"109":0,"110":0,"111":0,"112":0,"113":0,"114":0,"115":0,"116":0,"117":0,"118":0,"119":0,"120":0,"121":0,"122":0,"124":0,"125":0,"126":0,"127":0,"129":0,"130":0,"131":0,"133":0,"134":0,"135":0,"137":0,"138":0,"139":0,"140":0,"142":0,"143":0,"144":0,"146":0,"147":0,"148":0,"149":0,"151":0,"152":0,"153":0,"154":0,"155":0,"156":0,"157":0,"158":0,"159":0,"160":0,"161":0,"162":0,"163":0,"164":0,"165":0,"166":0,"167":0,"168":0},"branchMap":{"0":{"type":"branch","line":1,"loc":{"start":{"line":1,"column":5396},"end":{"line":169,"column":1}},"locations":[{"start":{"line":1,"column":5396},"end":{"line":169,"column":1}}]}},"b":{"0":[1]},"fnMap":{"0":{"name":"(empty-report)","decl":{"start":{"line":1,"column":5396},"end":{"line":169,"column":1}},"loc":{"start":{"line":1,"column":5396},"end":{"line":169,"column":1}},"line":1}},"f":{"0":1}}
,"D:\\Prywatne\\Projekty\\gcode2\\src\\csg\\manifoldEngine.ts": {"path":"D:\\Prywatne\\Projekty\\gcode2\\src\\csg\\manifoldEngine.ts","all":false,"statementMap":{"12":{"start":{"line":13,"column":0},"end":{"line":13,"column":68}},"13":{"start":{"line":14,"column":0},"end":{"line":14,"column":82}},"23":{"start":{"line":24,"column":0},"end":{"line":24,"column":53}},"24":{"start":{"line":25,"column":0},"end":{"line":25,"column":24}},"25":{"start":{"line":26,"column":0},"end":{"line":26,"column":20}},"26":{"start":{"line":27,"column":0},"end":{"line":27,"column":28}},"32":{"start":{"line":33,"column":0},"end":{"line":33,"column":5}},"33":{"start":{"line":34,"column":0},"end":{"line":34,"column":56}},"35":{"start":{"line":36,"column":0},"end":{"line":36,"column":17}},"36":{"start":{"line":37,"column":0},"end":{"line":37,"column":97}},"38":{"start":{"line":39,"column":0},"end":{"line":39,"column":95}},"39":{"start":{"line":40,"column":0},"end":{"line":40,"column":34}},"40":{"start":{"line":41,"column":0},"end":{"line":41,"column":40}},"41":{"start":{"line":42,"column":0},"end":{"line":42,"column":18}},"42":{"start":{"line":43,"column":0},"end":{"line":43,"column":31}},"43":{"start":{"line":44,"column":0},"end":{"line":44,"column":20}},"44":{"start":{"line":45,"column":0},"end":{"line":45,"column":40}},"45":{"start":{"line":46,"column":0},"end":{"line":46,"column":16}},"46":{"start":{"line":47,"column":0},"end":{"line":47,"column":31}},"47":{"start":{"line":48,"column":0},"end":{"line":48,"column":9}},"48":{"start":{"line":49,"column":0},"end":{"line":49,"column":7}},"49":{"start":{"line":50,"column":0},"end":{"line":50,"column":5}},"51":{"start":{"line":52,"column":0},"end":{"line":52,"column":46}},"52":{"start":{"line":53,"column":0},"end":{"line":53,"column":58}},"53":{"start":{"line":54,"column":0},"end":{"line":54,"column":47}},"54":{"start":{"line":55,"column":0},"end":{"line":55,"column":70}},"55":{"start":{"line":56,"column":0},"end":{"line":56,"column":31}},"56":{"start":{"line":57,"column":0},"end":{"line":57,"column":7}},"57":{"start":{"line":58,"column":0},"end":{"line":58,"column":5}},"59":{"start":{"line":60,"column":0},"end":{"line":60,"column":41}},"60":{"start":{"line":61,"column":0},"end":{"line":61,"column":58}},"61":{"start":{"line":62,"column":0},"end":{"line":62,"column":5}},"62":{"start":{"line":63,"column":0},"end":{"line":63,"column":3}},"64":{"start":{"line":65,"column":0},"end":{"line":65,"column":15}},"65":{"start":{"line":66,"column":0},"end":{"line":66,"column":43}},"66":{"start":{"line":67,"column":0},"end":{"line":67,"column":38}},"67":{"start":{"line":68,"column":0},"end":{"line":68,"column":28}},"68":{"start":{"line":69,"column":0},"end":{"line":69,"column":45}},"69":{"start":{"line":70,"column":0},"end":{"line":70,"column":47}},"70":{"start":{"line":71,"column":0},"end":{"line":71,"column":57}},"71":{"start":{"line":72,"column":0},"end":{"line":72,"column":34}},"72":{"start":{"line":73,"column":0},"end":{"line":73,"column":6}},"73":{"start":{"line":74,"column":0},"end":{"line":74,"column":3}},"75":{"start":{"line":76,"column":0},"end":{"line":76,"column":68}},"76":{"start":{"line":77,"column":0},"end":{"line":77,"column":36}},"77":{"start":{"line":78,"column":0},"end":{"line":78,"column":71}},"78":{"start":{"line":79,"column":0},"end":{"line":79,"column":68}},"84":{"start":{"line":85,"column":0},"end":{"line":85,"column":74}},"85":{"start":{"line":86,"column":0},"end":{"line":86,"column":17}},"91":{"start":{"line":92,"column":0},"end":{"line":92,"column":33}},"92":{"start":{"line":93,"column":0},"end":{"line":93,"column":36}},"93":{"start":{"line":94,"column":0},"end":{"line":94,"column":59}},"94":{"start":{"line":95,"column":0},"end":{"line":95,"column":7}},"95":{"start":{"line":96,"column":0},"end":{"line":96,"column":5}},"97":{"start":{"line":98,"column":0},"end":{"line":98,"column":35}},"98":{"start":{"line":99,"column":0},"end":{"line":99,"column":18}},"99":{"start":{"line":100,"column":0},"end":{"line":100,"column":3}},"101":{"start":{"line":102,"column":0},"end":{"line":102,"column":85}},"103":{"start":{"line":104,"column":0},"end":{"line":104,"column":57}},"105":{"start":{"line":106,"column":0},"end":{"line":106,"column":57}},"106":{"start":{"line":107,"column":0},"end":{"line":107,"column":56}},"107":{"start":{"line":108,"column":0},"end":{"line":108,"column":14}},"108":{"start":{"line":109,"column":0},"end":{"line":109,"column":3}},"110":{"start":{"line":111,"column":0},"end":{"line":111,"column":84}},"111":{"start":{"line":112,"column":0},"end":{"line":112,"column":92}},"112":{"start":{"line":113,"column":0},"end":{"line":113,"column":3}},"114":{"start":{"line":115,"column":0},"end":{"line":115,"column":92}},"115":{"start":{"line":116,"column":0},"end":{"line":116,"column":97}},"116":{"start":{"line":117,"column":0},"end":{"line":117,"column":3}},"118":{"start":{"line":119,"column":0},"end":{"line":119,"column":27}},"119":{"start":{"line":120,"column":0},"end":{"line":120,"column":30}},"120":{"start":{"line":121,"column":0},"end":{"line":121,"column":38}},"121":{"start":{"line":122,"column":0},"end":{"line":122,"column":25}},"122":{"start":{"line":123,"column":0},"end":{"line":123,"column":34}},"123":{"start":{"line":124,"column":0},"end":{"line":124,"column":50}},"124":{"start":{"line":125,"column":0},"end":{"line":125,"column":5}},"126":{"start":{"line":127,"column":0},"end":{"line":127,"column":34}},"127":{"start":{"line":128,"column":0},"end":{"line":128,"column":85}},"128":{"start":{"line":129,"column":0},"end":{"line":129,"column":5}},"131":{"start":{"line":132,"column":0},"end":{"line":132,"column":38}},"132":{"start":{"line":133,"column":0},"end":{"line":133,"column":28}},"133":{"start":{"line":134,"column":0},"end":{"line":134,"column":44}},"134":{"start":{"line":135,"column":0},"end":{"line":135,"column":17}},"135":{"start":{"line":136,"column":0},"end":{"line":136,"column":6}},"137":{"start":{"line":138,"column":0},"end":{"line":138,"column":12}},"138":{"start":{"line":139,"column":0},"end":{"line":139,"column":55}},"139":{"start":{"line":140,"column":0},"end":{"line":140,"column":36}},"140":{"start":{"line":141,"column":0},"end":{"line":141,"column":5}},"141":{"start":{"line":142,"column":0},"end":{"line":142,"column":3}},"143":{"start":{"line":144,"column":0},"end":{"line":144,"column":43}},"144":{"start":{"line":145,"column":0},"end":{"line":145,"column":22}},"145":{"start":{"line":146,"column":0},"end":{"line":146,"column":3}},"147":{"start":{"line":148,"column":0},"end":{"line":148,"column":21}},"148":{"start":{"line":149,"column":0},"end":{"line":149,"column":27}},"149":{"start":{"line":150,"column":0},"end":{"line":150,"column":3}},"150":{"start":{"line":151,"column":0},"end":{"line":151,"column":1}}},"s":{"12":1,"13":1,"23":1,"24":1,"25":23,"26":23,"32":23,"33":23,"35":1,"36":23,"38":23,"39":2,"40":2,"41":2,"42":2,"43":2,"44":1,"45":1,"46":1,"47":1,"48":2,"49":2,"51":23,"52":1,"53":1,"54":1,"55":1,"56":1,"57":1,"59":23,"60":0,"61":0,"62":23,"64":1,"65":5,"66":5,"67":5,"68":5,"69":5,"70":5,"71":5,"72":5,"73":5,"75":1,"76":1,"77":1,"78":1,"84":1,"85":1,"91":1,"92":1,"93":1,"94":1,"95":1,"97":1,"98":1,"99":1,"101":1,"103":19,"105":19,"106":19,"107":19,"108":19,"110":1,"111":1,"112":1,"114":1,"115":1,"116":1,"118":1,"119":7,"120":7,"121":7,"122":7,"123":1,"124":1,"126":7,"127":1,"128":1,"131":5,"132":5,"133":5,"134":5,"135":5,"137":1,"138":1,"139":1,"140":1,"141":7,"143":1,"144":1,"145":1,"147":1,"148":5,"149":5,"150":1},"branchMap":{"0":{"type":"branch","line":25,"loc":{"start":{"line":25,"column":10},"end":{"line":34,"column":56}},"locations":[{"start":{"line":25,"column":10},"end":{"line":34,"column":56}}]},"1":{"type":"branch","line":36,"loc":{"start":{"line":36,"column":2},"end":{"line":63,"column":3}},"locations":[{"start":{"line":36,"column":2},"end":{"line":63,"column":3}}]},"2":{"type":"branch","line":39,"loc":{"start":{"line":39,"column":28},"end":{"line":50,"column":5}},"locations":[{"start":{"line":39,"column":28},"end":{"line":50,"column":5}}]},"3":{"type":"branch","line":44,"loc":{"start":{"line":44,"column":19},"end":{"line":48,"column":9}},"locations":[{"start":{"line":44,"column":19},"end":{"line":48,"column":9}}]},"4":{"type":"branch","line":52,"loc":{"start":{"line":52,"column":26},"end":{"line":58,"column":5}},"locations":[{"start":{"line":52,"column":26},"end":{"line":58,"column":5}}]},"5":{"type":"branch","line":65,"loc":{"start":{"line":65,"column":10},"end":{"line":74,"column":3}},"locations":[{"start":{"line":65,"column":10},"end":{"line":74,"column":3}}]},"6":{"type":"branch","line":69,"loc":{"start":{"line":69,"column":23},"end":{"line":73,"column":5}},"locations":[{"start":{"line":69,"column":23},"end":{"line":73,"column":5}}]},"7":{"type":"branch","line":76,"loc":{"start":{"line":76,"column":10},"end":{"line":100,"column":3}},"locations":[{"start":{"line":76,"column":10},"end":{"line":100,"column":3}}]},"8":{"type":"branch","line":102,"loc":{"start":{"line":102,"column":2},"end":{"line":109,"column":3}},"locations":[{"start":{"line":102,"column":2},"end":{"line":109,"column":3}}]},"9":{"type":"branch","line":111,"loc":{"start":{"line":111,"column":2},"end":{"line":113,"column":3}},"locations":[{"start":{"line":111,"column":2},"end":{"line":113,"column":3}}]},"10":{"type":"branch","line":115,"loc":{"start":{"line":115,"column":2},"end":{"line":117,"column":3}},"locations":[{"start":{"line":115,"column":2},"end":{"line":117,"column":3}}]},"11":{"type":"branch","line":119,"loc":{"start":{"line":119,"column":2},"end":{"line":142,"column":3}},"locations":[{"start":{"line":119,"column":2},"end":{"line":142,"column":3}}]},"12":{"type":"branch","line":123,"loc":{"start":{"line":123,"column":33},"end":{"line":125,"column":5}},"locations":[{"start":{"line":123,"column":33},"end":{"line":125,"column":5}}]},"13":{"type":"branch","line":125,"loc":{"start":{"line":125,"column":4},"end":{"line":127,"column":33}},"locations":[{"start":{"line":125,"column":4},"end":{"line":127,"column":33}}]},"14":{"type":"branch","line":127,"loc":{"start":{"line":127,"column":33},"end":{"line":129,"column":5}},"locations":[{"start":{"line":127,"column":33},"end":{"line":129,"column":5}}]},"15":{"type":"branch","line":129,"loc":{"start":{"line":129,"column":4},"end":{"line":136,"column":6}},"locations":[{"start":{"line":129,"column":4},"end":{"line":136,"column":6}}]},"16":{"type":"branch","line":136,"loc":{"start":{"line":136,"column":5},"end":{"line":141,"column":5}},"locations":[{"start":{"line":136,"column":5},"end":{"line":141,"column":5}}]},"17":{"type":"branch","line":144,"loc":{"start":{"line":144,"column":2},"end":{"line":146,"column":3}},"locations":[{"start":{"line":144,"column":2},"end":{"line":146,"column":3}}]},"18":{"type":"branch","line":148,"loc":{"start":{"line":148,"column":2},"end":{"line":150,"column":3}},"locations":[{"start":{"line":148,"column":2},"end":{"line":150,"column":3}}]}},"b":{"0":[23],"1":[23],"2":[2],"3":[1],"4":[1],"5":[5],"6":[5],"7":[1],"8":[19],"9":[1],"10":[1],"11":[7],"12":[1],"13":[6],"14":[1],"15":[5],"16":[1],"17":[1],"18":[5]},"fnMap":{"0":{"name":"<instance_members_initializer>","decl":{"start":{"line":25,"column":10},"end":{"line":34,"column":56}},"loc":{"start":{"line":25,"column":10},"end":{"line":34,"column":56}},"line":25},"1":{"name":"ManifoldCsgEngine","decl":{"start":{"line":36,"column":2},"end":{"line":63,"column":3}},"loc":{"start":{"line":36,"column":2},"end":{"line":63,"column":3}},"line":36},"2":{"name":"ManifoldCsgEngine.worker.onmessage","decl":{"start":{"line":39,"column":28},"end":{"line":50,"column":5}},"loc":{"start":{"line":39,"column":28},"end":{"line":50,"column":5}},"line":39},"3":{"name":"ManifoldCsgEngine.worker.onerror","decl":{"start":{"line":52,"column":26},"end":{"line":58,"column":5}},"loc":{"start":{"line":52,"column":26},"end":{"line":58,"column":5}},"line":52},"4":{"name":"ManifoldCsgEngine.worker.onmessageerror","decl":{"start":{"line":60,"column":33},"end":{"line":62,"column":5}},"loc":{"start":{"line":60,"column":33},"end":{"line":62,"column":5}},"line":60},"5":{"name":"send","decl":{"start":{"line":65,"column":10},"end":{"line":74,"column":3}},"loc":{"start":{"line":65,"column":10},"end":{"line":74,"column":3}},"line":65},"6":{"name":"deserializeGeo","decl":{"start":{"line":76,"column":10},"end":{"line":100,"column":3}},"loc":{"start":{"line":76,"column":10},"end":{"line":100,"column":3}},"line":76},"7":{"name":"createWorkpiece","decl":{"start":{"line":102,"column":2},"end":{"line":109,"column":3}},"loc":{"start":{"line":102,"column":2},"end":{"line":109,"column":3}},"line":102},"8":{"name":"subtract","decl":{"start":{"line":111,"column":2},"end":{"line":113,"column":3}},"loc":{"start":{"line":111,"column":2},"end":{"line":113,"column":3}},"line":111},"9":{"name":"subtractBatch","decl":{"start":{"line":115,"column":2},"end":{"line":117,"column":3}},"loc":{"start":{"line":115,"column":2},"end":{"line":117,"column":3}},"line":115},"10":{"name":"subtractBatchAsync","decl":{"start":{"line":119,"column":2},"end":{"line":142,"column":3}},"loc":{"start":{"line":119,"column":2},"end":{"line":142,"column":3}},"line":119},"11":{"name":"dispose","decl":{"start":{"line":144,"column":2},"end":{"line":146,"column":3}},"loc":{"start":{"line":144,"column":2},"end":{"line":146,"column":3}},"line":144},"12":{"name":"terminate","decl":{"start":{"line":148,"column":2},"end":{"line":150,"column":3}},"loc":{"start":{"line":148,"column":2},"end":{"line":150,"column":3}},"line":148}},"f":{"0":23,"1":23,"2":2,"3":1,"4":0,"5":5,"6":1,"7":19,"8":1,"9":1,"10":7,"11":1,"12":5}}
,"D:\\Prywatne\\Projekty\\gcode2\\src\\editor\\gcodeLanguage.ts": {"path":"D:\\Prywatne\\Projekty\\gcode2\\src\\editor\\gcodeLanguage.ts","all":true,"statementMap":{"14":{"start":{"line":15,"column":0},"end":{"line":15,"column":72}},"15":{"start":{"line":16,"column":0},"end":{"line":16,"column":39}},"21":{"start":{"line":22,"column":0},"end":{"line":22,"column":53}},"22":{"start":{"line":23,"column":0},"end":{"line":23,"column":28}},"23":{"start":{"line":24,"column":0},"end":{"line":24,"column":36}},"24":{"start":{"line":25,"column":0},"end":{"line":25,"column":4}},"26":{"start":{"line":27,"column":0},"end":{"line":27,"column":39}},"28":{"start":{"line":29,"column":0},"end":{"line":29,"column":31}},"29":{"start":{"line":30,"column":0},"end":{"line":30,"column":31}},"30":{"start":{"line":31,"column":0},"end":{"line":31,"column":21}},"31":{"start":{"line":32,"column":0},"end":{"line":32,"column":36}},"32":{"start":{"line":33,"column":0},"end":{"line":33,"column":14}},"33":{"start":{"line":34,"column":0},"end":{"line":34,"column":26}},"34":{"start":{"line":35,"column":0},"end":{"line":35,"column":7}},"35":{"start":{"line":36,"column":0},"end":{"line":36,"column":22}},"36":{"start":{"line":37,"column":0},"end":{"line":37,"column":5}},"39":{"start":{"line":40,"column":0},"end":{"line":40,"column":38}},"42":{"start":{"line":43,"column":0},"end":{"line":43,"column":28}},"43":{"start":{"line":44,"column":0},"end":{"line":44,"column":24}},"44":{"start":{"line":45,"column":0},"end":{"line":45,"column":22}},"45":{"start":{"line":46,"column":0},"end":{"line":46,"column":5}},"48":{"start":{"line":49,"column":0},"end":{"line":49,"column":28}},"49":{"start":{"line":50,"column":0},"end":{"line":50,"column":31}},"50":{"start":{"line":51,"column":0},"end":{"line":51,"column":21}},"51":{"start":{"line":52,"column":0},"end":{"line":52,"column":14}},"52":{"start":{"line":53,"column":0},"end":{"line":53,"column":35}},"53":{"start":{"line":54,"column":0},"end":{"line":54,"column":26}},"54":{"start":{"line":55,"column":0},"end":{"line":55,"column":7}},"55":{"start":{"line":56,"column":0},"end":{"line":56,"column":22}},"56":{"start":{"line":57,"column":0},"end":{"line":57,"column":5}},"59":{"start":{"line":60,"column":0},"end":{"line":60,"column":28}},"60":{"start":{"line":61,"column":0},"end":{"line":61,"column":24}},"61":{"start":{"line":62,"column":0},"end":{"line":62,"column":19}},"62":{"start":{"line":63,"column":0},"end":{"line":63,"column":5}},"65":{"start":{"line":66,"column":0},"end":{"line":66,"column":43}},"66":{"start":{"line":67,"column":0},"end":{"line":67,"column":22}},"67":{"start":{"line":68,"column":0},"end":{"line":68,"column":5}},"70":{"start":{"line":71,"column":0},"end":{"line":71,"column":35}},"71":{"start":{"line":72,"column":0},"end":{"line":72,"column":19}},"72":{"start":{"line":73,"column":0},"end":{"line":73,"column":5}},"75":{"start":{"line":76,"column":0},"end":{"line":76,"column":35}},"76":{"start":{"line":77,"column":0},"end":{"line":77,"column":23}},"77":{"start":{"line":78,"column":0},"end":{"line":78,"column":5}},"80":{"start":{"line":81,"column":0},"end":{"line":81,"column":35}},"81":{"start":{"line":82,"column":0},"end":{"line":82,"column":26}},"82":{"start":{"line":83,"column":0},"end":{"line":83,"column":5}},"85":{"start":{"line":86,"column":0},"end":{"line":86,"column":47}},"86":{"start":{"line":87,"column":0},"end":{"line":87,"column":21}},"87":{"start":{"line":88,"column":0},"end":{"line":88,"column":5}},"90":{"start":{"line":91,"column":0},"end":{"line":91,"column":57}},"91":{"start":{"line":92,"column":0},"end":{"line":92,"column":27}},"92":{"start":{"line":93,"column":0},"end":{"line":93,"column":5}},"95":{"start":{"line":96,"column":0},"end":{"line":96,"column":41}},"96":{"start":{"line":97,"column":0},"end":{"line":97,"column":21}},"97":{"start":{"line":98,"column":0},"end":{"line":98,"column":5}},"100":{"start":{"line":101,"column":0},"end":{"line":101,"column":17}},"101":{"start":{"line":102,"column":0},"end":{"line":102,"column":15}},"102":{"start":{"line":103,"column":0},"end":{"line":103,"column":4}},"104":{"start":{"line":105,"column":0},"end":{"line":105,"column":17}},"105":{"start":{"line":106,"column":0},"end":{"line":106,"column":67}},"106":{"start":{"line":107,"column":0},"end":{"line":107,"column":4}},"107":{"start":{"line":108,"column":0},"end":{"line":108,"column":1}},"110":{"start":{"line":111,"column":0},"end":{"line":111,"column":69}},"113":{"start":{"line":114,"column":0},"end":{"line":114,"column":35}},"114":{"start":{"line":115,"column":0},"end":{"line":115,"column":41}},"115":{"start":{"line":116,"column":0},"end":{"line":116,"column":41}},"116":{"start":{"line":117,"column":0},"end":{"line":117,"column":41}},"117":{"start":{"line":118,"column":0},"end":{"line":118,"column":44}},"118":{"start":{"line":119,"column":0},"end":{"line":119,"column":50}},"119":{"start":{"line":120,"column":0},"end":{"line":120,"column":42}},"120":{"start":{"line":121,"column":0},"end":{"line":121,"column":43}},"121":{"start":{"line":122,"column":0},"end":{"line":122,"column":46}},"122":{"start":{"line":123,"column":0},"end":{"line":123,"column":1}}},"s":{"14":0,"15":0,"21":0,"22":0,"23":0,"24":0,"26":0,"28":0,"29":0,"30":0,"31":0,"32":0,"33":0,"34":0,"35":0,"36":0,"39":0,"42":0,"43":0,"44":0,"45":0,"48":0,"49":0,"50":0,"51":0,"52":0,"53":0,"54":0,"55":0,"56":0,"59":0,"60":0,"61":0,"62":0,"65":0,"66":0,"67":0,"70":0,"71":0,"72":0,"75":0,"76":0,"77":0,"80":0,"81":0,"82":0,"85":0,"86":0,"87":0,"90":0,"91":0,"92":0,"95":0,"96":0,"97":0,"100":0,"101":0,"102":0,"104":0,"105":0,"106":0,"107":0,"110":0,"113":0,"114":0,"115":0,"116":0,"117":0,"118":0,"119":0,"120":0,"121":0,"122":0},"branchMap":{"0":{"type":"branch","line":1,"loc":{"start":{"line":1,"column":2949},"end":{"line":123,"column":1}},"locations":[{"start":{"line":1,"column":2949},"end":{"line":123,"column":1}}]}},"b":{"0":[1]},"fnMap":{"0":{"name":"(empty-report)","decl":{"start":{"line":1,"column":2949},"end":{"line":123,"column":1}},"loc":{"start":{"line":1,"column":2949},"end":{"line":123,"column":1}},"line":1}},"f":{"0":1}}
,"D:\\Prywatne\\Projekty\\gcode2\\src\\parser\\handlers.ts": {"path":"D:\\Prywatne\\Projekty\\gcode2\\src\\parser\\handlers.ts","all":false,"statementMap":{"28":{"start":{"line":29,"column":0},"end":{"line":29,"column":79}},"29":{"start":{"line":30,"column":0},"end":{"line":30,"column":55}},"30":{"start":{"line":31,"column":0},"end":{"line":31,"column":17}},"31":{"start":{"line":32,"column":0},"end":{"line":32,"column":1}},"33":{"start":{"line":34,"column":0},"end":{"line":34,"column":23}},"34":{"start":{"line":35,"column":0},"end":{"line":35,"column":26}},"35":{"start":{"line":36,"column":0},"end":{"line":36,"column":22}},"36":{"start":{"line":37,"column":0},"end":{"line":37,"column":14}},"37":{"start":{"line":38,"column":0},"end":{"line":38,"column":14}},"38":{"start":{"line":39,"column":0},"end":{"line":39,"column":14}},"39":{"start":{"line":40,"column":0},"end":{"line":40,"column":21}},"40":{"start":{"line":41,"column":0},"end":{"line":41,"column":20}},"41":{"start":{"line":42,"column":0},"end":{"line":42,"column":14}},"42":{"start":{"line":43,"column":0},"end":{"line":43,"column":10}},"43":{"start":{"line":44,"column":0},"end":{"line":44,"column":9}},"44":{"start":{"line":45,"column":0},"end":{"line":45,"column":19}},"45":{"start":{"line":46,"column":0},"end":{"line":46,"column":19}},"46":{"start":{"line":47,"column":0},"end":{"line":47,"column":19}},"47":{"start":{"line":48,"column":0},"end":{"line":48,"column":8}},"48":{"start":{"line":49,"column":0},"end":{"line":49,"column":8}},"49":{"start":{"line":50,"column":0},"end":{"line":50,"column":8}},"50":{"start":{"line":51,"column":0},"end":{"line":51,"column":41}},"51":{"start":{"line":52,"column":0},"end":{"line":52,"column":33}},"52":{"start":{"line":53,"column":0},"end":{"line":53,"column":37}},"53":{"start":{"line":54,"column":0},"end":{"line":54,"column":37}},"54":{"start":{"line":55,"column":0},"end":{"line":55,"column":15}},"55":{"start":{"line":56,"column":0},"end":{"line":56,"column":3}},"56":{"start":{"line":57,"column":0},"end":{"line":57,"column":1}},"60":{"start":{"line":61,"column":0},"end":{"line":61,"column":22}},"61":{"start":{"line":62,"column":0},"end":{"line":62,"column":19}},"62":{"start":{"line":63,"column":0},"end":{"line":63,"column":26}},"63":{"start":{"line":64,"column":0},"end":{"line":64,"column":24}},"64":{"start":{"line":65,"column":0},"end":{"line":65,"column":22}},"65":{"start":{"line":66,"column":0},"end":{"line":66,"column":21}},"66":{"start":{"line":67,"column":0},"end":{"line":67,"column":18}},"67":{"start":{"line":68,"column":0},"end":{"line":68,"column":40}},"68":{"start":{"line":69,"column":0},"end":{"line":69,"column":40}},"70":{"start":{"line":71,"column":0},"end":{"line":71,"column":43}},"72":{"start":{"line":73,"column":0},"end":{"line":73,"column":40}},"74":{"start":{"line":75,"column":0},"end":{"line":75,"column":49}},"75":{"start":{"line":76,"column":0},"end":{"line":76,"column":49}},"76":{"start":{"line":77,"column":0},"end":{"line":77,"column":49}},"77":{"start":{"line":78,"column":0},"end":{"line":78,"column":10}},"79":{"start":{"line":80,"column":0},"end":{"line":80,"column":43}},"80":{"start":{"line":81,"column":0},"end":{"line":81,"column":43}},"81":{"start":{"line":82,"column":0},"end":{"line":82,"column":43}},"82":{"start":{"line":83,"column":0},"end":{"line":83,"column":3}},"84":{"start":{"line":85,"column":0},"end":{"line":85,"column":35}},"85":{"start":{"line":86,"column":0},"end":{"line":86,"column":13}},"86":{"start":{"line":87,"column":0},"end":{"line":87,"column":21}},"87":{"start":{"line":88,"column":0},"end":{"line":88,"column":11}},"88":{"start":{"line":89,"column":0},"end":{"line":89,"column":11}},"89":{"start":{"line":90,"column":0},"end":{"line":90,"column":11}},"90":{"start":{"line":91,"column":0},"end":{"line":91,"column":19}},"91":{"start":{"line":92,"column":0},"end":{"line":92,"column":3}},"94":{"start":{"line":95,"column":0},"end":{"line":95,"column":62}},"95":{"start":{"line":96,"column":0},"end":{"line":96,"column":40}},"96":{"start":{"line":97,"column":0},"end":{"line":97,"column":3}},"98":{"start":{"line":99,"column":0},"end":{"line":99,"column":72}},"99":{"start":{"line":100,"column":0},"end":{"line":100,"column":40}},"100":{"start":{"line":101,"column":0},"end":{"line":101,"column":1}},"104":{"start":{"line":105,"column":0},"end":{"line":105,"column":19}},"105":{"start":{"line":106,"column":0},"end":{"line":106,"column":19}},"106":{"start":{"line":107,"column":0},"end":{"line":107,"column":29}},"107":{"start":{"line":108,"column":0},"end":{"line":108,"column":24}},"108":{"start":{"line":109,"column":0},"end":{"line":109,"column":22}},"109":{"start":{"line":110,"column":0},"end":{"line":110,"column":21}},"110":{"start":{"line":111,"column":0},"end":{"line":111,"column":18}},"111":{"start":{"line":112,"column":0},"end":{"line":112,"column":40}},"112":{"start":{"line":113,"column":0},"end":{"line":113,"column":40}},"114":{"start":{"line":115,"column":0},"end":{"line":115,"column":34}},"115":{"start":{"line":116,"column":0},"end":{"line":116,"column":34}},"116":{"start":{"line":117,"column":0},"end":{"line":117,"column":34}},"118":{"start":{"line":119,"column":0},"end":{"line":119,"column":43}},"120":{"start":{"line":121,"column":0},"end":{"line":121,"column":40}},"121":{"start":{"line":122,"column":0},"end":{"line":122,"column":49}},"122":{"start":{"line":123,"column":0},"end":{"line":123,"column":49}},"123":{"start":{"line":124,"column":0},"end":{"line":124,"column":49}},"124":{"start":{"line":125,"column":0},"end":{"line":125,"column":10}},"125":{"start":{"line":126,"column":0},"end":{"line":126,"column":43}},"126":{"start":{"line":127,"column":0},"end":{"line":127,"column":43}},"127":{"start":{"line":128,"column":0},"end":{"line":128,"column":43}},"128":{"start":{"line":129,"column":0},"end":{"line":129,"column":3}},"130":{"start":{"line":131,"column":0},"end":{"line":131,"column":35}},"131":{"start":{"line":132,"column":0},"end":{"line":132,"column":13}},"132":{"start":{"line":133,"column":0},"end":{"line":133,"column":21}},"133":{"start":{"line":134,"column":0},"end":{"line":134,"column":11}},"134":{"start":{"line":135,"column":0},"end":{"line":135,"column":11}},"135":{"start":{"line":136,"column":0},"end":{"line":136,"column":11}},"136":{"start":{"line":137,"column":0},"end":{"line":137,"column":19}},"137":{"start":{"line":138,"column":0},"end":{"line":138,"column":3}},"139":{"start":{"line":140,"column":0},"end":{"line":140,"column":25}},"140":{"start":{"line":141,"column":0},"end":{"line":141,"column":9}},"141":{"start":{"line":142,"column":0},"end":{"line":142,"column":19}},"142":{"start":{"line":143,"column":0},"end":{"line":143,"column":19}},"143":{"start":{"line":144,"column":0},"end":{"line":144,"column":19}},"144":{"start":{"line":145,"column":0},"end":{"line":145,"column":8}},"145":{"start":{"line":146,"column":0},"end":{"line":146,"column":8}},"146":{"start":{"line":147,"column":0},"end":{"line":147,"column":8}},"147":{"start":{"line":148,"column":0},"end":{"line":148,"column":19}},"148":{"start":{"line":149,"column":0},"end":{"line":149,"column":33}},"149":{"start":{"line":150,"column":0},"end":{"line":150,"column":37}},"150":{"start":{"line":151,"column":0},"end":{"line":151,"column":37}},"151":{"start":{"line":152,"column":0},"end":{"line":152,"column":15}},"152":{"start":{"line":153,"column":0},"end":{"line":153,"column":3}},"155":{"start":{"line":156,"column":0},"end":{"line":156,"column":43}},"156":{"start":{"line":157,"column":0},"end":{"line":157,"column":23}},"157":{"start":{"line":158,"column":0},"end":{"line":158,"column":23}},"158":{"start":{"line":159,"column":0},"end":{"line":159,"column":31}},"159":{"start":{"line":160,"column":0},"end":{"line":160,"column":17}},"160":{"start":{"line":161,"column":0},"end":{"line":161,"column":3}},"162":{"start":{"line":163,"column":0},"end":{"line":163,"column":40}},"163":{"start":{"line":164,"column":0},"end":{"line":164,"column":1}},"167":{"start":{"line":168,"column":0},"end":{"line":168,"column":29}},"168":{"start":{"line":169,"column":0},"end":{"line":169,"column":40}},"169":{"start":{"line":170,"column":0},"end":{"line":170,"column":24}},"170":{"start":{"line":171,"column":0},"end":{"line":171,"column":22}},"171":{"start":{"line":172,"column":0},"end":{"line":172,"column":21}},"172":{"start":{"line":173,"column":0},"end":{"line":173,"column":18}},"173":{"start":{"line":174,"column":0},"end":{"line":174,"column":45}},"174":{"start":{"line":175,"column":0},"end":{"line":175,"column":45}},"175":{"start":{"line":176,"column":0},"end":{"line":176,"column":34}},"176":{"start":{"line":177,"column":0},"end":{"line":177,"column":34}},"177":{"start":{"line":178,"column":0},"end":{"line":178,"column":52}},"178":{"start":{"line":179,"column":0},"end":{"line":179,"column":34}},"179":{"start":{"line":180,"column":0},"end":{"line":180,"column":34}},"181":{"start":{"line":182,"column":0},"end":{"line":182,"column":66}},"182":{"start":{"line":183,"column":0},"end":{"line":183,"column":66}},"184":{"start":{"line":185,"column":0},"end":{"line":185,"column":37}},"185":{"start":{"line":186,"column":0},"end":{"line":186,"column":20}},"186":{"start":{"line":187,"column":0},"end":{"line":187,"column":11}},"187":{"start":{"line":188,"column":0},"end":{"line":188,"column":11}},"188":{"start":{"line":189,"column":0},"end":{"line":189,"column":16}},"189":{"start":{"line":190,"column":0},"end":{"line":190,"column":43}},"190":{"start":{"line":191,"column":0},"end":{"line":191,"column":45}},"191":{"start":{"line":192,"column":0},"end":{"line":192,"column":3}},"193":{"start":{"line":194,"column":0},"end":{"line":194,"column":35}},"194":{"start":{"line":195,"column":0},"end":{"line":195,"column":13}},"195":{"start":{"line":196,"column":0},"end":{"line":196,"column":6}},"196":{"start":{"line":197,"column":0},"end":{"line":197,"column":6}},"197":{"start":{"line":198,"column":0},"end":{"line":198,"column":14}},"198":{"start":{"line":199,"column":0},"end":{"line":199,"column":16}},"199":{"start":{"line":200,"column":0},"end":{"line":200,"column":31}},"200":{"start":{"line":201,"column":0},"end":{"line":201,"column":3}},"203":{"start":{"line":204,"column":0},"end":{"line":204,"column":25}},"204":{"start":{"line":205,"column":0},"end":{"line":205,"column":19}},"205":{"start":{"line":206,"column":0},"end":{"line":206,"column":13}},"206":{"start":{"line":207,"column":0},"end":{"line":207,"column":13}},"207":{"start":{"line":208,"column":0},"end":{"line":208,"column":18}},"208":{"start":{"line":209,"column":0},"end":{"line":209,"column":11}},"209":{"start":{"line":210,"column":0},"end":{"line":210,"column":11}},"210":{"start":{"line":211,"column":0},"end":{"line":211,"column":16}},"211":{"start":{"line":212,"column":0},"end":{"line":212,"column":16}},"212":{"start":{"line":213,"column":0},"end":{"line":213,"column":33}},"213":{"start":{"line":214,"column":0},"end":{"line":214,"column":37}},"214":{"start":{"line":215,"column":0},"end":{"line":215,"column":37}},"215":{"start":{"line":216,"column":0},"end":{"line":216,"column":15}},"216":{"start":{"line":217,"column":0},"end":{"line":217,"column":3}},"218":{"start":{"line":219,"column":0},"end":{"line":219,"column":40}},"219":{"start":{"line":220,"column":0},"end":{"line":220,"column":1}},"223":{"start":{"line":224,"column":0},"end":{"line":224,"column":55}},"224":{"start":{"line":225,"column":0},"end":{"line":225,"column":55}},"227":{"start":{"line":228,"column":0},"end":{"line":228,"column":43}},"228":{"start":{"line":229,"column":0},"end":{"line":229,"column":49}},"229":{"start":{"line":230,"column":0},"end":{"line":230,"column":1}},"232":{"start":{"line":233,"column":0},"end":{"line":233,"column":43}},"233":{"start":{"line":234,"column":0},"end":{"line":234,"column":50}},"234":{"start":{"line":235,"column":0},"end":{"line":235,"column":1}},"237":{"start":{"line":238,"column":0},"end":{"line":238,"column":43}},"238":{"start":{"line":239,"column":0},"end":{"line":239,"column":47}},"239":{"start":{"line":240,"column":0},"end":{"line":240,"column":1}},"242":{"start":{"line":243,"column":0},"end":{"line":243,"column":43}},"243":{"start":{"line":244,"column":0},"end":{"line":244,"column":48}},"244":{"start":{"line":245,"column":0},"end":{"line":245,"column":1}},"247":{"start":{"line":248,"column":0},"end":{"line":248,"column":44}},"248":{"start":{"line":249,"column":0},"end":{"line":249,"column":17}},"249":{"start":{"line":250,"column":0},"end":{"line":250,"column":19}},"250":{"start":{"line":251,"column":0},"end":{"line":251,"column":3}},"253":{"start":{"line":254,"column":0},"end":{"line":254,"column":44}},"254":{"start":{"line":255,"column":0},"end":{"line":255,"column":17}},"255":{"start":{"line":256,"column":0},"end":{"line":256,"column":19}},"256":{"start":{"line":257,"column":0},"end":{"line":257,"column":3}},"259":{"start":{"line":260,"column":0},"end":{"line":260,"column":44}},"260":{"start":{"line":261,"column":0},"end":{"line":261,"column":17}},"261":{"start":{"line":262,"column":0},"end":{"line":262,"column":19}},"262":{"start":{"line":263,"column":0},"end":{"line":263,"column":3}},"265":{"start":{"line":266,"column":0},"end":{"line":266,"column":44}},"266":{"start":{"line":267,"column":0},"end":{"line":267,"column":17}},"267":{"start":{"line":268,"column":0},"end":{"line":268,"column":50}},"268":{"start":{"line":269,"column":0},"end":{"line":269,"column":3}},"271":{"start":{"line":272,"column":0},"end":{"line":272,"column":44}},"272":{"start":{"line":273,"column":0},"end":{"line":273,"column":17}},"273":{"start":{"line":274,"column":0},"end":{"line":274,"column":58}},"274":{"start":{"line":275,"column":0},"end":{"line":275,"column":3}},"277":{"start":{"line":278,"column":0},"end":{"line":278,"column":44}},"278":{"start":{"line":279,"column":0},"end":{"line":279,"column":48}},"279":{"start":{"line":280,"column":0},"end":{"line":280,"column":1}},"282":{"start":{"line":283,"column":0},"end":{"line":283,"column":44}},"283":{"start":{"line":284,"column":0},"end":{"line":284,"column":48}},"284":{"start":{"line":285,"column":0},"end":{"line":285,"column":1}},"287":{"start":{"line":288,"column":0},"end":{"line":288,"column":44}},"288":{"start":{"line":289,"column":0},"end":{"line":289,"column":48}},"289":{"start":{"line":290,"column":0},"end":{"line":290,"column":1}},"292":{"start":{"line":293,"column":0},"end":{"line":293,"column":44}},"293":{"start":{"line":294,"column":0},"end":{"line":294,"column":17}},"294":{"start":{"line":295,"column":0},"end":{"line":295,"column":50}},"295":{"start":{"line":296,"column":0},"end":{"line":296,"column":3}},"298":{"start":{"line":299,"column":0},"end":{"line":299,"column":45}},"299":{"start":{"line":300,"column":0},"end":{"line":300,"column":60}},"300":{"start":{"line":301,"column":0},"end":{"line":301,"column":35}},"301":{"start":{"line":302,"column":0},"end":{"line":302,"column":13}},"302":{"start":{"line":303,"column":0},"end":{"line":303,"column":23}},"303":{"start":{"line":304,"column":0},"end":{"line":304,"column":24}},"304":{"start":{"line":305,"column":0},"end":{"line":305,"column":3}},"305":{"start":{"line":306,"column":0},"end":{"line":306,"column":25}},"306":{"start":{"line":307,"column":0},"end":{"line":307,"column":20}},"307":{"start":{"line":308,"column":0},"end":{"line":308,"column":19}},"308":{"start":{"line":309,"column":0},"end":{"line":309,"column":19}},"309":{"start":{"line":310,"column":0},"end":{"line":310,"column":19}},"310":{"start":{"line":311,"column":0},"end":{"line":311,"column":17}},"311":{"start":{"line":312,"column":0},"end":{"line":312,"column":17}},"312":{"start":{"line":313,"column":0},"end":{"line":313,"column":17}},"313":{"start":{"line":314,"column":0},"end":{"line":314,"column":29}},"314":{"start":{"line":315,"column":0},"end":{"line":315,"column":33}},"315":{"start":{"line":316,"column":0},"end":{"line":316,"column":23}},"316":{"start":{"line":317,"column":0},"end":{"line":317,"column":24}},"317":{"start":{"line":318,"column":0},"end":{"line":318,"column":19}},"318":{"start":{"line":319,"column":0},"end":{"line":319,"column":3}},"319":{"start":{"line":320,"column":0},"end":{"line":320,"column":40}},"320":{"start":{"line":321,"column":0},"end":{"line":321,"column":2}},"323":{"start":{"line":324,"column":0},"end":{"line":324,"column":45}},"324":{"start":{"line":325,"column":0},"end":{"line":325,"column":60}},"325":{"start":{"line":326,"column":0},"end":{"line":326,"column":35}},"326":{"start":{"line":327,"column":0},"end":{"line":327,"column":13}},"327":{"start":{"line":328,"column":0},"end":{"line":328,"column":24}},"328":{"start":{"line":329,"column":0},"end":{"line":329,"column":24}},"329":{"start":{"line":330,"column":0},"end":{"line":330,"column":3}},"330":{"start":{"line":331,"column":0},"end":{"line":331,"column":25}},"331":{"start":{"line":332,"column":0},"end":{"line":332,"column":20}},"332":{"start":{"line":333,"column":0},"end":{"line":333,"column":19}},"333":{"start":{"line":334,"column":0},"end":{"line":334,"column":19}},"334":{"start":{"line":335,"column":0},"end":{"line":335,"column":19}},"335":{"start":{"line":336,"column":0},"end":{"line":336,"column":17}},"336":{"start":{"line":337,"column":0},"end":{"line":337,"column":17}},"337":{"start":{"line":338,"column":0},"end":{"line":338,"column":17}},"338":{"start":{"line":339,"column":0},"end":{"line":339,"column":29}},"339":{"start":{"line":340,"column":0},"end":{"line":340,"column":33}},"340":{"start":{"line":341,"column":0},"end":{"line":341,"column":24}},"341":{"start":{"line":342,"column":0},"end":{"line":342,"column":24}},"342":{"start":{"line":343,"column":0},"end":{"line":343,"column":19}},"343":{"start":{"line":344,"column":0},"end":{"line":344,"column":3}},"344":{"start":{"line":345,"column":0},"end":{"line":345,"column":40}},"345":{"start":{"line":346,"column":0},"end":{"line":346,"column":2}},"348":{"start":{"line":349,"column":0},"end":{"line":349,"column":46}},"349":{"start":{"line":350,"column":0},"end":{"line":350,"column":25}},"350":{"start":{"line":351,"column":0},"end":{"line":351,"column":20}},"351":{"start":{"line":352,"column":0},"end":{"line":352,"column":19}},"352":{"start":{"line":353,"column":0},"end":{"line":353,"column":19}},"353":{"start":{"line":354,"column":0},"end":{"line":354,"column":19}},"354":{"start":{"line":355,"column":0},"end":{"line":355,"column":17}},"355":{"start":{"line":356,"column":0},"end":{"line":356,"column":17}},"356":{"start":{"line":357,"column":0},"end":{"line":357,"column":17}},"357":{"start":{"line":358,"column":0},"end":{"line":358,"column":29}},"358":{"start":{"line":359,"column":0},"end":{"line":359,"column":33}},"359":{"start":{"line":360,"column":0},"end":{"line":360,"column":24}},"360":{"start":{"line":361,"column":0},"end":{"line":361,"column":37}},"361":{"start":{"line":362,"column":0},"end":{"line":362,"column":19}},"362":{"start":{"line":363,"column":0},"end":{"line":363,"column":3}},"363":{"start":{"line":364,"column":0},"end":{"line":364,"column":75}},"364":{"start":{"line":365,"column":0},"end":{"line":365,"column":2}},"367":{"start":{"line":368,"column":0},"end":{"line":368,"column":46}},"368":{"start":{"line":369,"column":0},"end":{"line":369,"column":25}},"369":{"start":{"line":370,"column":0},"end":{"line":370,"column":24}},"370":{"start":{"line":371,"column":0},"end":{"line":371,"column":19}},"371":{"start":{"line":372,"column":0},"end":{"line":372,"column":19}},"372":{"start":{"line":373,"column":0},"end":{"line":373,"column":19}},"373":{"start":{"line":374,"column":0},"end":{"line":374,"column":17}},"374":{"start":{"line":375,"column":0},"end":{"line":375,"column":17}},"375":{"start":{"line":376,"column":0},"end":{"line":376,"column":17}},"376":{"start":{"line":377,"column":0},"end":{"line":377,"column":29}},"377":{"start":{"line":378,"column":0},"end":{"line":378,"column":33}},"378":{"start":{"line":379,"column":0},"end":{"line":379,"column":37}},"379":{"start":{"line":380,"column":0},"end":{"line":380,"column":37}},"380":{"start":{"line":381,"column":0},"end":{"line":381,"column":19}},"381":{"start":{"line":382,"column":0},"end":{"line":382,"column":3}},"382":{"start":{"line":383,"column":0},"end":{"line":383,"column":47}},"383":{"start":{"line":384,"column":0},"end":{"line":384,"column":2}},"386":{"start":{"line":387,"column":0},"end":{"line":387,"column":47}},"387":{"start":{"line":388,"column":0},"end":{"line":388,"column":25}},"388":{"start":{"line":389,"column":0},"end":{"line":389,"column":24}},"389":{"start":{"line":390,"column":0},"end":{"line":390,"column":19}},"390":{"start":{"line":391,"column":0},"end":{"line":391,"column":19}},"391":{"start":{"line":392,"column":0},"end":{"line":392,"column":19}},"392":{"start":{"line":393,"column":0},"end":{"line":393,"column":17}},"393":{"start":{"line":394,"column":0},"end":{"line":394,"column":17}},"394":{"start":{"line":395,"column":0},"end":{"line":395,"column":17}},"395":{"start":{"line":396,"column":0},"end":{"line":396,"column":29}},"396":{"start":{"line":397,"column":0},"end":{"line":397,"column":33}},"397":{"start":{"line":398,"column":0},"end":{"line":398,"column":37}},"398":{"start":{"line":399,"column":0},"end":{"line":399,"column":37}},"399":{"start":{"line":400,"column":0},"end":{"line":400,"column":19}},"400":{"start":{"line":401,"column":0},"end":{"line":401,"column":3}},"401":{"start":{"line":402,"column":0},"end":{"line":402,"column":10}},"402":{"start":{"line":403,"column":0},"end":{"line":403,"column":21}},"403":{"start":{"line":404,"column":0},"end":{"line":404,"column":49}},"404":{"start":{"line":405,"column":0},"end":{"line":405,"column":3}},"405":{"start":{"line":406,"column":0},"end":{"line":406,"column":2}}},"s":{"28":2656,"29":2656,"30":2656,"31":2656,"33":238,"34":238,"35":238,"36":238,"37":238,"38":238,"39":238,"40":238,"41":238,"42":238,"43":238,"44":238,"45":238,"46":238,"47":238,"48":238,"49":238,"50":238,"51":238,"52":238,"53":238,"54":238,"55":238,"56":238,"60":240,"61":240,"62":240,"63":240,"64":240,"65":240,"66":240,"67":240,"68":240,"70":240,"72":240,"74":17,"75":17,"76":17,"77":240,"79":223,"80":223,"81":223,"82":223,"84":240,"85":240,"86":240,"87":240,"88":240,"89":240,"90":240,"91":240,"94":240,"95":2,"96":2,"98":238,"99":238,"100":238,"104":13,"105":13,"106":13,"107":13,"108":13,"109":13,"110":13,"111":13,"112":13,"114":13,"115":13,"116":13,"118":13,"120":13,"121":0,"122":0,"123":0,"124":13,"125":13,"126":13,"127":13,"128":13,"130":13,"131":13,"132":13,"133":13,"134":13,"135":13,"136":13,"137":13,"139":13,"140":13,"141":13,"142":13,"143":13,"144":13,"145":13,"146":13,"147":13,"148":13,"149":13,"150":13,"151":13,"152":13,"155":13,"156":12,"157":12,"158":13,"159":1,"160":1,"162":13,"163":13,"167":18,"168":18,"169":18,"170":18,"171":18,"172":18,"173":18,"174":18,"175":18,"176":18,"177":18,"178":18,"179":18,"181":18,"182":18,"184":18,"185":18,"186":18,"187":18,"188":18,"189":18,"190":18,"191":18,"193":18,"194":18,"195":18,"196":18,"197":18,"198":18,"199":18,"200":18,"203":18,"204":18,"205":18,"206":18,"207":18,"208":18,"209":18,"210":18,"211":18,"212":18,"213":18,"214":18,"215":18,"216":18,"218":18,"219":18,"223":1,"224":1,"227":1,"228":65,"229":1,"232":1,"233":175,"234":1,"237":1,"238":11,"239":1,"242":1,"243":2,"244":1,"247":1,"248":5,"249":5,"250":1,"253":1,"254":0,"255":0,"256":1,"259":1,"260":5,"261":5,"262":1,"265":1,"266":44,"267":44,"268":1,"271":1,"272":3,"273":3,"274":1,"277":1,"278":11,"279":1,"282":1,"283":2,"284":1,"287":1,"288":5,"289":1,"292":1,"293":3,"294":3,"295":1,"298":1,"299":46,"300":46,"301":46,"302":46,"303":46,"304":46,"305":46,"306":46,"307":46,"308":46,"309":46,"310":46,"311":46,"312":46,"313":46,"314":46,"315":46,"316":46,"317":46,"318":46,"319":46,"320":46,"323":1,"324":2,"325":2,"326":2,"327":2,"328":2,"329":2,"330":2,"331":2,"332":2,"333":2,"334":2,"335":2,"336":2,"337":2,"338":2,"339":2,"340":2,"341":2,"342":2,"343":2,"344":2,"345":2,"348":1,"349":32,"350":32,"351":32,"352":32,"353":32,"354":32,"355":32,"356":32,"357":32,"358":32,"359":32,"360":32,"361":32,"362":32,"363":32,"364":32,"367":1,"368":39,"369":39,"370":39,"371":39,"372":39,"373":39,"374":39,"375":39,"376":39,"377":39,"378":39,"379":39,"380":39,"381":39,"382":39,"383":39,"386":1,"387":34,"388":34,"389":34,"390":34,"391":34,"392":34,"393":34,"394":34,"395":34,"396":34,"397":34,"398":34,"399":34,"400":34,"401":34,"402":34,"403":34,"404":34,"405":34},"branchMap":{"0":{"type":"branch","line":29,"loc":{"start":{"line":29,"column":0},"end":{"line":32,"column":1}},"locations":[{"start":{"line":29,"column":0},"end":{"line":32,"column":1}}]},"1":{"type":"branch","line":31,"loc":{"start":{"line":31,"column":9},"end":{"line":31,"column":17}},"locations":[{"start":{"line":31,"column":9},"end":{"line":31,"column":17}}]},"2":{"type":"branch","line":30,"loc":{"start":{"line":30,"column":24},"end":{"line":30,"column":54}},"locations":[{"start":{"line":30,"column":24},"end":{"line":30,"column":54}}]},"3":{"type":"branch","line":34,"loc":{"start":{"line":34,"column":0},"end":{"line":57,"column":1}},"locations":[{"start":{"line":34,"column":0},"end":{"line":57,"column":1}}]},"4":{"type":"branch","line":51,"loc":{"start":{"line":51,"column":14},"end":{"line":51,"column":41}},"locations":[{"start":{"line":51,"column":14},"end":{"line":51,"column":41}}]},"5":{"type":"branch","line":61,"loc":{"start":{"line":61,"column":0},"end":{"line":101,"column":1}},"locations":[{"start":{"line":61,"column":0},"end":{"line":101,"column":1}}]},"6":{"type":"branch","line":69,"loc":{"start":{"line":69,"column":15},"end":{"line":69,"column":40}},"locations":[{"start":{"line":69,"column":15},"end":{"line":69,"column":40}}]},"7":{"type":"branch","line":73,"loc":{"start":{"line":73,"column":39},"end":{"line":78,"column":9}},"locations":[{"start":{"line":73,"column":39},"end":{"line":78,"column":9}}]},"8":{"type":"branch","line":75,"loc":{"start":{"line":75,"column":42},"end":{"line":75,"column":49}},"locations":[{"start":{"line":75,"column":42},"end":{"line":75,"column":49}}]},"9":{"type":"branch","line":76,"loc":{"start":{"line":76,"column":42},"end":{"line":76,"column":49}},"locations":[{"start":{"line":76,"column":42},"end":{"line":76,"column":49}}]},"10":{"type":"branch","line":77,"loc":{"start":{"line":77,"column":42},"end":{"line":77,"column":49}},"locations":[{"start":{"line":77,"column":42},"end":{"line":77,"column":49}}]},"11":{"type":"branch","line":78,"loc":{"start":{"line":78,"column":2},"end":{"line":83,"column":3}},"locations":[{"start":{"line":78,"column":2},"end":{"line":83,"column":3}}]},"12":{"type":"branch","line":80,"loc":{"start":{"line":80,"column":31},"end":{"line":80,"column":43}},"locations":[{"start":{"line":80,"column":31},"end":{"line":80,"column":43}}]},"13":{"type":"branch","line":81,"loc":{"start":{"line":81,"column":31},"end":{"line":81,"column":43}},"locations":[{"start":{"line":81,"column":31},"end":{"line":81,"column":43}}]},"14":{"type":"branch","line":82,"loc":{"start":{"line":82,"column":31},"end":{"line":82,"column":43}},"locations":[{"start":{"line":82,"column":31},"end":{"line":82,"column":43}}]},"15":{"type":"branch","line":95,"loc":{"start":{"line":95,"column":20},"end":{"line":95,"column":44}},"locations":[{"start":{"line":95,"column":20},"end":{"line":95,"column":44}}]},"16":{"type":"branch","line":95,"loc":{"start":{"line":95,"column":39},"end":{"line":95,"column":61}},"locations":[{"start":{"line":95,"column":39},"end":{"line":95,"column":61}}]},"17":{"type":"branch","line":95,"loc":{"start":{"line":95,"column":61},"end":{"line":97,"column":3}},"locations":[{"start":{"line":95,"column":61},"end":{"line":97,"column":3}}]},"18":{"type":"branch","line":97,"loc":{"start":{"line":97,"column":2},"end":{"line":101,"column":1}},"locations":[{"start":{"line":97,"column":2},"end":{"line":101,"column":1}}]},"19":{"type":"branch","line":105,"loc":{"start":{"line":105,"column":0},"end":{"line":164,"column":1}},"locations":[{"start":{"line":105,"column":0},"end":{"line":164,"column":1}}]},"20":{"type":"branch","line":113,"loc":{"start":{"line":113,"column":15},"end":{"line":113,"column":40}},"locations":[{"start":{"line":113,"column":15},"end":{"line":113,"column":40}}]},"21":{"type":"branch","line":121,"loc":{"start":{"line":121,"column":39},"end":{"line":125,"column":9}},"locations":[{"start":{"line":121,"column":39},"end":{"line":125,"column":9}}]},"22":{"type":"branch","line":126,"loc":{"start":{"line":126,"column":31},"end":{"line":126,"column":43}},"locations":[{"start":{"line":126,"column":31},"end":{"line":126,"column":43}}]},"23":{"type":"branch","line":127,"loc":{"start":{"line":127,"column":31},"end":{"line":127,"column":43}},"locations":[{"start":{"line":127,"column":31},"end":{"line":127,"column":43}}]},"24":{"type":"branch","line":156,"loc":{"start":{"line":156,"column":12},"end":{"line":156,"column":42}},"locations":[{"start":{"line":156,"column":12},"end":{"line":156,"column":42}}]},"25":{"type":"branch","line":156,"loc":{"start":{"line":156,"column":42},"end":{"line":159,"column":13}},"locations":[{"start":{"line":156,"column":42},"end":{"line":159,"column":13}}]},"26":{"type":"branch","line":157,"loc":{"start":{"line":157,"column":17},"end":{"line":157,"column":23}},"locations":[{"start":{"line":157,"column":17},"end":{"line":157,"column":23}}]},"27":{"type":"branch","line":158,"loc":{"start":{"line":158,"column":17},"end":{"line":158,"column":23}},"locations":[{"start":{"line":158,"column":17},"end":{"line":158,"column":23}}]},"28":{"type":"branch","line":159,"loc":{"start":{"line":159,"column":2},"end":{"line":161,"column":3}},"locations":[{"start":{"line":159,"column":2},"end":{"line":161,"column":3}}]},"29":{"type":"branch","line":168,"loc":{"start":{"line":168,"column":0},"end":{"line":220,"column":1}},"locations":[{"start":{"line":168,"column":0},"end":{"line":220,"column":1}}]},"30":{"type":"branch","line":174,"loc":{"start":{"line":174,"column":33},"end":{"line":174,"column":45}},"locations":[{"start":{"line":174,"column":33},"end":{"line":174,"column":45}}]},"31":{"type":"branch","line":175,"loc":{"start":{"line":175,"column":33},"end":{"line":175,"column":45}},"locations":[{"start":{"line":175,"column":33},"end":{"line":175,"column":45}}]},"32":{"type":"branch","line":178,"loc":{"start":{"line":178,"column":33},"end":{"line":178,"column":52}},"locations":[{"start":{"line":178,"column":33},"end":{"line":178,"column":52}}]},"33":{"type":"branch","line":182,"loc":{"start":{"line":182,"column":17},"end":{"line":182,"column":59}},"locations":[{"start":{"line":182,"column":17},"end":{"line":182,"column":59}}]},"34":{"type":"branch","line":182,"loc":{"start":{"line":182,"column":49},"end":{"line":182,"column":66}},"locations":[{"start":{"line":182,"column":49},"end":{"line":182,"column":66}}]},"35":{"type":"branch","line":183,"loc":{"start":{"line":183,"column":17},"end":{"line":183,"column":59}},"locations":[{"start":{"line":183,"column":17},"end":{"line":183,"column":59}}]},"36":{"type":"branch","line":183,"loc":{"start":{"line":183,"column":49},"end":{"line":183,"column":66}},"locations":[{"start":{"line":183,"column":49},"end":{"line":183,"column":66}}]},"37":{"type":"branch","line":190,"loc":{"start":{"line":190,"column":14},"end":{"line":190,"column":43}},"locations":[{"start":{"line":190,"column":14},"end":{"line":190,"column":43}}]},"38":{"type":"branch","line":191,"loc":{"start":{"line":191,"column":14},"end":{"line":191,"column":45}},"locations":[{"start":{"line":191,"column":14},"end":{"line":191,"column":45}}]},"39":{"type":"branch","line":228,"loc":{"start":{"line":228,"column":21},"end":{"line":229,"column":49}},"locations":[{"start":{"line":228,"column":21},"end":{"line":229,"column":49}}]},"40":{"type":"branch","line":233,"loc":{"start":{"line":233,"column":21},"end":{"line":234,"column":50}},"locations":[{"start":{"line":233,"column":21},"end":{"line":234,"column":50}}]},"41":{"type":"branch","line":238,"loc":{"start":{"line":238,"column":21},"end":{"line":239,"column":47}},"locations":[{"start":{"line":238,"column":21},"end":{"line":239,"column":47}}]},"42":{"type":"branch","line":243,"loc":{"start":{"line":243,"column":21},"end":{"line":244,"column":48}},"locations":[{"start":{"line":243,"column":21},"end":{"line":244,"column":48}}]},"43":{"type":"branch","line":248,"loc":{"start":{"line":248,"column":22},"end":{"line":251,"column":2}},"locations":[{"start":{"line":248,"column":22},"end":{"line":251,"column":2}}]},"44":{"type":"branch","line":260,"loc":{"start":{"line":260,"column":22},"end":{"line":263,"column":2}},"locations":[{"start":{"line":260,"column":22},"end":{"line":263,"column":2}}]},"45":{"type":"branch","line":266,"loc":{"start":{"line":266,"column":22},"end":{"line":269,"column":2}},"locations":[{"start":{"line":266,"column":22},"end":{"line":269,"column":2}}]},"46":{"type":"branch","line":272,"loc":{"start":{"line":272,"column":22},"end":{"line":275,"column":2}},"locations":[{"start":{"line":272,"column":22},"end":{"line":275,"column":2}}]},"47":{"type":"branch","line":278,"loc":{"start":{"line":278,"column":22},"end":{"line":279,"column":48}},"locations":[{"start":{"line":278,"column":22},"end":{"line":279,"column":48}}]},"48":{"type":"branch","line":283,"loc":{"start":{"line":283,"column":22},"end":{"line":284,"column":48}},"locations":[{"start":{"line":283,"column":22},"end":{"line":284,"column":48}}]},"49":{"type":"branch","line":288,"loc":{"start":{"line":288,"column":22},"end":{"line":289,"column":48}},"locations":[{"start":{"line":288,"column":22},"end":{"line":289,"column":48}}]},"50":{"type":"branch","line":293,"loc":{"start":{"line":293,"column":22},"end":{"line":296,"column":2}},"locations":[{"start":{"line":293,"column":22},"end":{"line":296,"column":2}}]},"51":{"type":"branch","line":299,"loc":{"start":{"line":299,"column":21},"end":{"line":321,"column":2}},"locations":[{"start":{"line":299,"column":21},"end":{"line":321,"column":2}}]},"52":{"type":"branch","line":300,"loc":{"start":{"line":300,"column":37},"end":{"line":300,"column":60}},"locations":[{"start":{"line":300,"column":37},"end":{"line":300,"column":60}}]},"53":{"type":"branch","line":324,"loc":{"start":{"line":324,"column":21},"end":{"line":346,"column":2}},"locations":[{"start":{"line":324,"column":21},"end":{"line":346,"column":2}}]},"54":{"type":"branch","line":325,"loc":{"start":{"line":325,"column":37},"end":{"line":325,"column":60}},"locations":[{"start":{"line":325,"column":37},"end":{"line":325,"column":60}}]},"55":{"type":"branch","line":349,"loc":{"start":{"line":349,"column":21},"end":{"line":365,"column":2}},"locations":[{"start":{"line":349,"column":21},"end":{"line":365,"column":2}}]},"56":{"type":"branch","line":368,"loc":{"start":{"line":368,"column":21},"end":{"line":384,"column":2}},"locations":[{"start":{"line":368,"column":21},"end":{"line":384,"column":2}}]},"57":{"type":"branch","line":387,"loc":{"start":{"line":387,"column":22},"end":{"line":406,"column":2}},"locations":[{"start":{"line":387,"column":22},"end":{"line":406,"column":2}}]}},"b":{"0":[2656],"1":[929],"2":[7081],"3":[238],"4":[0],"5":[240],"6":[92],"7":[17],"8":[9],"9":[10],"10":[9],"11":[223],"12":[49],"13":[161],"14":[152],"15":[60],"16":[43],"17":[2],"18":[238],"19":[13],"20":[1],"21":[0],"22":[0],"23":[0],"24":[1],"25":[12],"26":[0],"27":[1],"28":[1],"29":[18],"30":[0],"31":[0],"32":[5],"33":[5],"34":[0],"35":[5],"36":[0],"37":[2],"38":[4],"39":[65],"40":[175],"41":[11],"42":[2],"43":[5],"44":[5],"45":[44],"46":[3],"47":[11],"48":[2],"49":[5],"50":[3],"51":[46],"52":[0],"53":[2],"54":[0],"55":[32],"56":[39],"57":[34]},"fnMap":{"0":{"name":"findValue","decl":{"start":{"line":29,"column":0},"end":{"line":32,"column":1}},"loc":{"start":{"line":29,"column":0},"end":{"line":32,"column":1}},"line":29},"1":{"name":"makeOperation","decl":{"start":{"line":34,"column":0},"end":{"line":57,"column":1}},"loc":{"start":{"line":34,"column":0},"end":{"line":57,"column":1}},"line":34},"2":{"name":"handleMotion","decl":{"start":{"line":61,"column":0},"end":{"line":101,"column":1}},"loc":{"start":{"line":61,"column":0},"end":{"line":101,"column":1}},"line":61},"3":{"name":"handleArc","decl":{"start":{"line":105,"column":0},"end":{"line":164,"column":1}},"loc":{"start":{"line":105,"column":0},"end":{"line":164,"column":1}},"line":105},"4":{"name":"handleDrillingCycle","decl":{"start":{"line":168,"column":0},"end":{"line":220,"column":1}},"loc":{"start":{"line":168,"column":0},"end":{"line":220,"column":1}},"line":168}},"f":{"0":2656,"1":238,"2":240,"3":13,"4":18}}
,"D:\\Prywatne\\Projekty\\gcode2\\src\\parser\\index.ts": {"path":"D:\\Prywatne\\Projekty\\gcode2\\src\\parser\\index.ts","all":true,"statementMap":{"4":{"start":{"line":5,"column":0},"end":{"line":5,"column":37}},"5":{"start":{"line":6,"column":0},"end":{"line":6,"column":74}},"19":{"start":{"line":20,"column":0},"end":{"line":20,"column":64}}},"s":{"4":0,"5":0,"19":0},"branchMap":{"0":{"type":"branch","line":1,"loc":{"start":{"line":1,"column":426},"end":{"line":20,"column":64}},"locations":[{"start":{"line":1,"column":426},"end":{"line":20,"column":64}}]}},"b":{"0":[1]},"fnMap":{"0":{"name":"(empty-report)","decl":{"start":{"line":1,"column":426},"end":{"line":20,"column":64}},"loc":{"start":{"line":1,"column":426},"end":{"line":20,"column":64}},"line":1}},"f":{"0":1}}
,"D:\\Prywatne\\Projekty\\gcode2\\src\\parser\\parser.ts": {"path":"D:\\Prywatne\\Projekty\\gcode2\\src\\parser\\parser.ts","all":false,"statementMap":{"14":{"start":{"line":15,"column":0},"end":{"line":15,"column":64}},"15":{"start":{"line":16,"column":0},"end":{"line":16,"column":74}},"16":{"start":{"line":17,"column":0},"end":{"line":17,"column":68}},"25":{"start":{"line":26,"column":0},"end":{"line":26,"column":27}},"26":{"start":{"line":27,"column":0},"end":{"line":27,"column":16}},"27":{"start":{"line":28,"column":0},"end":{"line":28,"column":43}},"28":{"start":{"line":29,"column":0},"end":{"line":29,"column":16}},"29":{"start":{"line":30,"column":0},"end":{"line":30,"column":36}},"30":{"start":{"line":31,"column":0},"end":{"line":31,"column":36}},"31":{"start":{"line":32,"column":0},"end":{"line":32,"column":37}},"32":{"start":{"line":33,"column":0},"end":{"line":33,"column":51}},"33":{"start":{"line":34,"column":0},"end":{"line":34,"column":29}},"34":{"start":{"line":35,"column":0},"end":{"line":35,"column":29}},"35":{"start":{"line":36,"column":0},"end":{"line":36,"column":51}},"36":{"start":{"line":37,"column":0},"end":{"line":37,"column":3}},"38":{"start":{"line":39,"column":0},"end":{"line":39,"column":42}},"39":{"start":{"line":40,"column":0},"end":{"line":40,"column":28}},"40":{"start":{"line":41,"column":0},"end":{"line":41,"column":31}},"42":{"start":{"line":43,"column":0},"end":{"line":43,"column":22}},"45":{"start":{"line":46,"column":0},"end":{"line":46,"column":70}},"46":{"start":{"line":47,"column":0},"end":{"line":47,"column":33}},"47":{"start":{"line":48,"column":0},"end":{"line":48,"column":43}},"48":{"start":{"line":49,"column":0},"end":{"line":49,"column":5}},"50":{"start":{"line":51,"column":0},"end":{"line":51,"column":44}},"53":{"start":{"line":54,"column":0},"end":{"line":54,"column":37}},"54":{"start":{"line":55,"column":0},"end":{"line":55,"column":37}},"57":{"start":{"line":58,"column":0},"end":{"line":58,"column":78}},"58":{"start":{"line":59,"column":0},"end":{"line":59,"column":28}},"59":{"start":{"line":60,"column":0},"end":{"line":60,"column":41}},"60":{"start":{"line":61,"column":0},"end":{"line":61,"column":3}},"62":{"start":{"line":63,"column":0},"end":{"line":63,"column":64}},"63":{"start":{"line":64,"column":0},"end":{"line":64,"column":1}},"70":{"start":{"line":71,"column":0},"end":{"line":71,"column":23}},"71":{"start":{"line":72,"column":0},"end":{"line":72,"column":42}},"72":{"start":{"line":73,"column":0},"end":{"line":73,"column":22}},"73":{"start":{"line":74,"column":0},"end":{"line":74,"column":21}},"74":{"start":{"line":75,"column":0},"end":{"line":75,"column":27}},"75":{"start":{"line":76,"column":0},"end":{"line":76,"column":26}},"76":{"start":{"line":77,"column":0},"end":{"line":77,"column":18}},"77":{"start":{"line":78,"column":0},"end":{"line":78,"column":29}},"78":{"start":{"line":79,"column":0},"end":{"line":79,"column":26}},"81":{"start":{"line":82,"column":0},"end":{"line":82,"column":39}},"82":{"start":{"line":83,"column":0},"end":{"line":83,"column":29}},"83":{"start":{"line":84,"column":0},"end":{"line":84,"column":60}},"84":{"start":{"line":85,"column":0},"end":{"line":85,"column":3}},"87":{"start":{"line":88,"column":0},"end":{"line":88,"column":39}},"88":{"start":{"line":89,"column":0},"end":{"line":89,"column":29}},"89":{"start":{"line":90,"column":0},"end":{"line":90,"column":56}},"90":{"start":{"line":91,"column":0},"end":{"line":91,"column":3}},"93":{"start":{"line":94,"column":0},"end":{"line":94,"column":39}},"94":{"start":{"line":95,"column":0},"end":{"line":95,"column":29}},"95":{"start":{"line":96,"column":0},"end":{"line":96,"column":58}},"96":{"start":{"line":97,"column":0},"end":{"line":97,"column":3}},"99":{"start":{"line":100,"column":0},"end":{"line":100,"column":23}},"100":{"start":{"line":101,"column":0},"end":{"line":101,"column":36}},"101":{"start":{"line":102,"column":0},"end":{"line":102,"column":24}},"102":{"start":{"line":103,"column":0},"end":{"line":103,"column":23}},"103":{"start":{"line":104,"column":0},"end":{"line":104,"column":36}},"104":{"start":{"line":105,"column":0},"end":{"line":105,"column":24}},"108":{"start":{"line":109,"column":0},"end":{"line":109,"column":51}},"109":{"start":{"line":110,"column":0},"end":{"line":110,"column":51}},"111":{"start":{"line":112,"column":0},"end":{"line":112,"column":35}},"112":{"start":{"line":113,"column":0},"end":{"line":113,"column":43}},"113":{"start":{"line":114,"column":0},"end":{"line":114,"column":18}},"114":{"start":{"line":115,"column":0},"end":{"line":115,"column":62}},"115":{"start":{"line":116,"column":0},"end":{"line":116,"column":37}},"116":{"start":{"line":117,"column":0},"end":{"line":117,"column":36}},"117":{"start":{"line":118,"column":0},"end":{"line":118,"column":12}},"118":{"start":{"line":119,"column":0},"end":{"line":119,"column":21}},"119":{"start":{"line":120,"column":0},"end":{"line":120,"column":25}},"120":{"start":{"line":121,"column":0},"end":{"line":121,"column":48}},"121":{"start":{"line":122,"column":0},"end":{"line":122,"column":26}},"122":{"start":{"line":123,"column":0},"end":{"line":123,"column":8}},"123":{"start":{"line":124,"column":0},"end":{"line":124,"column":5}},"124":{"start":{"line":125,"column":0},"end":{"line":125,"column":3}},"126":{"start":{"line":127,"column":0},"end":{"line":127,"column":36}},"127":{"start":{"line":128,"column":0},"end":{"line":128,"column":43}},"128":{"start":{"line":129,"column":0},"end":{"line":129,"column":18}},"129":{"start":{"line":130,"column":0},"end":{"line":130,"column":62}},"130":{"start":{"line":131,"column":0},"end":{"line":131,"column":37}},"131":{"start":{"line":132,"column":0},"end":{"line":132,"column":36}},"132":{"start":{"line":133,"column":0},"end":{"line":133,"column":12}},"133":{"start":{"line":134,"column":0},"end":{"line":134,"column":21}},"134":{"start":{"line":135,"column":0},"end":{"line":135,"column":25}},"135":{"start":{"line":136,"column":0},"end":{"line":136,"column":48}},"136":{"start":{"line":137,"column":0},"end":{"line":137,"column":26}},"137":{"start":{"line":138,"column":0},"end":{"line":138,"column":8}},"138":{"start":{"line":139,"column":0},"end":{"line":139,"column":5}},"139":{"start":{"line":140,"column":0},"end":{"line":140,"column":3}},"143":{"start":{"line":144,"column":0},"end":{"line":144,"column":6}},"144":{"start":{"line":145,"column":0},"end":{"line":145,"column":26}},"145":{"start":{"line":146,"column":0},"end":{"line":146,"column":26}},"146":{"start":{"line":147,"column":0},"end":{"line":147,"column":49}},"147":{"start":{"line":148,"column":0},"end":{"line":148,"column":5}},"148":{"start":{"line":149,"column":0},"end":{"line":149,"column":43}},"150":{"start":{"line":151,"column":0},"end":{"line":151,"column":23}},"151":{"start":{"line":152,"column":0},"end":{"line":152,"column":55}},"152":{"start":{"line":153,"column":0},"end":{"line":153,"column":14}},"153":{"start":{"line":154,"column":0},"end":{"line":154,"column":59}},"154":{"start":{"line":155,"column":0},"end":{"line":155,"column":16}},"155":{"start":{"line":156,"column":0},"end":{"line":156,"column":16}},"156":{"start":{"line":157,"column":0},"end":{"line":157,"column":50}},"157":{"start":{"line":158,"column":0},"end":{"line":158,"column":20}},"158":{"start":{"line":159,"column":0},"end":{"line":159,"column":64}},"159":{"start":{"line":160,"column":0},"end":{"line":160,"column":39}},"160":{"start":{"line":161,"column":0},"end":{"line":161,"column":38}},"161":{"start":{"line":162,"column":0},"end":{"line":162,"column":7}},"162":{"start":{"line":163,"column":0},"end":{"line":163,"column":12}},"164":{"start":{"line":165,"column":0},"end":{"line":165,"column":24}},"165":{"start":{"line":166,"column":0},"end":{"line":166,"column":40}},"166":{"start":{"line":167,"column":0},"end":{"line":167,"column":13}},"167":{"start":{"line":168,"column":0},"end":{"line":168,"column":44}},"168":{"start":{"line":169,"column":0},"end":{"line":169,"column":15}},"169":{"start":{"line":170,"column":0},"end":{"line":170,"column":46}},"170":{"start":{"line":171,"column":0},"end":{"line":171,"column":17}},"171":{"start":{"line":172,"column":0},"end":{"line":172,"column":17}},"172":{"start":{"line":173,"column":0},"end":{"line":173,"column":51}},"173":{"start":{"line":174,"column":0},"end":{"line":174,"column":20}},"174":{"start":{"line":175,"column":0},"end":{"line":175,"column":64}},"175":{"start":{"line":176,"column":0},"end":{"line":176,"column":39}},"176":{"start":{"line":177,"column":0},"end":{"line":177,"column":38}},"177":{"start":{"line":178,"column":0},"end":{"line":178,"column":7}},"178":{"start":{"line":179,"column":0},"end":{"line":179,"column":5}},"179":{"start":{"line":180,"column":0},"end":{"line":180,"column":3}},"182":{"start":{"line":183,"column":0},"end":{"line":183,"column":30}},"183":{"start":{"line":184,"column":0},"end":{"line":184,"column":43}},"184":{"start":{"line":185,"column":0},"end":{"line":185,"column":18}},"185":{"start":{"line":186,"column":0},"end":{"line":186,"column":62}},"186":{"start":{"line":187,"column":0},"end":{"line":187,"column":37}},"187":{"start":{"line":188,"column":0},"end":{"line":188,"column":36}},"188":{"start":{"line":189,"column":0},"end":{"line":189,"column":12}},"189":{"start":{"line":190,"column":0},"end":{"line":190,"column":21}},"190":{"start":{"line":191,"column":0},"end":{"line":191,"column":25}},"191":{"start":{"line":192,"column":0},"end":{"line":192,"column":48}},"192":{"start":{"line":193,"column":0},"end":{"line":193,"column":26}},"193":{"start":{"line":194,"column":0},"end":{"line":194,"column":8}},"194":{"start":{"line":195,"column":0},"end":{"line":195,"column":5}},"195":{"start":{"line":196,"column":0},"end":{"line":196,"column":3}},"200":{"start":{"line":201,"column":0},"end":{"line":201,"column":53}},"201":{"start":{"line":202,"column":0},"end":{"line":202,"column":1}}},"s":{"14":1,"15":1,"16":1,"25":1,"26":66,"27":66,"28":66,"29":66,"30":66,"31":66,"32":66,"33":66,"34":66,"35":66,"36":66,"38":66,"39":549,"40":549,"42":549,"45":488,"46":549,"47":8,"48":8,"50":488,"53":477,"54":477,"57":477,"58":477,"59":477,"60":477,"62":66,"63":66,"70":477,"71":477,"72":477,"73":477,"74":477,"75":477,"76":477,"77":477,"78":477,"81":477,"82":477,"83":48,"84":48,"87":477,"88":477,"89":173,"90":173,"93":477,"94":477,"95":39,"96":39,"99":477,"100":477,"101":477,"102":477,"103":477,"104":477,"108":477,"109":477,"111":477,"112":75,"113":75,"114":73,"115":73,"116":73,"117":75,"118":2,"119":2,"120":2,"121":2,"122":2,"123":2,"124":75,"126":477,"127":247,"128":247,"129":247,"130":247,"131":247,"132":247,"133":0,"134":0,"135":0,"136":0,"137":0,"138":0,"139":247,"143":477,"144":477,"145":165,"146":11,"147":477,"148":11,"150":5,"151":5,"152":4,"153":1,"154":0,"155":1,"156":5,"157":5,"158":5,"159":5,"160":5,"161":5,"162":11,"164":6,"165":6,"166":3,"167":3,"168":2,"169":1,"170":1,"171":0,"172":6,"173":6,"174":6,"175":6,"176":6,"177":6,"178":6,"179":11,"182":477,"183":154,"184":154,"185":153,"186":153,"187":153,"188":154,"189":1,"190":1,"191":1,"192":1,"193":1,"194":1,"195":154,"200":477,"201":477},"branchMap":{"0":{"type":"branch","line":26,"loc":{"start":{"line":26,"column":7},"end":{"line":64,"column":1}},"locations":[{"start":{"line":26,"column":7},"end":{"line":64,"column":1}}]},"1":{"type":"branch","line":39,"loc":{"start":{"line":39,"column":41},"end":{"line":61,"column":3}},"locations":[{"start":{"line":39,"column":41},"end":{"line":61,"column":3}}]},"2":{"type":"branch","line":43,"loc":{"start":{"line":43,"column":14},"end":{"line":43,"column":22}},"locations":[{"start":{"line":43,"column":14},"end":{"line":43,"column":22}}]},"3":{"type":"branch","line":43,"loc":{"start":{"line":43,"column":14},"end":{"line":47,"column":19}},"locations":[{"start":{"line":43,"column":14},"end":{"line":47,"column":19}}]},"4":{"type":"branch","line":47,"loc":{"start":{"line":47,"column":8},"end":{"line":47,"column":32}},"locations":[{"start":{"line":47,"column":8},"end":{"line":47,"column":32}}]},"5":{"type":"branch","line":47,"loc":{"start":{"line":47,"column":32},"end":{"line":49,"column":5}},"locations":[{"start":{"line":47,"column":32},"end":{"line":49,"column":5}}]},"6":{"type":"branch","line":49,"loc":{"start":{"line":49,"column":4},"end":{"line":51,"column":44}},"locations":[{"start":{"line":49,"column":4},"end":{"line":51,"column":44}}]},"7":{"type":"branch","line":51,"loc":{"start":{"line":51,"column":15},"end":{"line":51,"column":44}},"locations":[{"start":{"line":51,"column":15},"end":{"line":51,"column":44}}]},"8":{"type":"branch","line":51,"loc":{"start":{"line":51,"column":15},"end":{"line":55,"column":37}},"locations":[{"start":{"line":51,"column":15},"end":{"line":55,"column":37}}]},"9":{"type":"branch","line":55,"loc":{"start":{"line":55,"column":29},"end":{"line":55,"column":37}},"locations":[{"start":{"line":55,"column":29},"end":{"line":55,"column":37}}]},"10":{"type":"branch","line":55,"loc":{"start":{"line":55,"column":29},"end":{"line":61,"column":3}},"locations":[{"start":{"line":55,"column":29},"end":{"line":61,"column":3}}]},"11":{"type":"branch","line":71,"loc":{"start":{"line":71,"column":0},"end":{"line":202,"column":1}},"locations":[{"start":{"line":71,"column":0},"end":{"line":202,"column":1}}]},"12":{"type":"branch","line":8
[...]
"column":67}},"70":{"start":{"line":71,"column":0},"end":{"line":71,"column":16}},"71":{"start":{"line":72,"column":0},"end":{"line":72,"column":16}},"72":{"start":{"line":73,"column":0},"end":{"line":73,"column":24}},"73":{"start":{"line":74,"column":0},"end":{"line":74,"column":40}},"74":{"start":{"line":75,"column":0},"end":{"line":75,"column":29}},"75":{"start":{"line":76,"column":0},"end":{"line":76,"column":4}},"76":{"start":{"line":77,"column":0},"end":{"line":77,"column":8}},"77":{"start":{"line":78,"column":0},"end":{"line":78,"column":17}},"78":{"start":{"line":79,"column":0},"end":{"line":79,"column":25}},"79":{"start":{"line":80,"column":0},"end":{"line":80,"column":33}},"80":{"start":{"line":81,"column":0},"end":{"line":81,"column":29}},"81":{"start":{"line":82,"column":0},"end":{"line":82,"column":4}},"82":{"start":{"line":83,"column":0},"end":{"line":83,"column":11}},"83":{"start":{"line":84,"column":0},"end":{"line":84,"column":20}},"84":{"start":{"line":85,"column":0},"end":{"line":85,"column":25}},"85":{"start":{"line":86,"column":0},"end":{"line":86,"column":34}},"86":{"start":{"line":87,"column":0},"end":{"line":87,"column":30}},"87":{"start":{"line":88,"column":0},"end":{"line":88,"column":4}},"88":{"start":{"line":89,"column":0},"end":{"line":89,"column":10}},"89":{"start":{"line":90,"column":0},"end":{"line":90,"column":19}},"90":{"start":{"line":91,"column":0},"end":{"line":91,"column":25}},"91":{"start":{"line":92,"column":0},"end":{"line":92,"column":34}},"92":{"start":{"line":93,"column":0},"end":{"line":93,"column":29}},"93":{"start":{"line":94,"column":0},"end":{"line":94,"column":4}},"94":{"start":{"line":95,"column":0},"end":{"line":95,"column":9}},"95":{"start":{"line":96,"column":0},"end":{"line":96,"column":18}},"96":{"start":{"line":97,"column":0},"end":{"line":97,"column":25}},"97":{"start":{"line":98,"column":0},"end":{"line":98,"column":33}},"98":{"start":{"line":99,"column":0},"end":{"line":99,"column":29}},"99":{"start":{"line":100,"column":0},"end":{"line":100,"column":4}},"100":{"start":{"line":101,"column":0},"end":{"line":101,"column":10}},"101":{"start":{"line":102,"column":0},"end":{"line":102,"column":19}},"102":{"start":{"line":103,"column":0},"end":{"line":103,"column":25}},"103":{"start":{"line":104,"column":0},"end":{"line":104,"column":33}},"104":{"start":{"line":105,"column":0},"end":{"line":105,"column":29}},"105":{"start":{"line":106,"column":0},"end":{"line":106,"column":4}},"106":{"start":{"line":107,"column":0},"end":{"line":107,"column":9}},"107":{"start":{"line":108,"column":0},"end":{"line":108,"column":18}},"108":{"start":{"line":109,"column":0},"end":{"line":109,"column":25}},"109":{"start":{"line":110,"column":0},"end":{"line":110,"column":34}},"110":{"start":{"line":111,"column":0},"end":{"line":111,"column":29}},"111":{"start":{"line":112,"column":0},"end":{"line":112,"column":4}},"112":{"start":{"line":113,"column":0},"end":{"line":113,"column":1}},"117":{"start":{"line":118,"column":0},"end":{"line":118,"column":38}},"118":{"start":{"line":119,"column":0},"end":{"line":119,"column":21}},"119":{"start":{"line":120,"column":0},"end":{"line":120,"column":34}},"126":{"start":{"line":127,"column":0},"end":{"line":127,"column":3}},"127":{"start":{"line":128,"column":0},"end":{"line":128,"column":37}},"128":{"start":{"line":129,"column":0},"end":{"line":129,"column":49}},"130":{"start":{"line":131,"column":0},"end":{"line":131,"column":32}},"131":{"start":{"line":132,"column":0},"end":{"line":132,"column":17}},"132":{"start":{"line":133,"column":0},"end":{"line":133,"column":18}},"133":{"start":{"line":134,"column":0},"end":{"line":134,"column":22}},"134":{"start":{"line":135,"column":0},"end":{"line":135,"column":3}},"136":{"start":{"line":137,"column":0},"end":{"line":137,"column":57}},"137":{"start":{"line":138,"column":0},"end":{"line":138,"column":37}},"139":{"start":{"line":140,"column":0},"end":{"line":140,"column":36}},"140":{"start":{"line":141,"column":0},"end":{"line":141,"column":45}},"141":{"start":{"line":142,"column":0},"end":{"line":142,"column":45}},"142":{"start":{"line":143,"column":0},"end":{"line":143,"column":45}},"143":{"start":{"line":144,"column":0},"end":{"line":144,"column":3}},"146":{"start":{"line":147,"column":0},"end":{"line":147,"column":38}},"148":{"start":{"line":149,"column":0},"end":{"line":149,"column":10}},"149":{"start":{"line":150,"column":0},"end":{"line":150,"column":13}},"150":{"start":{"line":151,"column":0},"end":{"line":151,"column":11}},"151":{"start":{"line":152,"column":0},"end":{"line":152,"column":18}},"152":{"start":{"line":153,"column":0},"end":{"line":153,"column":51}},"153":{"start":{"line":154,"column":0},"end":{"line":154,"column":14}},"154":{"start":{"line":155,"column":0},"end":{"line":155,"column":3}},"155":{"start":{"line":156,"column":0},"end":{"line":156,"column":1}}},"s":{"24":1,"27":4,"28":4,"31":4,"32":4,"33":4,"34":4,"35":4,"38":4,"39":4,"42":4,"43":4,"44":4,"45":4,"46":4,"48":4,"49":4,"54":1,"55":1,"69":1,"70":1,"71":1,"72":1,"73":1,"74":1,"75":1,"76":1,"77":1,"78":1,"79":1,"80":1,"81":1,"82":1,"83":1,"84":1,"85":1,"86":1,"87":1,"88":1,"89":1,"90":1,"91":1,"92":1,"93":1,"94":1,"95":1,"96":1,"97":1,"98":1,"99":1,"100":1,"101":1,"102":1,"103":1,"104":1,"105":1,"106":1,"107":1,"108":1,"109":1,"110":1,"111":1,"112":1,"117":1,"118":13,"119":13,"126":13,"127":13,"128":13,"130":13,"131":13,"132":13,"133":13,"134":13,"136":13,"137":13,"139":13,"140":13,"141":13,"142":13,"143":13,"146":13,"148":13,"149":13,"150":13,"151":13,"152":13,"153":13,"154":13,"155":13},"branchMap":{"0":{"type":"branch","line":25,"loc":{"start":{"line":25,"column":7},"end":{"line":50,"column":1}},"locations":[{"start":{"line":25,"column":7},"end":{"line":50,"column":1}}]},"1":{"type":"branch","line":118,"loc":{"start":{"line":118,"column":7},"end":{"line":156,"column":1}},"locations":[{"start":{"line":118,"column":7},"end":{"line":156,"column":1}}]}},"b":{"0":[4],"1":[13]},"fnMap":{"0":{"name":"calculateCameraPosition","decl":{"start":{"line":25,"column":7},"end":{"line":50,"column":1}},"loc":{"start":{"line":25,"column":7},"end":{"line":50,"column":1}},"line":25},"1":{"name":"calculatePresetCamera","decl":{"start":{"line":118,"column":7},"end":{"line":156,"column":1}},"loc":{"start":{"line":118,"column":7},"end":{"line":156,"column":1}},"line":118}},"f":{"0":4,"1":13}}
,"D:\\Prywatne\\Projekty\\gcode2\\src\\viewport\\useWorkpieceScene.ts": {"path":"D:\\Prywatne\\Projekty\\gcode2\\src\\viewport\\useWorkpieceScene.ts","all":false,"statementMap":{"11":{"start":{"line":12,"column":0},"end":{"line":12,"column":77}},"12":{"start":{"line":13,"column":0},"end":{"line":13,"column":72}},"42":{"start":{"line":43,"column":0},"end":{"line":43,"column":71}},"43":{"start":{"line":44,"column":0},"end":{"line":44,"column":66}},"45":{"start":{"line":46,"column":0},"end":{"line":46,"column":75}},"46":{"start":{"line":47,"column":0},"end":{"line":47,"column":58}},"47":{"start":{"line":48,"column":0},"end":{"line":48,"column":33}},"48":{"start":{"line":49,"column":0},"end":{"line":49,"column":34}},"49":{"start":{"line":50,"column":0},"end":{"line":50,"column":31}},"51":{"start":{"line":52,"column":0},"end":{"line":52,"column":52}},"52":{"start":{"line":53,"column":0},"end":{"line":53,"column":25}},"53":{"start":{"line":54,"column":0},"end":{"line":54,"column":19}},"54":{"start":{"line":55,"column":0},"end":{"line":55,"column":21}},"55":{"start":{"line":56,"column":0},"end":{"line":56,"column":4}},"57":{"start":{"line":58,"column":0},"end":{"line":58,"column":49}},"58":{"start":{"line":59,"column":0},"end":{"line":59,"column":22}},"59":{"start":{"line":60,"column":0},"end":{"line":60,"column":19}},"60":{"start":{"line":61,"column":0},"end":{"line":61,"column":21}},"61":{"start":{"line":62,"column":0},"end":{"line":62,"column":4}},"63":{"start":{"line":64,"column":0},"end":{"line":64,"column":51}},"65":{"start":{"line":66,"column":0},"end":{"line":66,"column":67}},"66":{"start":{"line":67,"column":0},"end":{"line":67,"column":11}},"67":{"start":{"line":68,"column":0},"end":{"line":68,"column":44}},"68":{"start":{"line":69,"column":0},"end":{"line":69,"column":23}},"69":{"start":{"line":70,"column":0},"end":{"line":70,"column":24}},"70":{"start":{"line":71,"column":0},"end":{"line":71,"column":27}},"71":{"start":{"line":72,"column":0},"end":{"line":72,"column":5}},"72":{"start":{"line":73,"column":0},"end":{"line":73,"column":29}},"73":{"start":{"line":74,"column":0},"end":{"line":74,"column":3}},"75":{"start":{"line":76,"column":0},"end":{"line":76,"column":109}},"76":{"start":{"line":77,"column":0},"end":{"line":77,"column":58}},"77":{"start":{"line":78,"column":0},"end":{"line":78,"column":31}},"80":{"start":{"line":81,"column":0},"end":{"line":81,"column":36}},"81":{"start":{"line":82,"column":0},"end":{"line":82,"column":80}},"82":{"start":{"line":83,"column":0},"end":{"line":83,"column":33}},"83":{"start":{"line":84,"column":0},"end":{"line":84,"column":36}},"84":{"start":{"line":85,"column":0},"end":{"line":85,"column":38}},"85":{"start":{"line":86,"column":0},"end":{"line":86,"column":50}},"86":{"start":{"line":87,"column":0},"end":{"line":87,"column":46}},"87":{"start":{"line":88,"column":0},"end":{"line":88,"column":12}},"89":{"start":{"line":90,"column":0},"end":{"line":90,"column":69}},"90":{"start":{"line":91,"column":0},"end":{"line":91,"column":36}},"91":{"start":{"line":92,"column":0},"end":{"line":92,"column":38}},"92":{"start":{"line":93,"column":0},"end":{"line":93,"column":50}},"93":{"start":{"line":94,"column":0},"end":{"line":94,"column":46}},"94":{"start":{"line":95,"column":0},"end":{"line":95,"column":5}},"95":{"start":{"line":96,"column":0},"end":{"line":96,"column":3}},"97":{"start":{"line":98,"column":0},"end":{"line":98,"column":36}},"98":{"start":{"line":99,"column":0},"end":{"line":99,"column":36}},"99":{"start":{"line":100,"column":0},"end":{"line":100,"column":38}},"100":{"start":{"line":101,"column":0},"end":{"line":101,"column":25}},"101":{"start":{"line":102,"column":0},"end":{"line":102,"column":20}},"102":{"start":{"line":103,"column":0},"end":{"line":103,"column":31}},"106":{"start":{"line":107,"column":0},"end":{"line":107,"column":102}},"108":{"start":{"line":109,"column":0},"end":{"line":109,"column":34}},"113":{"start":{"line":114,"column":0},"end":{"line":114,"column":44}},"114":{"start":{"line":115,"column":0},"end":{"line":115,"column":31}},"115":{"start":{"line":116,"column":0},"end":{"line":116,"column":7}},"116":{"start":{"line":117,"column":0},"end":{"line":117,"column":56}},"117":{"start":{"line":118,"column":0},"end":{"line":118,"column":31}},"118":{"start":{"line":119,"column":0},"end":{"line":119,"column":31}},"119":{"start":{"line":120,"column":0},"end":{"line":120,"column":33}},"120":{"start":{"line":121,"column":0},"end":{"line":121,"column":30}},"121":{"start":{"line":122,"column":0},"end":{"line":122,"column":12}},"122":{"start":{"line":123,"column":0},"end":{"line":123,"column":5}},"125":{"start":{"line":126,"column":0},"end":{"line":126,"column":63}},"126":{"start":{"line":127,"column":0},"end":{"line":127,"column":36}},"127":{"start":{"line":128,"column":0},"end":{"line":128,"column":68}},"128":{"start":{"line":129,"column":0},"end":{"line":129,"column":12}},"129":{"start":{"line":130,"column":0},"end":{"line":130,"column":57}},"130":{"start":{"line":131,"column":0},"end":{"line":131,"column":5}},"132":{"start":{"line":133,"column":0},"end":{"line":133,"column":26}},"133":{"start":{"line":134,"column":0},"end":{"line":134,"column":30}},"134":{"start":{"line":135,"column":0},"end":{"line":135,"column":37}},"135":{"start":{"line":136,"column":0},"end":{"line":136,"column":12}},"136":{"start":{"line":137,"column":0},"end":{"line":137,"column":5}},"139":{"start":{"line":140,"column":0},"end":{"line":140,"column":28}},"142":{"start":{"line":143,"column":0},"end":{"line":143,"column":54}},"143":{"start":{"line":144,"column":0},"end":{"line":144,"column":36}},"144":{"start":{"line":145,"column":0},"end":{"line":145,"column":29}},"145":{"start":{"line":146,"column":0},"end":{"line":146,"column":47}},"146":{"start":{"line":147,"column":0},"end":{"line":147,"column":43}},"147":{"start":{"line":148,"column":0},"end":{"line":148,"column":3}},"149":{"start":{"line":150,"column":0},"end":{"line":150,"column":26}},"150":{"start":{"line":151,"column":0},"end":{"line":151,"column":25}},"151":{"start":{"line":152,"column":0},"end":{"line":152,"column":36}},"152":{"start":{"line":153,"column":0},"end":{"line":153,"column":27}},"153":{"start":{"line":154,"column":0},"end":{"line":154,"column":5}},"154":{"start":{"line":155,"column":0},"end":{"line":155,"column":30}},"155":{"start":{"line":156,"column":0},"end":{"line":156,"column":31}},"156":{"start":{"line":157,"column":0},"end":{"line":157,"column":28}},"157":{"start":{"line":158,"column":0},"end":{"line":158,"column":3}},"159":{"start":{"line":160,"column":0},"end":{"line":160,"column":21}},"160":{"start":{"line":161,"column":0},"end":{"line":161,"column":11}},"161":{"start":{"line":162,"column":0},"end":{"line":162,"column":29}},"162":{"start":{"line":163,"column":0},"end":{"line":163,"column":26}},"163":{"start":{"line":164,"column":0},"end":{"line":164,"column":4}},"165":{"start":{"line":166,"column":0},"end":{"line":166,"column":10}},"166":{"start":{"line":167,"column":0},"end":{"line":167,"column":13}},"167":{"start":{"line":168,"column":0},"end":{"line":168,"column":14}},"168":{"start":{"line":169,"column":0},"end":{"line":169,"column":17}},"169":{"start":{"line":170,"column":0},"end":{"line":170,"column":22}},"170":{"start":{"line":171,"column":0},"end":{"line":171,"column":19}},"171":{"start":{"line":172,"column":0},"end":{"line":172,"column":20}},"172":{"start":{"line":173,"column":0},"end":{"line":173,"column":23}},"173":{"start":{"line":174,"column":0},"end":{"line":174,"column":23}},"174":{"start":{"line":175,"column":0},"end":{"line":175,"column":10}},"175":{"start":{"line":176,"column":0},"end":{"line":176,"column":3}},"176":{"start":{"line":177,"column":0},"end":{"line":177,"column":1}}},"s":{"11":1,"12":1,"42":1,"43":1,"45":1,"46":22,"47":22,"48":22,"49":22,"51":22,"52":22,"53":22,"54":22,"55":22,"57":22,"58":22,"59":22,"60":22,"61":22,"63":22,"65":22,"66":6,"67":6,"68":6,"69":6,"70":6,"71":6,"72":6,"73":6,"75":22,"76":1,"77":1,"80":1,"81":0,"82":0,"83":0,"84":0,"85":0,"86":0,"87":1,"89":1,"90":1,"91":1,"92":1,"93":1,"94":1,"95":1,"97":22,"98":29,"99":29,"100":29,"101":29,"102":29,"106":29,"108":29,"113":14,"114":0,"115":0,"116":14,"117":14,"118":14,"119":14,"120":14,"121":14,"122":14,"125":15,"126":29,"127":0,"128":29,"129":15,"130":15,"132":29,"133":0,"134":0,"135":0,"136":0,"139":15,"142":15,"143":15,"144":15,"145":15,"146":15,"147":29,"149":22,"150":9,"151":3,"152":3,"153":3,"154":9,"155":9,"156":9,"157":9,"159":22,"160":0,"161":0,"162":0,"163":22,"165":22,"166":22,"167":22,"168":22,"169":22,"170":22,"171":22,"172":22,"173":22,"174":22,"175":22,"176":22},"branchMap":{"0":{"type":"branch","line":46,"loc":{"start":{"line":46,"column":7},"end":{"line":177,"column":1}},"locations":[{"start":{"line":46,"column":7},"end":{"line":177,"column":1}}]},"1":{"type":"branch","line":66,"loc":{"start":{"line":66,"column":2},"end":{"line":74,"column":3}},"locations":[{"start":{"line":66,"column":2},"end":{"line":74,"column":3}}]},"2":{"type":"branch","line":76,"loc":{"start":{"line":76,"column":2},"end":{"line":96,"column":3}},"locations":[{"start":{"line":76,"column":2},"end":{"line":96,"column":3}}]},"3":{"type":"branch","line":77,"loc":{"start":{"line":77,"column":52},"end":{"line":77,"column":58}},"locations":[{"start":{"line":77,"column":52},"end":{"line":77,"column":58}}]},"4":{"type":"branch","line":78,"loc":{"start":{"line":78,"column":8},"end":{"line":78,"column":25}},"locations":[{"start":{"line":78,"column":8},"end":{"line":78,"column":25}}]},"5":{"type":"branch","line":78,"loc":{"start":{"line":78,"column":25},"end":{"line":78,"column":31}},"locations":[{"start":{"line":78,"column":25},"end":{"line":78,"column":31}}]},"6":{"type":"branch","line":81,"loc":{"start":{"line":81,"column":35},"end":{"line":88,"column":11}},"locations":[{"start":{"line":81,"column":35},"end":{"line":88,"column":11}}]},"7":{"type":"branch","line":98,"loc":{"start":{"line":98,"column":2},"end":{"line":148,"column":3}},"locations":[{"start":{"line":98,"column":2},"end":{"line":148,"column":3}}]},"8":{"type":"branch","line":103,"loc":{"start":{"line":103,"column":8},"end":{"line":103,"column":25}},"locations":[{"start":{"line":103,"column":8},"end":{"line":103,"column":25}}]},"9":{"type":"branch","line":103,"loc":{"start":{"line":103,"column":25},"end":{"line":103,"column":31}},"locations":[{"start":{"line":103,"column":25},"end":{"line":103,"column":31}}]},"10":{"type":"branch","line":109,"loc":{"start":{"line":109,"column":33},"end":{"line":123,"column":5}},"locations":[{"start":{"line":109,"column":33},"end":{"line":123,"column":5}}]},"11":{"type":"branch","line":114,"loc":{"start":{"line":114,"column":43},"end":{"line":116,"column":7}},"locations":[{"start":{"line":114,"column":43},"end":{"line":116,"column":7}}]},"12":{"type":"branch","line":117,"loc":{"start":{"line":117,"column":26},"end":{"line":117,"column":56}},"locations":[{"start":{"line":117,"column":26},"end":{"line":117,"column":56}}]},"13":{"type":"branch","line":123,"loc":{"start":{"line":123,"column":4},"end":{"line":127,"column":35}},"locations":[{"start":{"line":123,"column":4},"end":{"line":127,"column":35}}]},"14":{"type":"branch","line":127,"loc":{"start":{"line":127,"column":35},"end":{"line":129,"column":11}},"locations":[{"start":{"line":127,"column":35},"end":{"line":129,"column":11}}]},"15":{"type":"branch","line":129,"loc":{"start":{"line":129,"column":4},"end":{"line":133,"column":16}},"locations":[{"start":{"line":129,"column":4},"end":{"line":133,"column":16}}]},"16":{"type":"branch","line":133,"loc":{"start":{"line":133,"column":8},"end":{"line":133,"column":25}},"locations":[{"start":{"line":133,"column":8},"end":{"line":133,"column":25}}]},"17":{"type":"branch","line":133,"loc":{"start":{"line":133,"column":25},"end":{"line":137,"column":5}},"locations":[{"start":{"line":133,"column":25},"end":{"line":137,"column":5}}]},"18":{"type":"branch","line":137,"loc":{"start":{"line":137,"column":4},"end":{"line":147,"column":43}},"locations":[{"start":{"line":137,"column":4},"end":{"line":147,"column":43}}]},"19":{"type":"branch","line":150,"loc":{"start":{"line":150,"column":2},"end":{"line":158,"column":3}},"locations":[{"start":{"line":150,"column":2},"end":{"line":158,"column":3}}]},"20":{"type":"branch","line":151,"loc":{"start":{"line":151,"column":24},"end":{"line":154,"column":5}},"locations":[{"start":{"line":151,"column":24},"end":{"line":154,"column":5}}]}},"b":{"0":[22],"1":[6],"2":[1],"3":[0],"4":[0],"5":[0],"6":[0],"7":[29],"8":[0],"9":[0],"10":[14],"11":[0],"12":[2],"13":[15],"14":[0],"15":[15],"16":[0],"17":[0],"18":[15],"19":[9],"20":[3]},"fnMap":{"0":{"name":"useWorkpieceScene","decl":{"start":{"line":46,"column":7},"end":{"line":177,"column":1}},"loc":{"start":{"line":46,"column":7},"end":{"line":177,"column":1}},"line":46},"1":{"name":"createWorkpiece","decl":{"start":{"line":66,"column":2},"end":{"line":74,"column":3}},"loc":{"start":{"line":66,"column":2},"end":{"line":74,"column":3}},"line":66},"2":{"name":"applyAllOperations","decl":{"start":{"line":76,"column":2},"end":{"line":96,"column":3}},"loc":{"start":{"line":76,"column":2},"end":{"line":96,"column":3}},"line":76},"3":{"name":"recomputeWorkpiece","decl":{"start":{"line":98,"column":2},"end":{"line":148,"column":3}},"loc":{"start":{"line":98,"column":2},"end":{"line":148,"column":3}},"line":98},"4":{"name":"reset","decl":{"start":{"line":150,"column":2},"end":{"line":158,"column":3}},"loc":{"start":{"line":150,"column":2},"end":{"line":158,"column":3}},"line":150}},"f":{"0":22,"1":6,"2":1,"3":29,"4":9}}
}
