{"D:\\Prywatne\\Projekty\\gcode2\\src\\app\\useGCodePipeline.ts": {"path":"D:\\Prywatne\\Projekty\\gcode2\\src\\app\\useGCodePipeline.ts","all":true,"statementMap":{"7":{"start":{"line":8,"column":0},"end":{"line":8,"column":84}},"8":{"start":{"line":9,"column":0},"end":{"line":9,"column":45}},"9":{"start":{"line":10,"column":0},"end":{"line":10,"column":57}},"10":{"start":{"line":11,"column":0},"end":{"line":11,"column":57}},"11":{"start":{"line":12,"column":0},"end":{"line":12,"column":91}},"12":{"start":{"line":13,"column":0},"end":{"line":13,"column":52}},"13":{"start":{"line":14,"column":0},"end":{"line":14,"column":8}},"20":{"start":{"line":21,"column":0},"end":{"line":21,"column":23}},"40":{"start":{"line":41,"column":0},"end":{"line":41,"column":51}},"41":{"start":{"line":42,"column":0},"end":{"line":42,"column":40}},"42":{"start":{"line":43,"column":0},"end":{"line":43,"column":41}},"43":{"start":{"line":44,"column":0},"end":{"line":44,"column":47}},"44":{"start":{"line":45,"column":0},"end":{"line":45,"column":34}},"46":{"start":{"line":47,"column":0},"end":{"line":47,"column":27}},"47":{"start":{"line":48,"column":0},"end":{"line":48,"column":33}},"48":{"start":{"line":49,"column":0},"end":{"line":49,"column":47}},"49":{"start":{"line":50,"column":0},"end":{"line":50,"column":50}},"50":{"start":{"line":51,"column":0},"end":{"line":51,"column":65}},"51":{"start":{"line":52,"column":0},"end":{"line":52,"column":64}},"52":{"start":{"line":53,"column":0},"end":{"line":53,"column":26}},"53":{"start":{"line":54,"column":0},"end":{"line":54,"column":31}},"54":{"start":{"line":55,"column":0},"end":{"line":55,"column":37}},"55":{"start":{"line":56,"column":0},"end":{"line":56,"column":26}},"57":{"start":{"line":58,"column":0},"end":{"line":58,"column":64}},"58":{"start":{"line":59,"column":0},"end":{"line":59,"column":52}},"60":{"start":{"line":61,"column":0},"end":{"line":61,"column":43}},"62":{"start":{"line":63,"column":0},"end":{"line":63,"column":26}},"63":{"start":{"line":64,"column":0},"end":{"line":64,"column":29}},"64":{"start":{"line":65,"column":0},"end":{"line":65,"column":28}},"65":{"start":{"line":66,"column":0},"end":{"line":66,"column":5}},"67":{"start":{"line":68,"column":0},"end":{"line":68,"column":39}},"69":{"start":{"line":70,"column":0},"end":{"line":70,"column":16}},"70":{"start":{"line":71,"column":0},"end":{"line":71,"column":19}},"71":{"start":{"line":72,"column":0},"end":{"line":72,"column":30}},"72":{"start":{"line":73,"column":0},"end":{"line":73,"column":28}},"73":{"start":{"line":74,"column":0},"end":{"line":74,"column":29}},"74":{"start":{"line":75,"column":0},"end":{"line":75,"column":25}},"75":{"start":{"line":76,"column":0},"end":{"line":76,"column":30}},"76":{"start":{"line":77,"column":0},"end":{"line":77,"column":26}},"77":{"start":{"line":78,"column":0},"end":{"line":78,"column":32}},"78":{"start":{"line":79,"column":0},"end":{"line":79,"column":12}},"79":{"start":{"line":80,"column":0},"end":{"line":80,"column":5}},"81":{"start":{"line":82,"column":0},"end":{"line":82,"column":29}},"83":{"start":{"line":84,"column":0},"end":{"line":84,"column":9}},"85":{"start":{"line":86,"column":0},"end":{"line":86,"column":55}},"86":{"start":{"line":87,"column":0},"end":{"line":87,"column":48}},"87":{"start":{"line":88,"column":0},"end":{"line":88,"column":47}},"90":{"start":{"line":91,"column":0},"end":{"line":91,"column":77}},"91":{"start":{"line":92,"column":0},"end":{"line":92,"column":91}},"92":{"start":{"line":93,"column":0},"end":{"line":93,"column":49}},"93":{"start":{"line":94,"column":0},"end":{"line":94,"column":42}},"94":{"start":{"line":95,"column":0},"end":{"line":95,"column":44}},"95":{"start":{"line":96,"column":0},"end":{"line":96,"column":45}},"96":{"start":{"line":97,"column":0},"end":{"line":97,"column":57}},"97":{"start":{"line":98,"column":0},"end":{"line":98,"column":43}},"100":{"start":{"line":101,"column":0},"end":{"line":101,"column":69}},"101":{"start":{"line":102,"column":0},"end":{"line":102,"column":66}},"103":{"start":{"line":104,"column":0},"end":{"line":104,"column":40}},"105":{"start":{"line":106,"column":0},"end":{"line":106,"column":34}},"106":{"start":{"line":107,"column":0},"end":{"line":107,"column":16}},"108":{"start":{"line":109,"column":0},"end":{"line":109,"column":53}},"109":{"start":{"line":110,"column":0},"end":{"line":110,"column":49}},"110":{"start":{"line":111,"column":0},"end":{"line":111,"column":87}},"111":{"start":{"line":112,"column":0},"end":{"line":112,"column":9}},"112":{"start":{"line":113,"column":0},"end":{"line":113,"column":40}},"113":{"start":{"line":114,"column":0},"end":{"line":114,"column":47}},"114":{"start":{"line":115,"column":0},"end":{"line":115,"column":51}},"115":{"start":{"line":116,"column":0},"end":{"line":116,"column":14}},"116":{"start":{"line":117,"column":0},"end":{"line":117,"column":64}},"117":{"start":{"line":118,"column":0},"end":{"line":118,"column":21}},"118":{"start":{"line":119,"column":0},"end":{"line":119,"column":7}},"119":{"start":{"line":120,"column":0},"end":{"line":120,"column":17}},"120":{"start":{"line":121,"column":0},"end":{"line":121,"column":54}},"121":{"start":{"line":122,"column":0},"end":{"line":122,"column":19}},"122":{"start":{"line":123,"column":0},"end":{"line":123,"column":15}},"123":{"start":{"line":124,"column":0},"end":{"line":124,"column":32}},"124":{"start":{"line":125,"column":0},"end":{"line":125,"column":5}},"125":{"start":{"line":126,"column":0},"end":{"line":126,"column":3}},"127":{"start":{"line":128,"column":0},"end":{"line":128,"column":37}},"128":{"start":{"line":129,"column":0},"end":{"line":129,"column":50}},"129":{"start":{"line":130,"column":0},"end":{"line":130,"column":52}},"130":{"start":{"line":131,"column":0},"end":{"line":131,"column":3}},"132":{"start":{"line":133,"column":0},"end":{"line":133,"column":36}},"133":{"start":{"line":134,"column":0},"end":{"line":134,"column":64}},"134":{"start":{"line":135,"column":0},"end":{"line":135,"column":59}},"136":{"start":{"line":137,"column":0},"end":{"line":137,"column":65}},"137":{"start":{"line":138,"column":0},"end":{"line":138,"column":33}},"138":{"start":{"line":139,"column":0},"end":{"line":139,"column":3}},"140":{"start":{"line":141,"column":0},"end":{"line":141,"column":58}},"141":{"start":{"line":142,"column":0},"end":{"line":142,"column":25}},"142":{"start":{"line":143,"column":0},"end":{"line":143,"column":29}},"143":{"start":{"line":144,"column":0},"end":{"line":144,"column":3}},"145":{"start":{"line":146,"column":0},"end":{"line":146,"column":30}},"146":{"start":{"line":147,"column":0},"end":{"line":147,"column":13}},"147":{"start":{"line":148,"column":0},"end":{"line":148,"column":3}},"149":{"start":{"line":150,"column":0},"end":{"line":150,"column":21}},"150":{"start":{"line":151,"column":0},"end":{"line":151,"column":50}},"151":{"start":{"line":152,"column":0},"end":{"line":152,"column":22}},"152":{"start":{"line":153,"column":0},"end":{"line":153,"column":4}},"154":{"start":{"line":155,"column":0},"end":{"line":155,"column":10}},"155":{"start":{"line":156,"column":0},"end":{"line":156,"column":14}},"156":{"start":{"line":157,"column":0},"end":{"line":157,"column":17}},"157":{"start":{"line":158,"column":0},"end":{"line":158,"column":18}},"158":{"start":{"line":159,"column":0},"end":{"line":159,"column":16}},"159":{"start":{"line":160,"column":0},"end":{"line":160,"column":15}},"160":{"start":{"line":161,"column":0},"end":{"line":161,"column":21}},"161":{"start":{"line":162,"column":0},"end":{"line":162,"column":14}},"162":{"start":{"line":163,"column":0},"end":{"line":163,"column":19}},"163":{"start":{"line":164,"column":0},"end":{"line":164,"column":14}},"164":{"start":{"line":165,"column":0},"end":{"line":165,"column":10}},"165":{"start":{"line":166,"column":0},"end":{"line":166,"column":13}},"166":{"start":{"line":167,"column":0},"end":{"line":167,"column":13}},"167":{"start":{"line":168,"column":0},"end":{"line":168,"column":24}},"168":{"start":{"line":169,"column":0},"end":{"line":169,"column":13}},"169":{"start":{"line":170,"column":0},"end":{"line":170,"column":14}},"170":{"start":{"line":171,"column":0},"end":{"line":171,"column":3}},"171":{"start":{"line":172,"column":0},"end":{"line":172,"column":1}}},"s":{"7":0,"8":0,"9":0,"10":0,"11":0,"12":0,"13":0,"20":0,"40":0,"41":0,"42":0,"43":0,"44":0,"46":0,"47":0,"48":0,"49":0,"50":0,"51":0,"52":0,"53":0,"54":0,"55":0,"57":0,"58":0,"60":0,"62":0,"63":0,"64":0,"65":0,"67":0,"69":0,"70":0,"71":0,"72":0,"73":0,"74":0,"75":0,"76":0,"77":0,"78":0,"79":0,"81":0,"83":0,"85":0,"86":0,"87":0,"90":0,"91":0,"92":0,"93":0,"94":0,"95":0,"96":0,"97":0,"100":0,"101":0,"103":0,"105":0,"106":0,"108":0,"109":0,"110":0,"111":0,"112":0,"113":0,"114":0,"115":0,"116":0,"117":0,"118":0,"119":0,"120":0,"121":0,"122":0,"123":0,"124":0,"125":0,"127":0,"128":0,"129":0,"130":0,"132":0,"133":0,"134":0,"136":0,"137":0,"138":0,"140":0,"141":0,"142":0,"143":0,"145":0,"146":0,"147":0,"149":0,"150":0,"151":0,"152":0,"154":0,"155":0,"156":0,"157":0,"158":0,"159":0,"160":0,"161":0,"162":0,"163":0,"164":0,"165":0,"166":0,"167":0,"168":0,"169":0,"170":0,"171":0},"branchMap":{"0":{"type":"branch","line":1,"loc":{"start":{"line":1,"column":5380},"end":{"line":172,"column":1}},"locations":[{"start":{"line":1,"column":5380},"end":{"line":172,"column":1}}]}},"b":{"0":[1]},"fnMap":{"0":{"name":"(empty-report)","decl":{"start":{"line":1,"column":5380},"end":{"line":172,"column":1}},"loc":{"start":{"line":1,"column":5380},"end":{"line":172,"column":1}},"line":1}},"f":{"0":1}}
,"D:\\Prywatne\\Projekty\\gcode2\\src\\csg\\manifoldEngine.ts": {"path":"D:\\Prywatne\\Projekty\\gcode2\\src\\csg\\manifoldEngine.ts","all":false,"statementMap":{"12":{"start":{"line":13,"column":0},"end":{"line":13,"column":68}},"13":{"start":{"line":14,"column":0},"end":{"line":14,"column":82}},"23":{"start":{"line":24,"column":0},"end":{"line":24,"column":53}},"24":{"start":{"line":25,"column":0},"end":{"line":25,"column":24}},"25":{"start":{"line":26,"column":0},"end":{"line":26,"column":20}},"26":{"start":{"line":27,"column":0},"end":{"line":27,"column":28}},"32":{"start":{"line":33,"column":0},"end":{"line":33,"column":5}},"33":{"start":{"line":34,"column":0},"end":{"line":34,"column":56}},"35":{"start":{"line":36,"column":0},"end":{"line":36,"column":17}},"36":{"start":{"line":37,"column":0},"end":{"line":37,"column":97}},"38":{"start":{"line":39,"column":0},"end":{"line":39,"column":95}},"39":{"start":{"line":40,"column":0},"end":{"line":40,"column":34}},"40":{"start":{"line":41,"column":0},"end":{"line":41,"column":40}},"41":{"start":{"line":42,"column":0},"end":{"line":42,"column":18}},"42":{"start":{"line":43,"column":0},"end":{"line":43,"column":31}},"43":{"start":{"line":44,"column":0},"end":{"line":44,"column":20}},"44":{"start":{"line":45,"column":0},"end":{"line":45,"column":40}},"45":{"start":{"line":46,"column":0},"end":{"line":46,"column":16}},"46":{"start":{"line":47,"column":0},"end":{"line":47,"column":31}},"47":{"start":{"line":48,"column":0},"end":{"line":48,"column":9}},"48":{"start":{"line":49,"column":0},"end":{"line":49,"column":7}},"49":{"start":{"line":50,"column":0},"end":{"line":50,"column":5}},"51":{"start":{"line":52,"column":0},"end":{"line":52,"column":46}},"52":{"start":{"line":53,"column":0},"end":{"line":53,"column":58}},"53":{"start":{"line":54,"column":0},"end":{"line":54,"column":47}},"54":{"start":{"line":55,"column":0},"end":{"line":55,"column":70}},"55":{"start":{"line":56,"column":0},"end":{"line":56,"column":31}},"56":{"start":{"line":57,"column":0},"end":{"line":57,"column":7}},"57":{"start":{"line":58,"column":0},"end":{"line":58,"column":5}},"59":{"start":{"line":60,"column":0},"end":{"line":60,"column":41}},"60":{"start":{"line":61,"column":0},"end":{"line":61,"column":58}},"61":{"start":{"line":62,"column":0},"end":{"line":62,"column":5}},"62":{"start":{"line":63,"column":0},"end":{"line":63,"column":3}},"64":{"start":{"line":65,"column":0},"end":{"line":65,"column":89}},"65":{"start":{"line":66,"column":0},"end":{"line":66,"column":28}},"66":{"start":{"line":67,"column":0},"end":{"line":67,"column":45}},"67":{"start":{"line":68,"column":0},"end":{"line":68,"column":47}},"68":{"start":{"line":69,"column":0},"end":{"line":69,"column":57}},"69":{"start":{"line":70,"column":0},"end":{"line":70,"column":34}},"70":{"start":{"line":71,"column":0},"end":{"line":71,"column":6}},"71":{"start":{"line":72,"column":0},"end":{"line":72,"column":3}},"73":{"start":{"line":74,"column":0},"end":{"line":74,"column":68}},"74":{"start":{"line":75,"column":0},"end":{"line":75,"column":36}},"75":{"start":{"line":76,"column":0},"end":{"line":76,"column":71}},"76":{"start":{"line":77,"column":0},"end":{"line":77,"column":68}},"82":{"start":{"line":83,"column":0},"end":{"line":83,"column":74}},"83":{"start":{"line":84,"column":0},"end":{"line":84,"column":17}},"89":{"start":{"line":90,"column":0},"end":{"line":90,"column":33}},"90":{"start":{"line":91,"column":0},"end":{"line":91,"column":36}},"91":{"start":{"line":92,"column":0},"end":{"line":92,"column":59}},"92":{"start":{"line":93,"column":0},"end":{"line":93,"column":7}},"93":{"start":{"line":94,"column":0},"end":{"line":94,"column":5}},"95":{"start":{"line":96,"column":0},"end":{"line":96,"column":35}},"96":{"start":{"line":97,"column":0},"end":{"line":97,"column":18}},"97":{"start":{"line":98,"column":0},"end":{"line":98,"column":3}},"99":{"start":{"line":100,"column":0},"end":{"line":100,"column":85}},"101":{"start":{"line":102,"column":0},"end":{"line":102,"column":57}},"103":{"start":{"line":104,"column":0},"end":{"line":104,"column":57}},"104":{"start":{"line":105,"column":0},"end":{"line":105,"column":56}},"107":{"start":{"line":108,"column":0},"end":{"line":108,"column":37}},"108":{"start":{"line":109,"column":0},"end":{"line":109,"column":29}},"109":{"start":{"line":110,"column":0},"end":{"line":110,"column":5}},"110":{"start":{"line":111,"column":0},"end":{"line":111,"column":14}},"111":{"start":{"line":112,"column":0},"end":{"line":112,"column":3}},"113":{"start":{"line":114,"column":0},"end":{"line":114,"column":84}},"114":{"start":{"line":115,"column":0},"end":{"line":115,"column":92}},"115":{"start":{"line":116,"column":0},"end":{"line":116,"column":3}},"117":{"start":{"line":118,"column":0},"end":{"line":118,"column":92}},"118":{"start":{"line":119,"column":0},"end":{"line":119,"column":97}},"119":{"start":{"line":120,"column":0},"end":{"line":120,"column":3}},"121":{"start":{"line":122,"column":0},"end":{"line":122,"column":27}},"122":{"start":{"line":123,"column":0},"end":{"line":123,"column":30}},"123":{"start":{"line":124,"column":0},"end":{"line":124,"column":38}},"124":{"start":{"line":125,"column":0},"end":{"line":125,"column":25}},"125":{"start":{"line":126,"column":0},"end":{"line":126,"column":34}},"126":{"start":{"line":127,"column":0},"end":{"line":127,"column":50}},"127":{"start":{"line":128,"column":0},"end":{"line":128,"column":5}},"129":{"start":{"line":130,"column":0},"end":{"line":130,"column":34}},"130":{"start":{"line":131,"column":0},"end":{"line":131,"column":85}},"131":{"start":{"line":132,"column":0},"end":{"line":132,"column":5}},"134":{"start":{"line":135,"column":0},"end":{"line":135,"column":38}},"135":{"start":{"line":136,"column":0},"end":{"line":136,"column":28}},"136":{"start":{"line":137,"column":0},"end":{"line":137,"column":44}},"137":{"start":{"line":138,"column":0},"end":{"line":138,"column":17}},"138":{"start":{"line":139,"column":0},"end":{"line":139,"column":6}},"140":{"start":{"line":141,"column":0},"end":{"line":141,"column":12}},"141":{"start":{"line":142,"column":0},"end":{"line":142,"column":55}},"142":{"start":{"line":143,"column":0},"end":{"line":143,"column":36}},"143":{"start":{"line":144,"column":0},"end":{"line":144,"column":5}},"144":{"start":{"line":145,"column":0},"end":{"line":145,"column":3}},"146":{"start":{"line":147,"column":0},"end":{"line":147,"column":43}},"147":{"start":{"line":148,"column":0},"end":{"line":148,"column":22}},"148":{"start":{"line":149,"column":0},"end":{"line":149,"column":3}},"150":{"start":{"line":151,"column":0},"end":{"line":151,"column":21}},"151":{"start":{"line":152,"column":0},"end":{"line":152,"column":27}},"152":{"start":{"line":153,"column":0},"end":{"line":153,"column":3}},"153":{"start":{"line":154,"column":0},"end":{"line":154,"column":1}}},"s":{"12":1,"13":1,"23":1,"24":1,"25":23,"26":23,"32":23,"33":23,"35":1,"36":23,"38":23,"39":2,"40":2,"41":2,"42":2,"43":2,"44":1,"45":1,"46":1,"47":1,"48":2,"49":2,"51":23,"52":1,"53":1,"54":1,"55":1,"56":1,"57":1,"59":23,"60":0,"61":0,"62":23,"64":1,"65":5,"66":5,"67":5,"68":5,"69":5,"70":5,"71":5,"73":1,"74":1,"75":1,"76":1,"82":1,"83":1,"89":1,"90":1,"91":1,"92":1,"93":1,"95":1,"96":1,"97":1,"99":1,"101":19,"103":19,"104":19,"107":19,"108":114,"109":114,"110":19,"111":19,"113":1,"114":1,"115":1,"117":1,"118":1,"119":1,"121":1,"122":7,"123":7,"124":7,"125":7,"126":1,"127":1,"129":7,"130":1,"131":1,"134":5,"135":5,"136":5,"137":5,"138":5,"140":1,"141":1,"142":1,"143":1,"144":7,"146":1,"147":1,"148":1,"150":1,"151":5,"152":5,"153":1},"branchMap":{"0":{"type":"branch","line":25,"loc":{"start":{"line":25,"column":10},"end":{"line":34,"column":56}},"locations":[{"start":{"line":25,"column":10},"end":{"line":34,"column":56}}]},"1":{"type":"branch","line":36,"loc":{"start":{"line":36,"column":2},"end":{"line":63,"column":3}},"locations":[{"start":{"line":36,"column":2},"end":{"line":63,"column":3}}]},"2":{"type":"branch","line":39,"loc":{"start":{"line":39,"column":28},"end":{"line":50,"column":5}},"locations":[{"start":{"line":39,"column":28},"end":{"line":50,"column":5}}]},"3":{"type":"branch","line":44,"loc":{"start":{"line":44,"column":19},"end":{"line":48,"column":9}},"locations":[{"start":{"line":44,"column":19},"end":{"line":48,"column":9}}]},"4":{"type":"branch","line":52,"loc":{"start":{"line":52,"column":26},"end":{"line":58,"column":5}},"locations":[{"start":{"line":52,"column":26},"end":{"line":58,"column":5}}]},"5":{"type":"branch","line":65,"loc":{"start":{"line":65,"column":10},"end":{"line":72,"column":3}},"locations":[{"start":{"line":65,"column":10},"end":{"line":72,"column":3}}]},"6":{"type":"branch","line":67,"loc":{"start":{"line":67,"column":23},"end":{"line":71,"column":5}},"locations":[{"start":{"line":67,"column":23},"end":{"line":71,"column":5}}]},"7":{"type":"branch","line":74,"loc":{"start":{"line":74,"column":10},"end":{"line":98,"column":3}},"locations":[{"start":{"line":74,"column":10},"end":{"line":98,"column":3}}]},"8":{"type":"branch","line":100,"loc":{"start":{"line":100,"column":2},"end":{"line":112,"column":3}},"locations":[{"start":{"line":100,"column":2},"end":{"line":112,"column":3}}]},"9":{"type":"branch","line":108,"loc":{"start":{"line":108,"column":36},"end":{"line":110,"column":5}},"locations":[{"start":{"line":108,"column":36},"end":{"line":110,"column":5}}]},"10":{"type":"branch","line":114,"loc":{"start":{"line":114,"column":2},"end":{"line":116,"column":3}},"locations":[{"start":{"line":114,"column":2},"end":{"line":116,"column":3}}]},"11":{"type":"branch","line":118,"loc":{"start":{"line":118,"column":2},"end":{"line":120,"column":3}},"locations":[{"start":{"line":118,"column":2},"end":{"line":120,"column":3}}]},"12":{"type":"branch","line":122,"loc":{"start":{"line":122,"column":2},"end":{"line":145,"column":3}},"locations":[{"start":{"line":122,"column":2},"end":{"line":145,"column":3}}]},"13":{"type":"branch","line":126,"loc":{"start":{"line":126,"column":33},"end":{"line":128,"column":5}},"locations":[{"start":{"line":126,"column":33},"end":{"line":128,"column":5}}]},"14":{"type":"branch","line":128,"loc":{"start":{"line":128,"column":4},"end":{"line":130,"column":33}},"locations":[{"start":{"line":128,"column":4},"end":{"line":130,"column":33}}]},"15":{"type":"branch","line":130,"loc":{"start":{"line":130,"column":33},"end":{"line":132,"column":5}},"locations":[{"start":{"line":130,"column":33},"end":{"line":132,"column":5}}]},"16":{"type":"branch","line":132,"loc":{"start":{"line":132,"column":4},"end":{"line":139,"column":6}},"locations":[{"start":{"line":132,"column":4},"end":{"line":139,"column":6}}]},"17":{"type":"branch","line":139,"loc":{"start":{"line":139,"column":5},"end":{"line":144,"column":5}},"locations":[{"start":{"line":139,"column":5},"end":{"line":144,"column":5}}]},"18":{"type":"branch","line":147,"loc":{"start":{"line":147,"column":2},"end":{"line":149,"column":3}},"locations":[{"start":{"line":147,"column":2},"end":{"line":149,"column":3}}]},"19":{"type":"branch","line":151,"loc":{"start":{"line":151,"column":2},"end":{"line":153,"column":3}},"locations":[{"start":{"line":151,"column":2},"end":{"line":153,"column":3}}]}},"b":{"0":[23],"1":[23],"2":[2],"3":[1],"4":[1],"5":[5],"6":[5],"7":[1],"8":[19],"9":[114],"10":[1],"11":[1],"12":[7],"13":[1],"14":[6],"15":[1],"16":[5],"17":[1],"18":[1],"19":[5]},"fnMap":{"0":{"name":"<instance_members_initializer>","decl":{"start":{"line":25,"column":10},"end":{"line":34,"column":56}},"loc":{"start":{"line":25,"column":10},"end":{"line":34,"column":56}},"line":25},"1":{"name":"ManifoldCsgEngine","decl":{"start":{"line":36,"column":2},"end":{"line":63,"column":3}},"loc":{"start":{"line":36,"column":2},"end":{"line":63,"column":3}},"line":36},"2":{"name":"ManifoldCsgEngine.worker.onmessage","decl":{"start":{"line":39,"column":28},"end":{"line":50,"column":5}},"loc":{"start":{"line":39,"column":28},"end":{"line":50,"column":5}},"line":39},"3":{"name":"ManifoldCsgEngine.worker.onerror","decl":{"start":{"line":52,"column":26},"end":{"line":58,"column":5}},"loc":{"start":{"line":52,"column":26},"end":{"line":58,"column":5}},"line":52},"4":{"name":"ManifoldCsgEngine.worker.onmessageerror","decl":{"start":{"line":60,"column":33},"end":{"line":62,"column":5}},"loc":{"start":{"line":60,"column":33},"end":{"line":62,"column":5}},"line":60},"5":{"name":"send","decl":{"start":{"line":65,"column":10},"end":{"line":72,"column":3}},"loc":{"start":{"line":65,"column":10},"end":{"line":72,"column":3}},"line":65},"6":{"name":"deserializeGeo","decl":{"start":{"line":74,"column":10},"end":{"line":98,"column":3}},"loc":{"start":{"line":74,"column":10},"end":{"line":98,"column":3}},"line":74},"7":{"name":"createWorkpiece","decl":{"start":{"line":100,"column":2},"end":{"line":112,"column":3}},"loc":{"start":{"line":100,"column":2},"end":{"line":112,"column":3}},"line":100},"8":{"name":"subtract","decl":{"start":{"line":114,"column":2},"end":{"line":116,"column":3}},"loc":{"start":{"line":114,"column":2},"end":{"line":116,"column":3}},"line":114},"9":{"name":"subtractBatch","decl":{"start":{"line":118,"column":2},"end":{"line":120,"column":3}},"loc":{"start":{"line":118,"column":2},"end":{"line":120,"column":3}},"line":118},"10":{"name":"subtractBatchAsync","decl":{"start":{"line":122,"column":2},"end":{"line":145,"column":3}},"loc":{"start":{"line":122,"column":2},"end":{"line":145,"column":3}},"line":122},"11":{"name":"dispose","decl":{"start":{"line":147,"column":2},"end":{"line":149,"column":3}},"loc":{"start":{"line":147,"column":2},"end":{"line":149,"column":3}},"line":147},"12":{"name":"terminate","decl":{"start":{"line":151,"column":2},"end":{"line":153,"column":3}},"loc":{"start":{"line":151,"column":2},"end":{"line":153,"column":3}},"line":151}},"f":{"0":23,"1":23,"2":2,"3":1,"4":0,"5":5,"6":1,"7":19,"8":1,"9":1,"10":7,"11":1,"12":5}}
,"D:\\Prywatne\\Projekty\\gcode2\\src\\editor\\gcodeLanguage.ts": {"path":"D:\\Prywatne\\Projekty\\gcode2\\src\\editor\\gcodeLanguage.ts","all":true,"statementMap":{"14":{"start":{"line":15,"column":0},"end":{"line":15,"column":72}},"15":{"start":{"line":16,"column":0},"end":{"line":16,"column":39}},"21":{"start":{"line":22,"column":0},"end":{"line":22,"column":53}},"22":{"start":{"line":23,"column":0},"end":{"line":23,"column":28}},"23":{"start":{"line":24,"column":0},"end":{"line":24,"column":36}},"24":{"start":{"line":25,"column":0},"end":{"line":25,"column":4}},"26":{"start":{"line":27,"column":0},"end":{"line":27,"column":39}},"28":{"start":{"line":29,"column":0},"end":{"line":29,"column":31}},"29":{"start":{"line":30,"column":0},"end":{"line":30,"column":31}},"30":{"start":{"line":31,"column":0},"end":{"line":31,"column":21}},"31":{"start":{"line":32,"column":0},"end":{"line":32,"column":36}},"32":{"start":{"line":33,"column":0},"end":{"line":33,"column":14}},"33":{"start":{"line":34,"column":0},"end":{"line":34,"column":26}},"34":{"start":{"line":35,"column":0},"end":{"line":35,"column":7}},"35":{"start":{"line":36,"column":0},"end":{"line":36,"column":22}},"36":{"start":{"line":37,"column":0},"end":{"line":37,"column":5}},"39":{"start":{"line":40,"column":0},"end":{"line":40,"column":38}},"42":{"start":{"line":43,"column":0},"end":{"line":43,"column":28}},"43":{"start":{"line":44,"column":0},"end":{"line":44,"column":24}},"44":{"start":{"line":45,"column":0},"end":{"line":45,"column":22}},"45":{"start":{"line":46,"column":0},"end":{"line":46,"column":5}},"48":{"start":{"line":49,"column":0},"end":{"line":49,"column":28}},"49":{"start":{"line":50,"column":0},"end":{"line":50,"column":31}},"50":{"start":{"line":51,"column":0},"end":{"line":51,"column":21}},"51":{"start":{"line":52,"column":0},"end":{"line":52,"column":14}},"52":{"start":{"line":53,"column":0},"end":{"line":53,"column":35}},"53":{"start":{"line":54,"column":0},"end":{"line":54,"column":26}},"54":{"start":{"line":55,"column":0},"end":{"line":55,"column":7}},"55":{"start":{"line":56,"column":0},"end":{"line":56,"column":22}},"56":{"start":{"line":57,"column":0},"end":{"line":57,"column":5}},"59":{"start":{"line":60,"column":0},"end":{"line":60,"column":28}},"60":{"start":{"line":61,"column":0},"end":{"line":61,"column":24}},"61":{"start":{"line":62,"column":0},"end":{"line":62,"column":19}},"62":{"start":{"line":63,"column":0},"end":{"line":63,"column":5}},"65":{"start":{"line":66,"column":0},"end":{"line":66,"column":43}},"66":{"start":{"line":67,"column":0},"end":{"line":67,"column":22}},"67":{"start":{"line":68,"column":0},"end":{"line":68,"column":5}},"70":{"start":{"line":71,"column":0},"end":{"line":71,"column":35}},"71":{"start":{"line":72,"column":0},"end":{"line":72,"column":19}},"72":{"start":{"line":73,"column":0},"end":{"line":73,"column":5}},"75":{"start":{"line":76,"column":0},"end":{"line":76,"column":35}},"76":{"start":{"line":77,"column":0},"end":{"line":77,"column":23}},"77":{"start":{"line":78,"column":0},"end":{"line":78,"column":5}},"80":{"start":{"line":81,"column":0},"end":{"line":81,"column":35}},"81":{"start":{"line":82,"column":0},"end":{"line":82,"column":26}},"82":{"start":{"line":83,"column":0},"end":{"line":83,"column":5}},"85":{"start":{"line":86,"column":0},"end":{"line":86,"column":47}},"86":{"start":{"line":87,"column":0},"end":{"line":87,"column":21}},"87":{"start":{"line":88,"column":0},"end":{"line":88,"column":5}},"90":{"start":{"line":91,"column":0},"end":{"line":91,"column":57}},"91":{"start":{"line":92,"column":0},"end":{"line":92,"column":27}},"92":{"start":{"line":93,"column":0},"end":{"line":93,"column":5}},"95":{"start":{"line":96,"column":0},"end":{"line":96,"column":41}},"96":{"start":{"line":97,"column":0},"end":{"line":97,"column":21}},"97":{"start":{"line":98,"column":0},"end":{"line":98,"column":5}},"100":{"start":{"line":101,"column":0},"end":{"line":101,"column":17}},"101":{"start":{"line":102,"column":0},"end":{"line":102,"column":15}},"102":{"start":{"line":103,"column":0},"end":{"line":103,"column":4}},"104":{"start":{"line":105,"column":0},"end":{"line":105,"column":17}},"105":{"start":{"line":106,"column":0},"end":{"line":106,"column":67}},"106":{"start":{"line":107,"column":0},"end":{"line":107,"column":4}},"107":{"start":{"line":108,"column":0},"end":{"line":108,"column":1}},"110":{"start":{"line":111,"column":0},"end":{"line":111,"column":69}},"113":{"start":{"line":114,"column":0},"end":{"line":114,"column":35}},"114":{"start":{"line":115,"column":0},"end":{"line":115,"column":41}},"115":{"start":{"line":116,"column":0},"end":{"line":116,"column":41}},"116":{"start":{"line":117,"column":0},"end":{"line":117,"column":41}},"117":{"start":{"line":118,"column":0},"end":{"line":118,"column":44}},"118":{"start":{"line":119,"column":0},"end":{"line":119,"column":50}},"119":{"start":{"line":120,"column":0},"end":{"line":120,"column":42}},"120":{"start":{"line":121,"column":0},"end":{"line":121,"column":43}},"121":{"start":{"line":122,"column":0},"end":{"line":122,"column":46}},"122":{"start":{"line":123,"column":0},"end":{"line":123,"column":1}}},"s":{"14":0,"15":0,"21":0,"22":0,"23":0,"24":0,"26":0,"28":0,"29":0,"30":0,"31":0,"32":0,"33":0,"34":0,"35":0,"36":0,"39":0,"42":0,"43":0,"44":0,"45":0,"48":0,"49":0,"50":0,"51":0,"52":0,"53":0,"54":0,"55":0,"56":0,"59":0,"60":0,"61":0,"62":0,"65":0,"66":0,"67":0,"70":0,"71":0,"72":0,"75":0,"76":0,"77":0,"80":0,"81":0,"82":0,"85":0,"86":0,"87":0,"90":0,"91":0,"92":0,"95":0,"96":0,"97":0,"100":0,"101":0,"102":0,"104":0,"105":0,"106":0,"107":0,"110":0,"113":0,"114":0,"115":0,"116":0,"117":0,"118":0,"119":0,"120":0,"121":0,"122":0},"branchMap":{"0":{"type":"branch","line":1,"loc":{"start":{"line":1,"column":2949},"end":{"line":123,"column":1}},"locations":[{"start":{"line":1,"column":2949},"end":{"line":123,"column":1}}]}},"b":{"0":[1]},"fnMap":{"0":{"name":"(empty-report)","decl":{"start":{"line":1,"column":2949},"end":{"line":123,"column":1}},"loc":{"start":{"line":1,"column":2949},"end":{"line":123,"column":1}},"line":1}},"f":{"0":1}}
,"D:\\Prywatne\\Projekty\\gcode2\\src\\parser\\handlers.ts": {"path":"D:\\Prywatne\\Projekty\\gcode2\\src\\parser\\handlers.ts","all":false,"statementMap":{"22":{"start":{"line":23,"column":0},"end":{"line":23,"column":79}},"23":{"start":{"line":24,"column":0},"end":{"line":24,"column":55}},"24":{"start":{"line":25,"column":0},"end":{"line":25,"column":17}},"25":{"start":{"line":26,"column":0},"end":{"line":26,"column":1}},"27":{"start":{"line":28,"column":0},"end":{"line":28,"column":23}},"28":{"start":{"line":29,"column":0},"end":{"line":29,"column":26}},"29":{"start":{"line":30,"column":0},"end":{"line":30,"column":22}},"30":{"start":{"line":31,"column":0},"end":{"line":31,"column":14}},"31":{"start":{"line":32,"column":0},"end":{"line":32,"column":14}},"32":{"start":{"line":33,"column":0},"end":{"line":33,"column":14}},"33":{"start":{"line":34,"column":0},"end":{"line":34,"column":21}},"34":{"start":{"line":35,"column":0},"end":{"line":35,"column":20}},"35":{"start":{"line":36,"column":0},"end":{"line":36,"column":14}},"36":{"start":{"line":37,"column":0},"end":{"line":37,"column":10}},"37":{"start":{"line":38,"column":0},"end":{"line":38,"column":9}},"38":{"start":{"line":39,"column":0},"end":{"line":39,"column":19}},"39":{"start":{"line":40,"column":0},"end":{"line":40,"column":19}},"40":{"start":{"line":41,"column":0},"end":{"line":41,"column":19}},"41":{"start":{"line":42,"column":0},"end":{"line":42,"column":8}},"42":{"start":{"line":43,"column":0},"end":{"line":43,"column":8}},"43":{"start":{"line":44,"column":0},"end":{"line":44,"column":8}},"44":{"start":{"line":45,"column":0},"end":{"line":45,"column":41}},"45":{"start":{"line":46,"column":0},"end":{"line":46,"column":33}},"46":{"start":{"line":47,"column":0},"end":{"line":47,"column":37}},"47":{"start":{"line":48,"column":0},"end":{"line":48,"column":37}},"48":{"start":{"line":49,"column":0},"end":{"line":49,"column":15}},"49":{"start":{"line":50,"column":0},"end":{"line":50,"column":3}},"50":{"start":{"line":51,"column":0},"end":{"line":51,"column":1}},"54":{"start":{"line":55,"column":0},"end":{"line":55,"column":22}},"55":{"start":{"line":56,"column":0},"end":{"line":56,"column":19}},"56":{"start":{"line":57,"column":0},"end":{"line":57,"column":26}},"57":{"start":{"line":58,"column":0},"end":{"line":58,"column":24}},"58":{"start":{"line":59,"column":0},"end":{"line":59,"column":22}},"59":{"start":{"line":60,"column":0},"end":{"line":60,"column":21}},"60":{"start":{"line":61,"column":0},"end":{"line":61,"column":18}},"61":{"start":{"line":62,"column":0},"end":{"line":62,"column":40}},"62":{"start":{"line":63,"column":0},"end":{"line":63,"column":40}},"64":{"start":{"line":65,"column":0},"end":{"line":65,"column":43}},"66":{"start":{"line":67,"column":0},"end":{"line":67,"column":40}},"68":{"start":{"line":69,"column":0},"end":{"line":69,"column":49}},"69":{"start":{"line":70,"column":0},"end":{"line":70,"column":49}},"70":{"start":{"line":71,"column":0},"end":{"line":71,"column":49}},"71":{"start":{"line":72,"column":0},"end":{"line":72,"column":10}},"73":{"start":{"line":74,"column":0},"end":{"line":74,"column":43}},"74":{"start":{"line":75,"column":0},"end":{"line":75,"column":43}},"75":{"start":{"line":76,"column":0},"end":{"line":76,"column":43}},"76":{"start":{"line":77,"column":0},"end":{"line":77,"column":3}},"78":{"start":{"line":79,"column":0},"end":{"line":79,"column":35}},"79":{"start":{"line":80,"column":0},"end":{"line":80,"column":13}},"80":{"start":{"line":81,"column":0},"end":{"line":81,"column":21}},"81":{"start":{"line":82,"column":0},"end":{"line":82,"column":11}},"82":{"start":{"line":83,"column":0},"end":{"line":83,"column":11}},"83":{"start":{"line":84,"column":0},"end":{"line":84,"column":11}},"84":{"start":{"line":85,"column":0},"end":{"line":85,"column":19}},"85":{"start":{"line":86,"column":0},"end":{"line":86,"column":3}},"88":{"start":{"line":89,"column":0},"end":{"line":89,"column":62}},"89":{"start":{"line":90,"column":0},"end":{"line":90,"column":40}},"90":{"start":{"line":91,"column":0},"end":{"line":91,"column":3}},"92":{"start":{"line":93,"column":0},"end":{"line":93,"column":72}},"93":{"start":{"line":94,"column":0},"end":{"line":94,"column":40}},"94":{"start":{"line":95,"column":0},"end":{"line":95,"column":1}},"98":{"start":{"line":99,"column":0},"end":{"line":99,"column":19}},"99":{"start":{"line":100,"column":0},"end":{"line":100,"column":19}},"100":{"start":{"line":101,"column":0},"end":{"line":101,"column":29}},"101":{"start":{"line":102,"column":0},"end":{"line":102,"column":24}},"102":{"start":{"line":103,"column":0},"end":{"line":103,"column":22}},"103":{"start":{"line":104,"column":0},"end":{"line":104,"column":21}},"104":{"start":{"line":105,"column":0},"end":{"line":105,"column":18}},"105":{"start":{"line":106,"column":0},"end":{"line":106,"column":40}},"106":{"start":{"line":107,"column":0},"end":{"line":107,"column":40}},"108":{"start":{"line":109,"column":0},"end":{"line":109,"column":34}},"109":{"start":{"line":110,"column":0},"end":{"line":110,"column":34}},"110":{"start":{"line":111,"column":0},"end":{"line":111,"column":34}},"112":{"start":{"line":113,"column":0},"end":{"line":113,"column":43}},"114":{"start":{"line":115,"column":0},"end":{"line":115,"column":40}},"115":{"start":{"line":116,"column":0},"end":{"line":116,"column":49}},"116":{"start":{"line":117,"column":0},"end":{"line":117,"column":49}},"117":{"start":{"line":118,"column":0},"end":{"line":118,"column":49}},"118":{"start":{"line":119,"column":0},"end":{"line":119,"column":10}},"119":{"start":{"line":120,"column":0},"end":{"line":120,"column":43}},"120":{"start":{"line":121,"column":0},"end":{"line":121,"column":43}},"121":{"start":{"line":122,"column":0},"end":{"line":122,"column":43}},"122":{"start":{"line":123,"column":0},"end":{"line":123,"column":3}},"124":{"start":{"line":125,"column":0},"end":{"line":125,"column":35}},"125":{"start":{"line":126,"column":0},"end":{"line":126,"column":13}},"126":{"start":{"line":127,"column":0},"end":{"line":127,"column":21}},"127":{"start":{"line":128,"column":0},"end":{"line":128,"column":11}},"128":{"start":{"line":129,"column":0},"end":{"line":129,"column":11}},"129":{"start":{"line":130,"column":0},"end":{"line":130,"column":11}},"130":{"start":{"line":131,"column":0},"end":{"line":131,"column":19}},"131":{"start":{"line":132,"column":0},"end":{"line":132,"column":3}},"133":{"start":{"line":134,"column":0},"end":{"line":134,"column":25}},"134":{"start":{"line":135,"column":0},"end":{"line":135,"column":9}},"135":{"start":{"line":136,"column":0},"end":{"line":136,"column":19}},"136":{"start":{"line":137,"column":0},"end":{"line":137,"column":19}},"137":{"start":{"line":138,"column":0},"end":{"line":138,"column":19}},"138":{"start":{"line":139,"column":0},"end":{"line":139,"column":8}},"139":{"start":{"line":140,"column":0},"end":{"line":140,"column":8}},"140":{"start":{"line":141,"column":0},"end":{"line":141,"column":8}},"141":{"start":{"line":142,"column":0},"end":{"line":142,"column":19}},"142":{"start":{"line":143,"column":0},"end":{"line":143,"column":33}},"143":{"start":{"line":144,"column":0},"end":{"line":144,"column":37}},"144":{"start":{"line":145,"column":0},"end":{"line":145,"column":37}},"145":{"start":{"line":146,"column":0},"end":{"line":146,"column":15}},"146":{"start":{"line":147,"column":0},"end":{"line":147,"column":3}},"149":{"start":{"line":150,"column":0},"end":{"line":150,"column":43}},"150":{"start":{"line":151,"column":0},"end":{"line":151,"column":23}},"151":{"start":{"line":152,"column":0},"end":{"line":152,"column":23}},"152":{"start":{"line":153,"column":0},"end":{"line":153,"column":31}},"153":{"start":{"line":154,"column":0},"end":{"line":154,"column":17}},"154":{"start":{"line":155,"column":0},"end":{"line":155,"column":3}},"156":{"start":{"line":157,"column":0},"end":{"line":157,"column":40}},"157":{"start":{"line":158,"column":0},"end":{"line":158,"column":1}},"161":{"start":{"line":162,"column":0},"end":{"line":162,"column":29}},"162":{"start":{"line":163,"column":0},"end":{"line":163,"column":40}},"163":{"start":{"line":164,"column":0},"end":{"line":164,"column":24}},"164":{"start":{"line":165,"column":0},"end":{"line":165,"column":22}},"165":{"start":{"line":166,"column":0},"end":{"line":166,"column":21}},"166":{"start":{"line":167,"column":0},"end":{"line":167,"column":18}},"167":{"start":{"line":168,"column":0},"end":{"line":168,"column":45}},"168":{"start":{"line":169,"column":0},"end":{"line":169,"column":45}},"169":{"start":{"line":170,"column":0},"end":{"line":170,"column":34}},"170":{"start":{"line":171,"column":0},"end":{"line":171,"column":34}},"171":{"start":{"line":172,"column":0},"end":{"line":172,"column":52}},"172":{"start":{"line":173,"column":0},"end":{"line":173,"column":34}},"173":{"start":{"line":174,"column":0},"end":{"line":174,"column":34}},"175":{"start":{"line":176,"column":0},"end":{"line":176,"column":66}},"176":{"start":{"line":177,"column":0},"end":{"line":177,"column":66}},"178":{"start":{"line":179,"column":0},"end":{"line":179,"column":37}},"179":{"start":{"line":180,"column":0},"end":{"line":180,"column":20}},"180":{"start":{"line":181,"column":0},"end":{"line":181,"column":11}},"181":{"start":{"line":182,"column":0},"end":{"line":182,"column":11}},"182":{"start":{"line":183,"column":0},"end":{"line":183,"column":16}},"183":{"start":{"line":184,"column":0},"end":{"line":184,"column":43}},"184":{"start":{"line":185,"column":0},"end":{"line":185,"column":45}},"185":{"start":{"line":186,"column":0},"end":{"line":186,"column":3}},"187":{"start":{"line":188,"column":0},"end":{"line":188,"column":35}},"188":{"start":{"line":189,"column":0},"end":{"line":189,"column":13}},"189":{"start":{"line":190,"column":0},"end":{"line":190,"column":6}},"190":{"start":{"line":191,"column":0},"end":{"line":191,"column":6}},"191":{"start":{"line":192,"column":0},"end":{"line":192,"column":14}},"192":{"start":{"line":193,"column":0},"end":{"line":193,"column":16}},"193":{"start":{"line":194,"column":0},"end":{"line":194,"column":31}},"194":{"start":{"line":195,"column":0},"end":{"line":195,"column":3}},"197":{"start":{"line":198,"column":0},"end":{"line":198,"column":25}},"198":{"start":{"line":199,"column":0},"end":{"line":199,"column":19}},"199":{"start":{"line":200,"column":0},"end":{"line":200,"column":13}},"200":{"start":{"line":201,"column":0},"end":{"line":201,"column":13}},"201":{"start":{"line":202,"column":0},"end":{"line":202,"column":18}},"202":{"start":{"line":203,"column":0},"end":{"line":203,"column":11}},"203":{"start":{"line":204,"column":0},"end":{"line":204,"column":11}},"204":{"start":{"line":205,"column":0},"end":{"line":205,"column":16}},"205":{"start":{"line":206,"column":0},"end":{"line":206,"column":16}},"206":{"start":{"line":207,"column":0},"end":{"line":207,"column":33}},"207":{"start":{"line":208,"column":0},"end":{"line":208,"column":37}},"208":{"start":{"line":209,"column":0},"end":{"line":209,"column":37}},"209":{"start":{"line":210,"column":0},"end":{"line":210,"column":15}},"210":{"start":{"line":211,"column":0},"end":{"line":211,"column":3}},"212":{"start":{"line":213,"column":0},"end":{"line":213,"column":40}},"213":{"start":{"line":214,"column":0},"end":{"line":214,"column":1}},"217":{"start":{"line":218,"column":0},"end":{"line":218,"column":55}},"218":{"start":{"line":219,"column":0},"end":{"line":219,"column":55}},"221":{"start":{"line":222,"column":0},"end":{"line":222,"column":91}},"224":{"start":{"line":225,"column":0},"end":{"line":225,"column":92}},"227":{"start":{"line":228,"column":0},"end":{"line":228,"column":89}},"230":{"start":{"line":231,"column":0},"end":{"line":231,"column":90}},"233":{"start":{"line":234,"column":0},"end":{"line":234,"column":44}},"234":{"start":{"line":235,"column":0},"end":{"line":235,"column":17}},"235":{"start":{"line":236,"column":0},"end":{"line":236,"column":19}},"236":{"start":{"line":237,"column":0},"end":{"line":237,"column":3}},"239":{"start":{"line":240,"column":0},"end":{"line":240,"column":44}},"240":{"start":{"line":241,"column":0},"end":{"line":241,"column":17}},"241":{"start":{"line":242,"column":0},"end":{"line":242,"column":19}},"242":{"start":{"line":243,"column":0},"end":{"line":243,"column":3}},"245":{"start":{"line":246,"column":0},"end":{"line":246,"column":44}},"246":{"start":{"line":247,"column":0},"end":{"line":247,"column":17}},"247":{"start":{"line":248,"column":0},"end":{"line":248,"column":19}},"248":{"start":{"line":249,"column":0},"end":{"line":249,"column":3}},"251":{"start":{"line":252,"column":0},"end":{"line":252,"column":44}},"252":{"start":{"line":253,"column":0},"end":{"line":253,"column":17}},"253":{"start":{"line":254,"column":0},"end":{"line":254,"column":50}},"254":{"start":{"line":255,"column":0},"end":{"line":255,"column":3}},"257":{"start":{"line":258,"column":0},"end":{"line":258,"column":44}},"258":{"start":{"line":259,"column":0},"end":{"line":259,"column":17}},"259":{"start":{"line":260,"column":0},"end":{"line":260,"column":82}},"260":{"start":{"line":261,"column":0},"end":{"line":261,"column":3}},"263":{"start":{"line":264,"column":0},"end":{"line":264,"column":91}},"266":{"start":{"line":267,"column":0},"end":{"line":267,"column":91}},"269":{"start":{"line":270,"column":0},"end":{"line":270,"column":91}},"272":{"start":{"line":273,"column":0},"end":{"line":273,"column":44}},"273":{"start":{"line":274,"column":0},"end":{"line":274,"column":17}},"274":{"start":{"line":275,"column":0},"end":{"line":275,"column":50}},"275":{"start":{"line":276,"column":0},"end":{"line":276,"column":3}},"278":{"start":{"line":279,"column":0},"end":{"line":279,"column":45}},"279":{"start":{"line":280,"column":0},"end":{"line":280,"column":60}},"280":{"start":{"line":281,"column":0},"end":{"line":281,"column":35}},"281":{"start":{"line":282,"column":0},"end":{"line":282,"column":13}},"282":{"start":{"line":283,"column":0},"end":{"line":283,"column":23}},"283":{"start":{"line":284,"column":0},"end":{"line":284,"column":24}},"284":{"start":{"line":285,"column":0},"end":{"line":285,"column":3}},"285":{"start":{"line":286,"column":0},"end":{"line":286,"column":25}},"286":{"start":{"line":287,"column":0},"end":{"line":287,"column":20}},"287":{"start":{"line":288,"column":0},"end":{"line":288,"column":19}},"288":{"start":{"line":289,"column":0},"end":{"line":289,"column":19}},"289":{"start":{"line":290,"column":0},"end":{"line":290,"column":19}},"290":{"start":{"line":291,"column":0},"end":{"line":291,"column":17}},"291":{"start":{"line":292,"column":0},"end":{"line":292,"column":17}},"292":{"start":{"line":293,"column":0},"end":{"line":293,"column":17}},"293":{"start":{"line":294,"column":0},"end":{"line":294,"column":29}},"294":{"start":{"line":295,"column":0},"end":{"line":295,"column":33}},"295":{"start":{"line":296,"column":0},"end":{"line":296,"column":23}},"296":{"start":{"line":297,"column":0},"end":{"line":297,"column":24}},"297":{"start":{"line":298,"column":0},"end":{"line":298,"column":19}},"298":{"start":{"line":299,"column":0},"end":{"line":299,"column":3}},"299":{"start":{"line":300,"column":0},"end":{"line":300,"column":40}},"300":{"start":{"line":301,"column":0},"end":{"line":301,"column":2}},"303":{"start":{"line":304,"column":0},"end":{"line":304,"column":45}},"304":{"start":{"line":305,"column":0},"end":{"line":305,"column":60}},"305":{"start":{"line":306,"column":0},"end":{"line":306,"column":35}},"306":{"start":{"line":307,"column":0},"end":{"line":307,"column":13}},"307":{"start":{"line":308,"column":0},"end":{"line":308,"column":24}},"308":{"start":{"line":309,"column":0},"end":{"line":309,"column":24}},"309":{"start":{"line":310,"column":0},"end":{"line":310,"column":3}},"310":{"start":{"line":311,"column":0},"end":{"line":311,"column":25}},"311":{"start":{"line":312,"column":0},"end":{"line":312,"column":20}},"312":{"start":{"line":313,"column":0},"end":{"line":313,"column":19}},"313":{"start":{"line":314,"column":0},"end":{"line":314,"column":19}},"314":{"start":{"line":315,"column":0},"end":{"line":315,"column":19}},"315":{"start":{"line":316,"column":0},"end":{"line":316,"column":17}},"316":{"start":{"line":317,"column":0},"end":{"line":317,"column":17}},"317":{"start":{"line":318,"column":0},"end":{"line":318,"column":17}},"318":{"start":{"line":319,"column":0},"end":{"line":319,"column":29}},"319":{"start":{"line":320,"column":0},"end":{"line":320,"column":33}},"320":{"start":{"line":321,"column":0},"end":{"line":321,"column":24}},"321":{"start":{"line":322,"column":0},"end":{"line":322,"column":24}},"322":{"start":{"line":323,"column":0},"end":{"line":323,"column":19}},"323":{"start":{"line":324,"column":0},"end":{"line":324,"column":3}},"324":{"start":{"line":325,"column":0},"end":{"line":325,"column":40}},"325":{"start":{"line":326,"column":0},"end":{"line":326,"column":2}},"328":{"start":{"line":329,"column":0},"end":{"line":329,"column":46}},"329":{"start":{"line":330,"column":0},"end":{"line":330,"column":25}},"330":{"start":{"line":331,"column":0},"end":{"line":331,"column":20}},"331":{"start":{"line":332,"column":0},"end":{"line":332,"column":19}},"332":{"start":{"line":333,"column":0},"end":{"line":333,"column":19}},"333":{"start":{"line":334,"column":0},"end":{"line":334,"column":19}},"334":{"start":{"line":335,"column":0},"end":{"line":335,"column":17}},"335":{"start":{"line":336,"column":0},"end":{"line":336,"column":17}},"336":{"start":{"line":337,"column":0},"end":{"line":337,"column":17}},"337":{"start":{"line":338,"column":0},"end":{"line":338,"column":29}},"338":{"start":{"line":339,"column":0},"end":{"line":339,"column":33}},"339":{"start":{"line":340,"column":0},"end":{"line":340,"column":24}},"340":{"start":{"line":341,"column":0},"end":{"line":341,"column":37}},"341":{"start":{"line":342,"column":0},"end":{"line":342,"column":19}},"342":{"start":{"line":343,"column":0},"end":{"line":343,"column":3}},"343":{"start":{"line":344,"column":0},"end":{"line":344,"column":75}},"344":{"start":{"line":345,"column":0},"end":{"line":345,"column":2}},"347":{"start":{"line":348,"column":0},"end":{"line":348,"column":46}},"348":{"start":{"line":349,"column":0},"end":{"line":349,"column":25}},"349":{"start":{"line":350,"column":0},"end":{"line":350,"column":24}},"350":{"start":{"line":351,"column":0},"end":{"line":351,"column":19}},"351":{"start":{"line":352,"column":0},"end":{"line":352,"column":19}},"352":{"start":{"line":353,"column":0},"end":{"line":353,"column":19}},"353":{"start":{"line":354,"column":0},"end":{"line":354,"column":17}},"354":{"start":{"line":355,"column":0},"end":{"line":355,"column":17}},"355":{"start":{"line":356,"column":0},"end":{"line":356,"column":17}},"356":{"start":{"line":357,"column":0},"end":{"line":357,"column":29}},"357":{"start":{"line":358,"column":0},"end":{"line":358,"column":33}},"358":{"start":{"line":359,"column":0},"end":{"line":359,"column":37}},"359":{"start":{"line":360,"column":0},"end":{"line":360,"column":37}},"360":{"start":{"line":361,"column":0},"end":{"line":361,"column":19}},"361":{"start":{"line":362,"column":0},"end":{"line":362,"column":3}},"362":{"start":{"line":363,"column":0},"end":{"line":363,"column":47}},"363":{"start":{"line":364,"column":0},"end":{"line":364,"column":2}},"366":{"start":{"line":367,"column":0},"end":{"line":367,"column":47}},"367":{"start":{"line":368,"column":0},"end":{"line":368,"column":25}},"368":{"start":{"line":369,"column":0},"end":{"line":369,"column":24}},"369":{"start":{"line":370,"column":0},"end":{"line":370,"column":19}},"370":{"start":{"line":371,"column":0},"end":{"line":371,"column":19}},"371":{"start":{"line":372,"column":0},"end":{"line":372,"column":19}},"372":{"start":{"line":373,"column":0},"end":{"line":373,"column":17}},"373":{"start":{"line":374,"column":0},"end":{"line":374,"column":17}},"374":{"start":{"line":375,"column":0},"end":{"line":375,"column":17}},"375":{"start":{"line":376,"column":0},"end":{"line":376,"column":29}},"376":{"start":{"line":377,"column":0},"end":{"line":377,"column":33}},"377":{"start":{"line":378,"column":0},"end":{"line":378,"column":37}},"378":{"start":{"line":379,"column":0},"end":{"line":379,"column":37}},"379":{"start":{"line":380,"column":0},"end":{"line":380,"column":19}},"380":{"start":{"line":381,"column":0},"end":{"line":381,"column":3}},"381":{"start":{"line":382,"column":0},"end":{"line":382,"column":10}},"382":{"start":{"line":383,"column":0},"end":{"line":383,"column":21}},"383":{"start":{"line":384,"column":0},"end":{"line":384,"column":49}},"384":{"start":{"line":385,"column":0},"end":{"line":385,"column":3}},"385":{"start":{"line":386,"column":0},"end":{"line":386,"column":2}}},"s":{"22":2656,"23":2656,"24":2656,"25":2656,"27":238,"28":238,"29":238,"30":238,"31":238,"32":238,"33":238,"34":238,"35":238,"36":238,"37":238,"38":238,"39":238,"40":238,"41":238,"42":238,"43":238,"44":238,"45":238,"46":238,"47":238,"48":238,"49":238,"50":238,"54":240,"55":240,"56":240,"57":240,"58":240,"59":240,"60":240,"61":240,"62":240,"64":240,"66":240,"68":17,"69":17,"70":17,"71":240,"73":223,"74":223,"75":223,"76":223,"78":240,"79":240,"80":240,"81":240,"82":240,"83":240,"84":240,"85":240,"88":240,"89":2,"90":2,"92":238,"93":238,"94":238,"98":13,"99":13,"100":13,"101":13,"102":13,"103":13,"104":13,"105":13,"106":13,"108":13,"109":13,"110":13,"112":13,"114":13,"115":0,"116":0,"117":0,"118":13,"119":13,"120":13,"121":13,"122":13,"124":13,"125":13,"126":13,"127":13,"128":13,"129":13,"130":13,"131":13,"133":13,"134":13,"135":13,"136":13,"137":13,"138":13,"139":13,"140":13,"141":13,"142":13,"143":13,"144":13,"145":13,"146":13,"149":13,"150":12,"151":12,"152":13,"153":1,"154":1,"156":13,"157":13,"161":18,"162":18,"163":18,"164":18,"165":18,"166":18,"167":18,"168":18,"169":18,"170":18,"171":18,"172":18,"173":18,"175":18,"176":18,"178":18,"179":18,"180":18,"181":18,"182":18,"183":18,"184":18,"185":18,"187":18,"188":18,"189":18,"190":18,"191":18,"192":18,"193":18,"194":18,"197":18,"198":18,"199":18,"200":18,"201":18,"202":18,"203":18,"204":18,"205":18,"206":18,"207":18,"208":18,"209":18,"210":18,"212":18,"213":18,"217":1,"218":1,"221":1,"224":1,"227":1,"230":1,"233":1,"234":5,"235":5,"236":1,"239":1,"240":0,"241":0,"242":1,"245":1,"246":5,"247":5,"248":1,"251":1,"252":44,"253":44,"254":1,"257":1,"258":3,"259":3,"260":1,"263":1,"266":1,"269":1,"272":1,"273":3,"274":3,"275":1,"278":1,"279":46,"280":46,"281":46,"282":46,"283":46,"284":46,"285":46,"286":46,"287":46,"288":46,"289":46,"290":46,"291":46,"292":46,"293":46,"294":46,"295":46,"296":46,"297":46,"298":46,"299":46,"300":46,"303":1,"304":2,"305":2,"306":2,"307":2,"308":2,"309":2,"310":2,"311":2,"312":2,"313":2,"314":2,"315":2,"316":2,"317":2,"318":2,"319":2,"320":2,"321":2,"322":2,"323":2,"324":2,"325":2,"328":1,"329":32,"330":32,"331":32,"332":32,"333":32,"334":32,"335":32,"336":32,"337":32,"338":32,"339":32,"340":32,"341":32,"342":32,"343":32,"344":32,"347":1,"348":39,"349":39,"350":39,"351":39,"352":39,"353":39,"354":39,"355":39,"356":39,"357":39,"358":39,"359":39,"360":39,"361":39,"362":39,"363":39,"366":1,"367":34,"368":34,"369":34,"370":34,"371":34,"372":34,"373":34,"374":34,"375":34,"376":34,"377":34,"378":34,"379":34,"380":34,"381":34,"382":34,"383":34,"384":34,"385":34},"branchMap":{"0":{"type":"branch","line":23,"loc":{"start":{"line":23,"column":0},"end":{"line":26,"column":1}},"locations":[{"start":{"line":23,"column":0},"end":{"line":26,"column":1}}]},"1":{"type":"branch","line":25,"loc":{"start":{"line":25,"column":9},"end":{"line":25,"column":17}},"locations":[{"start":{"line":25,"column":9},"end":{"line":25,"column":17}}]},"2":{"type":"branch","line":24,"loc":{"start":{"line":24,"column":24},"end":{"line":24,"column":54}},"locations":[{"start":{"line":24,"column":24},"end":{"line":24,"column":54}}]},"3":{"type":"branch","line":28,"loc":{"start":{"line":28,"column":0},"end":{"line":51,"column":1}},"locations":[{"start":{"line":28,"column":0},"end":{"line":51,"column":1}}]},"4":{"type":"branch","line":45,"loc":{"start":{"line":45,"column":14},"end":{"line":45,"column":41}},"locations":[{"start":{"line":45,"column":14},"end":{"line":45,"column":41}}]},"5":{"type":"branch","line":55,"loc":{"start":{"line":55,"column":0},"end":{"line":95,"column":1}},"locations":[{"start":{"line":55,"column":0},"end":{"line":95,"column":1}}]},"6":{"type":"branch","line":63,"loc":{"start":{"line":63,"column":15},"end":{"line":63,"column":40}},"locations":[{"start":{"line":63,"column":15},"end":{"line":63,"column":40}}]},"7":{"type":"branch","line":67,"loc":{"start":{"line":67,"column":39},"end":{"line":72,"column":9}},"locations":[{"start":{"line":67,"column":39},"end":{"line":72,"column":9}}]},"8":{"type":"branch","line":69,"loc":{"start":{"line":69,"column":42},"end":{"line":69,"column":49}},"locations":[{"start":{"line":69,"column":42},"end":{"line":69,"column":49}}]},"9":{"type":"branch","line":70,"loc":{"start":{"line":70,"column":42},"end":{"line":70,"column":49}},"locations":[{"start":{"line":70,"column":42},"end":{"line":70,"column":49}}]},"10":{"type":"branch","line":71,"loc":{"start":{"line":71,"column":42},"end":{"line":71,"column":49}},"locations":[{"start":{"line":71,"column":42},"end":{"line":71,"column":49}}]},"11":{"type":"branch","line":72,"loc":{"start":{"line":72,"column":2},"end":{"line":77,"column":3}},"locations":[{"start":{"line":72,"column":2},"end":{"line":77,"column":3}}]},"12":{"type":"branch","line":74,"loc":{"start":{"line":74,"column":31},"end":{"line":74,"column":43}},"locations":[{"start":{"line":74,"column":31},"end":{"line":74,"column":43}}]},"13":{"type":"branch","line":75,"loc":{"start":{"line":75,"column":31},"end":{"line":75,"column":43}},"locations":[{"start":{"line":75,"column":31},"end":{"line":75,"column":43}}]},"14":{"type":"branch","line":76,"loc":{"start":{"line":76,"column":31},"end":{"line":76,"column":43}},"locations":[{"start":{"line":76,"column":31},"end":{"line":76,"column":43}}]},"15":{"type":"branch","line":89,"loc":{"start":{"line":89,"column":20},"end":{"line":89,"column":44}},"locations":[{"start":{"line":89,"column":20},"end":{"line":89,"column":44}}]},"16":{"type":"branch","line":89,"loc":{"start":{"line":89,"column":39},"end":{"line":89,"column":61}},"locations":[{"start":{"line":89,"column":39},"end":{"line":89,"column":61}}]},"17":{"type":"branch","line":89,"loc":{"start":{"line":89,"column":61},"end":{"line":91,"column":3}},"locations":[{"start":{"line":89,"column":61},"end":{"line":91,"column":3}}]},"18":{"type":"branch","line":91,"loc":{"start":{"line":91,"column":2},"end":{"line":95,"column":1}},"locations":[{"start":{"line":91,"column":2},"end":{"line":95,"column":1}}]},"19":{"type":"branch","line":99,"loc":{"start":{"line":99,"column":0},"end":{"line":158,"column":1}},"locations":[{"start":{"line":99,"column":0},"end":{"line":158,"column":1}}]},"20":{"type":"branch","line":107,"loc":{"start":{"line":107,"column":15},"end":{"line":107,"column":40}},"locations":[{"start":{"line":107,"column":15},"end":{"line":107,"column":40}}]},"21":{"type":"branch","line":115,"loc":{"start":{"line":115,"column":39},"end":{"line":119,"column":9}},"locations":[{"start":{"line":115,"column":39},"end":{"line":119,"column":9}}]},"22":{"type":"branch","line":120,"loc":{"start":{"line":120,"column":31},"end":{"line":120,"column":43}},"locations":[{"start":{"line":120,"column":31},"end":{"line":120,"column":43}}]},"23":{"type":"branch","line":121,"loc":{"start":{"line":121,"column":31},"end":{"line":121,"column":43}},"locations":[{"start":{"line":121,"column":31},"end":{"line":121,"column":43}}]},"24":{"type":"branch","line":150,"loc":{"start":{"line":150,"column":12},"end":{"line":150,"column":42}},"locations":[{"start":{"line":150,"column":12},"end":{"line":150,"column":42}}]},"25":{"type":"branch","line":150,"loc":{"start":{"line":150,"column":42},"end":{"line":153,"column":13}},"locations":[{"start":{"line":150,"column":42},"end":{"line":153,"column":13}}]},"26":{"type":"branch","line":151,"loc":{"start":{"line":151,"column":17},"end":{"line":151,"column":23}},"locations":[{"start":{"line":151,"column":17},"end":{"line":151,"column":23}}]},"27":{"type":"branch","line":152,"loc":{"start":{"line":152,"column":17},"end":{"line":152,"column":23}},"locations":[{"start":{"line":152,"column":17},"end":{"line":152,"column":23}}]},"28":{"type":"branch","line":153,"loc":{"start":{"line":153,"column":2},"end":{"line":155,"column":3}},"locations":[{"start":{"line":153,"column":2},"end":{"line":155,"column":3}}]},"29":{"type":"branch","line":162,"loc":{"start":{"line":162,"column":0},"end":{"line":214,"column":1}},"locations":[{"start":{"line":162,"column":0},"end":{"line":214,"column":1}}]},"30":{"type":"branch","line":168,"loc":{"start":{"line":168,"column":33},"end":{"line":168,"column":45}},"locations":[{"start":{"line":168,"column":33},"end":{"line":168,"column":45}}]},"31":{"type":"branch","line":169,"loc":{"start":{"line":169,"column":33},"end":{"line":169,"column":45}},"locations":[{"start":{"line":169,"column":33},"end":{"line":169,"column":45}}]},"32":{"type":"branch","line":172,"loc":{"start":{"line":172,"column":33},"end":{"line":172,"column":52}},"locations":[{"start":{"line":172,"column":33},"end":{"line":172,"column":52}}]},"33":{"type":"branch","line":176,"loc":{"start":{"line":176,"column":17},"end":{"line":176,"column":59}},"locations":[{"start":{"line":176,"column":17},"end":{"line":176,"column":59}}]},"34":{"type":"branch","line":176,"loc":{"start":{"line":176,"column":49},"end":{"line":176,"column":66}},"locations":[{"start":{"line":176,"column":49},"end":{"line":176,"column":66}}]},"35":{"type":"branch","line":177,"loc":{"start":{"line":177,"column":17},"end":{"line":177,"column":59}},"locations":[{"start":{"line":177,"column":17},"end":{"line":177,"column":59}}]},"36":{"type":"branch","line":177,"loc":{"start":{"line":177,"column":49},"end":{"line":177,"column":66}},"locations":[{"start":{"line":177,"column":49},"end":{"line":177,"column":66}}]},"37":{"type":"branch","line":184,"loc":{"start":{"line":184,"column":14},"end":{"line":184,"column":43}},"locations":[{"start":{"line":184,"column":14},"end":{"line":184,"column":43}}]},"38":{"type":"branch","line":185,"loc":{"start":{"line":185,"column":14},"end":{"line":185,"column":45}},"locations":[{"start":{"line":185,"column":14},"end":{"line":185,"column":45}}]},"39":{"type":"branch","line":222,"loc":{"start":{"line":222,"column":21},"end":{"line":222,"column":90}},"locations":[{"start":{"line":222,"column":21},"end":{"line":222,"column":90}}]},"40":{"type":"branch","line":225,"loc":{"start":{"line":225,"column":21},"end":{"line":225,"column":91}},"locations":[{"start":{"line":225,"column":21},"end":{"line":225,"column":91}}]},"41":{"type":"branch","line":228,"loc":{"start":{"line":228,"column":21},"end":{"line":228,"column":88}},"locations":[{"start":{"line":228,"column":21},"end":{"line":228,"column":88}}]},"42":{"type":"branch","line":231,"loc":{"start":{"line":231,"column":21},"end":{"line":231,"column":89}},"locations":[{"start":{"line":231,"column":21},"end":{"line":231,"column":89}}]},"43":{"type":"branch","line":234,"loc":{"start":{"line":234,"column":22},"end":{"line":237,"column":2}},"locations":[{"start":{"line":234,"column":22},"end":{"line":237,"column":2}}]},"44":{"type":"branch","line":246,"loc":{"start":{"line":246,"column":22},"end":{"line":249,"column":2}},"locations":[{"start":{"line":246,"column":22},"end":{"line":249,"column":2}}]},"45":{"type":"branch","line":252,"loc":{"start":{"line":252,"column":22},"end":{"line":255,"column":2}},"locations":[{"start":{"line":252,"column":22},"end":{"line":255,"column":2}}]},"46":{"type":"branch","line":258,"loc":{"start":{"line":258,"column":22},"end":{"line":261,"column":2}},"locations":[{"start":{"line":258,"column":22},"end":{"line":261,"column":2}}]},"47":{"type":"branch","line":264,"loc":{"start":{"line":264,"column":22},"end":{"line":264,"column":90}},"locations":[{"start":{"line":264,"column":22},"end":{"line":264,"column":90}}]},"48":{"type":"branch","line":267,"loc":{"start":{"line":267,"column":22},"end":{"line":267,"column":90}},"locations":[{"start":{"line":267,"column":22},"end":{"line":267,"column":90}}]},"49":{"type":"branch","line":270,"loc":{"start":{"line":270,"column":22},"end":{"line":270,"column":90}},"locations":[{"start":{"line":270,"column":22},"end":{"line":270,"column":90}}]},"50":{"type":"branch","line":273,"loc":{"start":{"line":273,"column":22},"end":{"line":276,"column":2}},"locations":[{"start":{"line":273,"column":22},"end":{"line":276,"column":2}}]},"51":{"type":"branch","line":279,"loc":{"start":{"line":279,"column":21},"end":{"line":301,"column":2}},"locations":[{"start":{"line":279,"column":21},"end":{"line":301,"column":2}}]},"52":{"type":"branch","line":280,"loc":{"start":{"line":280,"column":37},"end":{"line":280,"column":60}},"locations":[{"start":{"line":280,"column":37},"end":{"line":280,"column":60}}]},"53":{"type":"branch","line":304,"loc":{"start":{"line":304,"column":21},"end":{"line":326,"column":2}},"locations":[{"start":{"line":304,"column":21},"end":{"line":326,"column":2}}]},"54":{"type":"branch","line":305,"loc":{"start":{"line":305,"column":37},"end":{"line":305,"column":60}},"locations":[{"start":{"line":305,"column":37},"end":{"line":305,"column":60}}]},"55":{"type":"branch","line":329,"loc":{"start":{"line":329,"column":21},"end":{"line":345,"column":2}},"locations":[{"start":{"line":329,"column":21},"end":{"line":345,"column":2}}]},"56":{"type":"branch","line":348,"loc":{"start":{"line":348,"column":21},"end":{"line":364,"column":2}},"locations":[{"start":{"line":348,"column":21},"end":{"line":364,"column":2}}]},"57":{"type":"branch","line":367,"loc":{"start":{"line":367,"column":22},"end":{"line":386,"column":2}},"locations":[{"start":{"line":367,"column":22},"end":{"line":386,"column":2}}]}},"b":{"0":[2656],"1":[929],"2":[7081],"3":[238],"4":[0],"5":[240],"6":[92],"7":[17],"8":[9],"9":[10],"10":[9],"11":[223],"12":[49],"13":[161],"14":[152],"15":[60],"16":[43],"17":[2],"18":[238],"19":[13],"20":[1],"21":[0],"22":[0],"23":[0],"24":[1],"25":[12],"26":[0],"27":[1],"28":[1],"29":[18],"30":[0],"31":[0],"32":[5],"33":[5],"34":[0],"35":[5],"36":[0],"37":[2],"38":[4],"39":[65],"40":[175],"41":[11],"42":[2],"43":[5],"44":[5],"45":[44],"46":[3],"47":[11],"48":[2],"49":[5],"50":[3],"51":[46],"52":[0],"53":[2],"54":[0],"55":[32],"56":[39],"57":[34]},"fnMap":{"0":{"name":"findValue","decl":{"start":{"line":23,"column":0},"end":{"line":26,"column":1}},"loc":{"start":{"line":23,"column":0},"end":{"line":26,"column":1}},"line":23},"1":{"name":"makeOperation","decl":{"start":{"line":28,"column":0},"end":{"line":51,"column":1}},"loc":{"start":{"line":28,"column":0},"end":{"line":51,"column":1}},"line":28},"2":{"name":"handleMotion","decl":{"start":{"line":55,"column":0},"end":{"line":95,"column":1}},"loc":{"start":{"line":55,"column":0},"end":{"line":95,"column":1}},"line":55},"3":{"name":"handleArc","decl":{"start":{"line":99,"column":0},"end":{"line":158,"column":1}},"loc":{"start":{"line":99,"column":0},"end":{"line":158,"column":1}},"line":99},"4":{"name":"handleDrillingCycle","decl":{"start":{"line":162,"column":0},"end":{"line":214,"column":1}},"loc":{"start":{"line":162,"column":0},"end":{"line":214,"column":1}},"line":162}},"f":{"0":2656,"1":238,"2":240,"3":13,"4":18}}
,"D:\\Prywatne\\Projekty\\gcode2\\src\\parser\\index.ts": {"path":"D:\\Prywatne\\Projekty\\gcode2\\src\\parser\\index.ts","all":true,"statementMap":{"4":{"start":{"line":5,"column":0},"end":{"line":5,"column":37}},"5":{"start":{"line":6,"column":0},"end":{"line":6,"column":74}},"19":{"start":{"line":20,"column":0},"end":{"line":20,"column":64}}},"s":{"4":0,"5":0,"19":0},"branchMap":{"0":{"type":"branch","line":1,"loc":{"start":{"line":1,"column":426},"end":{"line":20,"column":64}},"locations":[{"start":{"line":1,"column":426},"end":{"line":20,"column":64}}]}},"b":{"0":[1]},"fnMap":{"0":{"name":"(empty-report)","decl":{"start":{"line":1,"column":426},"end":{"line":20,"column":64}},"loc":{"start":{"line":1,"column":426},"end":{"line":20,"column":64}},"line":1}},"f":{"0":1}}
,"D:\\Prywatne\\Projekty\\gcode2\\src\\parser\\parser.ts": {"path":"D:\\Prywatne\\Projekty\\gcode2\\src\\parser\\parser.ts","all":false,"statementMap":{"14":{"start":{"line":15,"column":0},"end":{"line":15,"column":64}},"15":{"start":{"line":16,"column":0},"end":{"line":16,"column":74}},"16":{"start":{"line":17,"column":0},"end":{"line":17,"column":68}},"25":{"start":{"line":26,"column":0},"end":{"line":26,"column":27}},"26":{"start":{"line":27,"column":0},"end":{"line":27,"column":16}},"27":{"start":{"line":28,"column":0},"end":{"line":28,"column":43}},"28":{"start":{"line":29,"column":0},"end":{"line":29,"column":16}},"29":{"start":{"line":30,"column":0},"end":{"line":30,"column":36}},"30":{"start":{"line":31,"column":0},"end":{"line":31,"column":36}},"31":{"start":{"line":32,"column":0},"end":{"line":32,"column":37}},"32":{"start":{"line":33,"column":0},"end":{"line":33,"column":51}},"33":{"start":{"line":34,"column":0},"end":{"line":34,"column":29}},"34":{"start":{"line":35,"column":0},"end":{"line":35,"column":29}},"35":{"start":{"line":36,"column":0},"end":{"line":36,"column":51}},"36":{"start":{"line":37,"column":0},"end":{"line":37,"column":3}},"38":{"start":{"line":39,"column":0},"end":{"line":39,"column":42}},"39":{"start":{"line":40,"column":0},"end":{"line":40,"column":28}},"40":{"start":{"line":41,"column":0},"end":{"line":41,"column":31}},"42":{"start":{"line":43,"column":0},"end":{"line":43,"column":22}},"45":{"start":{"line":46,"column":0},"end":{"line":46,"column":70}},"46":{"start":{"line":47,"column":0},"end":{"line":47,"column":33}},"47":{"start":{"line":48,"column":0},"end":{"line":48,"column":43}},"48":{"start":{"line":49,"column":0},"end":{"line":49,"column":5}},"50":{"start":{"line":51,"column":0},"end":{"line":51,"column":44}},"53":{"start":{"line":54,"column":0},"end":{"line":54,"column":37}},"54":{"start":{"line":55,"column":0},"end":{"line":55,"column":37}},"57":{"start":{"line":58,"column":0},"end":{"line":58,"column":78}},"58":{"start":{"line":59,"column":0},"end":{"line":59,"column":28}},"59":{"start":{"line":60,"column":0},"end":{"line":60,"column":41}},"60":{"start":{"line":61,"column":0},"end":{"line":61,"column":3}},"62":{"start":{"line":63,"column":0},"end":{"line":63,"column":64}},"63":{"start":{"line":64,"column":0},"end":{"line":64,"column":1}},"70":{"start":{"line":71,"column":0},"end":{"line":71,"column":23}},"71":{"start":{"line":72,"column":0},"end":{"line":72,"column":42}},"72":{"start":{"line":73,"column":0},"end":{"line":73,"column":22}},"73":{"start":{"line":74,"column":0},"end":{"line":74,"column":21}},"74":{"start":{"line":75,"column":0},"end":{"line":75,"column":27}},"75":{"start":{"line":76,"column":0},"end":{"line":76,"column":26}},"76":{"start":{"line":77,"column":0},"end":{"line":77,"column":18}},"77":{"start":{"line":78,"column":0},"end":{"line":78,"column":29}},"78":{"start":{"line":79,"column":0},"end":{"line":79,"column":26}},"81":{"start":{"line":82,"column":0},"end":{"line":82,"column":39}},"82":{"start":{"line":83,"column":0},"end":{"line":83,"column":29}},"83":{"start":{"line":84,"column":0},"end":{"line":84,"column":60}},"84":{"start":{"line":85,"column":0},"end":{"line":85,"column":3}},"87":{"start":{"line":88,"column":0},"end":{"line":88,"column":39}},"88":{"start":{"line":89,"column":0},"end":{"line":89,"column":29}},"89":{"start":{"line":90,"column":0},"end":{"line":90,"column":56}},"90":{"start":{"line":91,"column":0},"end":{"line":91,"column":3}},"93":{"start":{"line":94,"column":0},"end":{"line":94,"column":39}},"94":{"start":{"line":95,"column":0},"end":{"line":95,"column":29}},"95":{"start":{"line":96,"column":0},"end":{"line":96,"column":58}},"96":{"start":{"line":97,"column":0},"end":{"line":97,"column":3}},"99":{"start":{"line":100,"column":0},"end":{"line":100,"column":23}},"100":{"start":{"line":101,"column":0},"end":{"line":101,"column":36}},"101":{"start":{"line":102,"column":0},"end":{"line":102,"column":24}},"102":{"start":{"line":103,"column":0},"end":{"line":103,"column":23}},"103":{"start":{"line":104,"column":0},"end":{"line":104,"column":36}},"104":{"start":{"line":105,"column":0},"end":{"line":105,"column":24}},"108":{"start":{"line":109,"column":0},"end":{"line":109,"column":51}},"109":{"start":{"line":110,"column":0},"end":{"line":110,"column":51}},"111":{"start":{"line":112,"column":0},"end":{"line":112,"column":35}},"112":{"start":{"line":113,"column":0},"end":{"line":113,"column":43}},"113":{"start":{"line":114,"column":0},"end":{"line":114,"column":18}},"114":{"start":{"line":115,"column":0},"end":{"line":115,"column":62}},"115":{"start":{"line":116,"column":0},"end":{"line":116,"column":37}},"116":{"start":{"line":117,"column":0},"end":{"line":117,"column":36}},"117":{"start":{"line":118,"column":0},"end":{"line":118,"column":12}},"118":{"start":{"line":119,"column":0},"end":{"line":119,"column":21}},"119":{"start":{"line":120,"column":0},"end":{"line":120,"column":25}},"120":{"start":{"line":121,"column":0},"end":{"line":121,"column":48}},"121":{"start":{"line":122,"column":0},"end":{"line":122,"column":26}},"122":{"start":{"line":123,"column":0},"end":{"line":123,"column":8}},"123":{"start":{"line":124,"column":0},"end":{"line":124,"column":5}},"124":{"start":{"line":125,"column":0},"end":{"line":125,"column":3}},"126":{"start":{"line":127,"column":0},"end":{"line":127,"column":36}},"127":{"start":{"line":128,"column":0},"end":{"line":128,"column":43}},"128":{"start":{"line":129,"column":0},"end":{"line":129,"column":18}},"129":{"start":{"line":130,"column":0},"end":{"line":130,"column":62}},"130":{"start":{"line":131,"column":0},"end":{"line":131,"column":37}},"131":{"start":{"line":132,"column":0},"end":{"line":132,"column":36}},"132":{"start":{"line":133,"column":0},"end":{"line":133,"column":12}},"133":{"start":{"line":134,"column":0},"end":{"line":134,"column":21}},"134":{"start":{"line":135,"column":0},"end":{"line":135,"column":25}},"135":{"start":{"line":136,"column":0},"end":{"line":136,"column":48}},"136":{"start":{"line":137,"column":0},"end":{"line":137,"column":26}},"137":{"start":{"line":138,"column":0},"end":{"line":138,"column":8}},"138":{"start":{"line":139,"column":0},"end":{"line":139,"column":5}},"139":{"start":{"line":140,"column":0},"end":{"line":140,"column":3}},"143":{"start":{"line":144,"column":0},"end":{"line":144,"column":6}},"144":{"start":{"line":145,"column":0},"end":{"line":145,"column":26}},"145":{"start":{"line":146,"column":0},"end":{"line":146,"column":26}},"146":{"start":{"line":147,"column":0},"end":{"line":147,"column":49}},"147":{"start":{"line":148,"column":0},"end":{"line":148,"column":5}},"148":{"start":{"line":149,"column":0},"end":{"line":149,"column":43}},"150":{"start":{"line":151,"column":0},"end":{"line":151,"column":23}},"151":{"start":{"line":152,"column":0},"end":{"line":152,"column":55}},"152":{"start":{"line":153,"column":0},"end":{"line":153,"column":14}},"153":{"start":{"line":154,"column":0},"end":{"line":154,"column":59}},"154":{"start":{"line":155,"column":0},"end":{"line":155,"column":16}},"155":{"start":{"line":156,"column":0},"end":{"line":156,"column":16}},"156":{"start":{"line":157,"column":0},"end":{"line":157,"column":50}},"157":{"start":{"line":158,"column":0},"end":{"line":158,"column":20}},"158":{"start":{"line":159,"column":0},"end":{"line":159,"column":64}},"159":{"start":{"line":160,"column":0},"end":{"line":160,"column":39}},"160":{"start":{"line":161,"column":0},"end":{"line":161,"column":38}},"161":{"start":{"line":162,"column":0},"end":{"line":162,"column":7}},"162":{"start":{"line":163,"column":0},"end":{"line":163,"column":12}},"164":{"start":{"line":165,"column":0},"end":{"line":165,"column":24}},"165":{"start":{"line":166,"column":0},"end":{"line":166,"column":40}},"166":{"start":{"line":167,"column":0},"end":{"line":167,"column":13}},"167":{"start":{"line":168,"column":0},"end":{"line":168,"column":44}},"168":{"start":{"line":169,"column":0},"end":{"line":169,"column":15}},"169":{"start":{"line":170,"column":0},"end":{"line":170,"column":46}},"170":{"start":{"line":171,"column":0},"end":{"line":171,"column":17}},"171":{"start":{"line":172,"column":0},"end":{"line":172,"column":17}},"172":{"start":{"line":173,"column":0},"end":{"line":173,"column":51}},"173":{"start":{"line":174,"column":0},"end":{"line":174,"column":20}},"174":{"start":{"line":175,"column":0},"end":{"line":175,"column":64}},"175":{"start":{"line":176,"column":0},"end":{"line":176,"column":39}},"176":{"start":{"line":177,"column":0},"end":{"line":177,"column":38}},"177":{"start":{"line":178,"column":0},"end":{"line":178,"column":7}},"178":{"start":{"line":179,"column":0},"end":{"line":179,"column":5}},"179":{"start":{"line":180,"column":0},"end":{"line":180,"column":3}},"182":{"start":{"line":183,"column":0},"end":{"line":183,"column":30}},"183":{"start":{"line":184,"column":0},"end":{"line":184,"column":43}},"184":{"start":{"line":185,"column":0},"end":{"line":185,"column":18}},"185":{"start":{"line":186,"column":0},"end":{"line":186,"column":62}},"186":{"start":{"line":187,"column":0},"end":{"line":187,"column":37}},"187":{"start":{"line":188,"column":0},"end":{"line":188,"column":36}},"188":{"start":{"line":189,"column":0},"end":{"line":189,"column":12}},"189":{"start":{"line":190,"column":0},"end":{"line":190,"column":21}},"190":{"start":{"line":191,"column":0},"end":{"line":191,"column":25}},"191":{"start":{"line":192,"column":0},"end":{"line":192,"column":48}},"192":{"start":{"line":193,"column":0},"end":{"line":193,"column":26}},"193":{"start":{"line":194,"column":0},"end":{"line":194,"column":8}},"194":{"start":{"line":195,"column":0},"end":{"line":195,"column":5}},"195":{"start":{"line":196,"column":0},"end":{"line":196,"column":3}},"200":{"start":{"line":201,"column":0},"end":{"line":201,"column":53}},"201":{"start":{"line":202,"column":0},"end":{"line":202,"column":1}}},"s":{"14":1,"15":1,"16":1,"25":1,"26":66,"27":66,"28":66,"29":66,"30":66,"31":66,"32":66,"33":66,"34":66,"35":66,"36":66,"38":66,"39":549,"40":549,"42":549,"45":488,"46":549,"47":8,"48":8,"50":488,"53":477,"54":477,"57":477,"58":477,"59":477,"60":477,"62":66,"63":66,"70":477,"71":477,"72":477,"73":477,"74":477,"75":477,"76":477,"77":477,"78":477,"81":477,"82":477,"83":48,"84":48,"87":477,"88":477,"89":173,"90":173,"93":477,"94":477,"95":39,"96":39,"99":477,"100":477,"101":477,"102":477,"103":477,"104":477,"108":477,"109":477,"111":477,"112":75,"113":75,"114":73,"115":73,"116":73,"117":75,"118":2,"119":2,"120":2,"121":2,"122":2,"123":2,"124":75,"126":477,"127":247,"128":247,"129":247,"130":247,"131":247,"132":247,"133":0,"134":0,"135":0,"136":0,"137":0,"138":0,"139":247,"143":477,"144":477,"145":165,"146":11,"147":477,"148":11,"150":5,"151":5,"152":4,"153":1,"154":0,"155":1,"156":5,"157":5,"158":5,"159":5,"160":5,"161":5,"162":11,"164":6,"165":6,"166":3,"167":3,"168":2,"169":1,"170":1,"171":0,"172":6,"173":6,"174":6,"175":6,"176":6,"177":6,"178":6,"179":11,"182":477,"183":154,"184":154,"185":153,"186":153,"187":153,"188":154,"189":1,"190":1,"191":1,"192":1,"193":1,"194":1,"195":154,"200":477,"201":477},"branchMap":{"0":{"type":"branch","line":26,"loc":{"start":{"line":26,"column":7},"end":{"line":64,"column":1}},"locations":[{"start":{"line":26,"column":7},"end":{"line":64,"column":1}}]},"1":{"type":"branch","line":39,"loc":{"start":{"line":39,"column":41},"end":{"line":61,"column":3}},"locations":[{"start":{"line":39,"column":41},"end":{"line":61,"column":3}}]},"2":{"type":"branch","line":43,"loc":{"start":{"line":43,"column":14},"end":{"line":43,"column":22}},"locations":[{"start":{"line":43,"column":14},"end":{"line":43,"column":22}}]},"3":{"type":"branch","line":43,"loc":{"start":{"line":43,"column":14},"end":{"line":47,"column":19}},"locations":[{"start":{"line":43,"column":14},"end":{"line":47,"column":19}}]},"4":{"type":"branch","line":47,"loc":{"start":{"line":47,"column":8},"end":{"line":47,"column":32}},"locations":[{"start":{"line":47,"column":8},"end":{"line":47,"column":32}}]},"5":{"type":"branch","line":47,"loc":{"start":{"line":47,"column":32},"end":{"line":49,"column":5}},"locations":[{"start":{"line":47,"column":32},"end":{"line":49,"column":5}}]},"6":{"type":"branch","line":49,"loc":{"start":{"line":49,"column":4},"end":{"line":51,"column":44}},"locations":[{"start":{"line":49,"column":4},"end":{"line":51,"column":44}}]},"7":{"type":"branch","line":51,"loc":{"start":{"line":51,"column":15},"end":{"line":51,"column":44}},"locations":[{"start":{"line":51,"column":15},"end":{"line":51,"column":44}}]},"8":{"type":"branch","line":51,"loc":{"start":{"line":51,"column":15},"end":{"line":55,"column":37}},"locations":[{"start":{"line":51,"column":15},"end":{"line":55,"column":37}}]},"9":{"type":"branch","line":55,"loc":{"start":{"line":55,"column":29},"end":{"line":55,"column":37}},"locations":[{"start":{"line":55,"column":29},"end":{"line":55,"column":37}}]},"10":{"type":"branch","line":55,"loc":{"start":{"line":55,"column":29},"end":{"line":61,"column":3}},"locations":[{"start":{"line":55,"column":29},"end":{"line":61,"column":3}}]},"11":{"type":"branch","line":71,"loc":{"start":{"line":71,"column":0},"end":{"line":202,"column":1}},"locations":[{"start":{"line":71,"column":0},"end":{"line":202,"column":1}}]},"12":{"type":"branch","line":83,"loc":{"start":{"line":83,"column":28},"end":{"line":85,"column":3}},"locations":[{"start":{"line":83,"column":28},"end":{"line":85,"column":3}}]},"13":{"type":"branch","line":89,"loc":{"start":{"line":89,"column":28},"end":{"line":91,"column":3}},"locations":[{"start":{"line":89,"column":28},"end":{"line":91,"column":3}}]},"14":{"type":"branch","line":95,"loc":{"start":{"line":95,"column":28},"end":{"line":97,"column":3}},"locations":[{"start":{"line":95,"column":28},"end":{"line":97,"column":3}}]},"15":{"type":"branch","line":112,"loc":{"start":{"line":112,"column":34},"end":{"line":125,"column":3}},"locations":[{"start":{"line":112,"column":34},"end":{"line":125,"column":3}}]},"16":{"type":"branch","line":114,"loc":{"start":{"line":114,"column":17},"end":{"line":118,"column":11}},"locations":[{"start":{"line":114,"column":17},"
[...]
"column":67}},"70":{"start":{"line":71,"column":0},"end":{"line":71,"column":16}},"71":{"start":{"line":72,"column":0},"end":{"line":72,"column":16}},"72":{"start":{"line":73,"column":0},"end":{"line":73,"column":24}},"73":{"start":{"line":74,"column":0},"end":{"line":74,"column":40}},"74":{"start":{"line":75,"column":0},"end":{"line":75,"column":29}},"75":{"start":{"line":76,"column":0},"end":{"line":76,"column":4}},"76":{"start":{"line":77,"column":0},"end":{"line":77,"column":8}},"77":{"start":{"line":78,"column":0},"end":{"line":78,"column":17}},"78":{"start":{"line":79,"column":0},"end":{"line":79,"column":25}},"79":{"start":{"line":80,"column":0},"end":{"line":80,"column":33}},"80":{"start":{"line":81,"column":0},"end":{"line":81,"column":29}},"81":{"start":{"line":82,"column":0},"end":{"line":82,"column":4}},"82":{"start":{"line":83,"column":0},"end":{"line":83,"column":11}},"83":{"start":{"line":84,"column":0},"end":{"line":84,"column":20}},"84":{"start":{"line":85,"column":0},"end":{"line":85,"column":25}},"85":{"start":{"line":86,"column":0},"end":{"line":86,"column":34}},"86":{"start":{"line":87,"column":0},"end":{"line":87,"column":30}},"87":{"start":{"line":88,"column":0},"end":{"line":88,"column":4}},"88":{"start":{"line":89,"column":0},"end":{"line":89,"column":10}},"89":{"start":{"line":90,"column":0},"end":{"line":90,"column":19}},"90":{"start":{"line":91,"column":0},"end":{"line":91,"column":25}},"91":{"start":{"line":92,"column":0},"end":{"line":92,"column":34}},"92":{"start":{"line":93,"column":0},"end":{"line":93,"column":29}},"93":{"start":{"line":94,"column":0},"end":{"line":94,"column":4}},"94":{"start":{"line":95,"column":0},"end":{"line":95,"column":9}},"95":{"start":{"line":96,"column":0},"end":{"line":96,"column":18}},"96":{"start":{"line":97,"column":0},"end":{"line":97,"column":25}},"97":{"start":{"line":98,"column":0},"end":{"line":98,"column":33}},"98":{"start":{"line":99,"column":0},"end":{"line":99,"column":29}},"99":{"start":{"line":100,"column":0},"end":{"line":100,"column":4}},"100":{"start":{"line":101,"column":0},"end":{"line":101,"column":10}},"101":{"start":{"line":102,"column":0},"end":{"line":102,"column":19}},"102":{"start":{"line":103,"column":0},"end":{"line":103,"column":25}},"103":{"start":{"line":104,"column":0},"end":{"line":104,"column":33}},"104":{"start":{"line":105,"column":0},"end":{"line":105,"column":29}},"105":{"start":{"line":106,"column":0},"end":{"line":106,"column":4}},"106":{"start":{"line":107,"column":0},"end":{"line":107,"column":9}},"107":{"start":{"line":108,"column":0},"end":{"line":108,"column":18}},"108":{"start":{"line":109,"column":0},"end":{"line":109,"column":25}},"109":{"start":{"line":110,"column":0},"end":{"line":110,"column":34}},"110":{"start":{"line":111,"column":0},"end":{"line":111,"column":29}},"111":{"start":{"line":112,"column":0},"end":{"line":112,"column":4}},"112":{"start":{"line":113,"column":0},"end":{"line":113,"column":1}},"117":{"start":{"line":118,"column":0},"end":{"line":118,"column":38}},"118":{"start":{"line":119,"column":0},"end":{"line":119,"column":21}},"119":{"start":{"line":120,"column":0},"end":{"line":120,"column":34}},"126":{"start":{"line":127,"column":0},"end":{"line":127,"column":3}},"127":{"start":{"line":128,"column":0},"end":{"line":128,"column":37}},"128":{"start":{"line":129,"column":0},"end":{"line":129,"column":49}},"130":{"start":{"line":131,"column":0},"end":{"line":131,"column":32}},"131":{"start":{"line":132,"column":0},"end":{"line":132,"column":17}},"132":{"start":{"line":133,"column":0},"end":{"line":133,"column":18}},"133":{"start":{"line":134,"column":0},"end":{"line":134,"column":22}},"134":{"start":{"line":135,"column":0},"end":{"line":135,"column":3}},"136":{"start":{"line":137,"column":0},"end":{"line":137,"column":57}},"137":{"start":{"line":138,"column":0},"end":{"line":138,"column":37}},"139":{"start":{"line":140,"column":0},"end":{"line":140,"column":36}},"140":{"start":{"line":141,"column":0},"end":{"line":141,"column":45}},"141":{"start":{"line":142,"column":0},"end":{"line":142,"column":45}},"142":{"start":{"line":143,"column":0},"end":{"line":143,"column":45}},"143":{"start":{"line":144,"column":0},"end":{"line":144,"column":3}},"146":{"start":{"line":147,"column":0},"end":{"line":147,"column":38}},"148":{"start":{"line":149,"column":0},"end":{"line":149,"column":10}},"149":{"start":{"line":150,"column":0},"end":{"line":150,"column":13}},"150":{"start":{"line":151,"column":0},"end":{"line":151,"column":11}},"151":{"start":{"line":152,"column":0},"end":{"line":152,"column":18}},"152":{"start":{"line":153,"column":0},"end":{"line":153,"column":51}},"153":{"start":{"line":154,"column":0},"end":{"line":154,"column":14}},"154":{"start":{"line":155,"column":0},"end":{"line":155,"column":3}},"155":{"start":{"line":156,"column":0},"end":{"line":156,"column":1}}},"s":{"24":1,"27":4,"28":4,"31":4,"32":4,"33":4,"34":4,"35":4,"38":4,"39":4,"42":4,"43":4,"44":4,"45":4,"46":4,"48":4,"49":4,"54":1,"55":1,"69":1,"70":1,"71":1,"72":1,"73":1,"74":1,"75":1,"76":1,"77":1,"78":1,"79":1,"80":1,"81":1,"82":1,"83":1,"84":1,"85":1,"86":1,"87":1,"88":1,"89":1,"90":1,"91":1,"92":1,"93":1,"94":1,"95":1,"96":1,"97":1,"98":1,"99":1,"100":1,"101":1,"102":1,"103":1,"104":1,"105":1,"106":1,"107":1,"108":1,"109":1,"110":1,"111":1,"112":1,"117":1,"118":13,"119":13,"126":13,"127":13,"128":13,"130":13,"131":13,"132":13,"133":13,"134":13,"136":13,"137":13,"139":13,"140":13,"141":13,"142":13,"143":13,"146":13,"148":13,"149":13,"150":13,"151":13,"152":13,"153":13,"154":13,"155":13},"branchMap":{"0":{"type":"branch","line":25,"loc":{"start":{"line":25,"column":7},"end":{"line":50,"column":1}},"locations":[{"start":{"line":25,"column":7},"end":{"line":50,"column":1}}]},"1":{"type":"branch","line":118,"loc":{"start":{"line":118,"column":7},"end":{"line":156,"column":1}},"locations":[{"start":{"line":118,"column":7},"end":{"line":156,"column":1}}]}},"b":{"0":[4],"1":[13]},"fnMap":{"0":{"name":"calculateCameraPosition","decl":{"start":{"line":25,"column":7},"end":{"line":50,"column":1}},"loc":{"start":{"line":25,"column":7},"end":{"line":50,"column":1}},"line":25},"1":{"name":"calculatePresetCamera","decl":{"start":{"line":118,"column":7},"end":{"line":156,"column":1}},"loc":{"start":{"line":118,"column":7},"end":{"line":156,"column":1}},"line":118}},"f":{"0":4,"1":13}}
,"D:\\Prywatne\\Projekty\\gcode2\\src\\viewport\\useWorkpieceScene.ts": {"path":"D:\\Prywatne\\Projekty\\gcode2\\src\\viewport\\useWorkpieceScene.ts","all":false,"statementMap":{"11":{"start":{"line":12,"column":0},"end":{"line":12,"column":77}},"12":{"start":{"line":13,"column":0},"end":{"line":13,"column":72}},"42":{"start":{"line":43,"column":0},"end":{"line":43,"column":71}},"43":{"start":{"line":44,"column":0},"end":{"line":44,"column":66}},"45":{"start":{"line":46,"column":0},"end":{"line":46,"column":75}},"46":{"start":{"line":47,"column":0},"end":{"line":47,"column":58}},"47":{"start":{"line":48,"column":0},"end":{"line":48,"column":33}},"48":{"start":{"line":49,"column":0},"end":{"line":49,"column":34}},"49":{"start":{"line":50,"column":0},"end":{"line":50,"column":31}},"51":{"start":{"line":52,"column":0},"end":{"line":52,"column":52}},"52":{"start":{"line":53,"column":0},"end":{"line":53,"column":25}},"53":{"start":{"line":54,"column":0},"end":{"line":54,"column":19}},"54":{"start":{"line":55,"column":0},"end":{"line":55,"column":21}},"55":{"start":{"line":56,"column":0},"end":{"line":56,"column":4}},"57":{"start":{"line":58,"column":0},"end":{"line":58,"column":49}},"58":{"start":{"line":59,"column":0},"end":{"line":59,"column":22}},"59":{"start":{"line":60,"column":0},"end":{"line":60,"column":19}},"60":{"start":{"line":61,"column":0},"end":{"line":61,"column":21}},"61":{"start":{"line":62,"column":0},"end":{"line":62,"column":4}},"63":{"start":{"line":64,"column":0},"end":{"line":64,"column":51}},"65":{"start":{"line":66,"column":0},"end":{"line":66,"column":67}},"66":{"start":{"line":67,"column":0},"end":{"line":67,"column":11}},"67":{"start":{"line":68,"column":0},"end":{"line":68,"column":44}},"68":{"start":{"line":69,"column":0},"end":{"line":69,"column":23}},"69":{"start":{"line":70,"column":0},"end":{"line":70,"column":24}},"70":{"start":{"line":71,"column":0},"end":{"line":71,"column":27}},"71":{"start":{"line":72,"column":0},"end":{"line":72,"column":5}},"72":{"start":{"line":73,"column":0},"end":{"line":73,"column":29}},"73":{"start":{"line":74,"column":0},"end":{"line":74,"column":3}},"75":{"start":{"line":76,"column":0},"end":{"line":76,"column":109}},"76":{"start":{"line":77,"column":0},"end":{"line":77,"column":58}},"77":{"start":{"line":78,"column":0},"end":{"line":78,"column":31}},"80":{"start":{"line":81,"column":0},"end":{"line":81,"column":36}},"81":{"start":{"line":82,"column":0},"end":{"line":82,"column":80}},"82":{"start":{"line":83,"column":0},"end":{"line":83,"column":33}},"83":{"start":{"line":84,"column":0},"end":{"line":84,"column":36}},"84":{"start":{"line":85,"column":0},"end":{"line":85,"column":38}},"85":{"start":{"line":86,"column":0},"end":{"line":86,"column":50}},"86":{"start":{"line":87,"column":0},"end":{"line":87,"column":46}},"87":{"start":{"line":88,"column":0},"end":{"line":88,"column":12}},"89":{"start":{"line":90,"column":0},"end":{"line":90,"column":69}},"90":{"start":{"line":91,"column":0},"end":{"line":91,"column":36}},"91":{"start":{"line":92,"column":0},"end":{"line":92,"column":38}},"92":{"start":{"line":93,"column":0},"end":{"line":93,"column":50}},"93":{"start":{"line":94,"column":0},"end":{"line":94,"column":46}},"94":{"start":{"line":95,"column":0},"end":{"line":95,"column":5}},"95":{"start":{"line":96,"column":0},"end":{"line":96,"column":3}},"97":{"start":{"line":98,"column":0},"end":{"line":98,"column":36}},"98":{"start":{"line":99,"column":0},"end":{"line":99,"column":36}},"99":{"start":{"line":100,"column":0},"end":{"line":100,"column":38}},"100":{"start":{"line":101,"column":0},"end":{"line":101,"column":25}},"101":{"start":{"line":102,"column":0},"end":{"line":102,"column":20}},"102":{"start":{"line":103,"column":0},"end":{"line":103,"column":31}},"106":{"start":{"line":107,"column":0},"end":{"line":107,"column":102}},"108":{"start":{"line":109,"column":0},"end":{"line":109,"column":34}},"113":{"start":{"line":114,"column":0},"end":{"line":114,"column":44}},"114":{"start":{"line":115,"column":0},"end":{"line":115,"column":31}},"115":{"start":{"line":116,"column":0},"end":{"line":116,"column":7}},"116":{"start":{"line":117,"column":0},"end":{"line":117,"column":56}},"117":{"start":{"line":118,"column":0},"end":{"line":118,"column":31}},"118":{"start":{"line":119,"column":0},"end":{"line":119,"column":31}},"119":{"start":{"line":120,"column":0},"end":{"line":120,"column":33}},"120":{"start":{"line":121,"column":0},"end":{"line":121,"column":30}},"121":{"start":{"line":122,"column":0},"end":{"line":122,"column":12}},"122":{"start":{"line":123,"column":0},"end":{"line":123,"column":5}},"125":{"start":{"line":126,"column":0},"end":{"line":126,"column":63}},"126":{"start":{"line":127,"column":0},"end":{"line":127,"column":36}},"127":{"start":{"line":128,"column":0},"end":{"line":128,"column":68}},"128":{"start":{"line":129,"column":0},"end":{"line":129,"column":12}},"129":{"start":{"line":130,"column":0},"end":{"line":130,"column":57}},"130":{"start":{"line":131,"column":0},"end":{"line":131,"column":5}},"132":{"start":{"line":133,"column":0},"end":{"line":133,"column":26}},"133":{"start":{"line":134,"column":0},"end":{"line":134,"column":30}},"134":{"start":{"line":135,"column":0},"end":{"line":135,"column":37}},"135":{"start":{"line":136,"column":0},"end":{"line":136,"column":12}},"136":{"start":{"line":137,"column":0},"end":{"line":137,"column":5}},"139":{"start":{"line":140,"column":0},"end":{"line":140,"column":28}},"142":{"start":{"line":143,"column":0},"end":{"line":143,"column":54}},"143":{"start":{"line":144,"column":0},"end":{"line":144,"column":36}},"144":{"start":{"line":145,"column":0},"end":{"line":145,"column":29}},"145":{"start":{"line":146,"column":0},"end":{"line":146,"column":47}},"146":{"start":{"line":147,"column":0},"end":{"line":147,"column":43}},"147":{"start":{"line":148,"column":0},"end":{"line":148,"column":3}},"149":{"start":{"line":150,"column":0},"end":{"line":150,"column":26}},"150":{"start":{"line":151,"column":0},"end":{"line":151,"column":25}},"151":{"start":{"line":152,"column":0},"end":{"line":152,"column":36}},"152":{"start":{"line":153,"column":0},"end":{"line":153,"column":27}},"153":{"start":{"line":154,"column":0},"end":{"line":154,"column":5}},"154":{"start":{"line":155,"column":0},"end":{"line":155,"column":30}},"155":{"start":{"line":156,"column":0},"end":{"line":156,"column":31}},"156":{"start":{"line":157,"column":0},"end":{"line":157,"column":28}},"157":{"start":{"line":158,"column":0},"end":{"line":158,"column":3}},"159":{"start":{"line":160,"column":0},"end":{"line":160,"column":21}},"160":{"start":{"line":161,"column":0},"end":{"line":161,"column":11}},"161":{"start":{"line":162,"column":0},"end":{"line":162,"column":29}},"162":{"start":{"line":163,"column":0},"end":{"line":163,"column":26}},"163":{"start":{"line":164,"column":0},"end":{"line":164,"column":4}},"165":{"start":{"line":166,"column":0},"end":{"line":166,"column":10}},"166":{"start":{"line":167,"column":0},"end":{"line":167,"column":13}},"167":{"start":{"line":168,"column":0},"end":{"line":168,"column":14}},"168":{"start":{"line":169,"column":0},"end":{"line":169,"column":17}},"169":{"start":{"line":170,"column":0},"end":{"line":170,"column":22}},"170":{"start":{"line":171,"column":0},"end":{"line":171,"column":19}},"171":{"start":{"line":172,"column":0},"end":{"line":172,"column":20}},"172":{"start":{"line":173,"column":0},"end":{"line":173,"column":23}},"173":{"start":{"line":174,"column":0},"end":{"line":174,"column":23}},"174":{"start":{"line":175,"column":0},"end":{"line":175,"column":10}},"175":{"start":{"line":176,"column":0},"end":{"line":176,"column":3}},"176":{"start":{"line":177,"column":0},"end":{"line":177,"column":1}}},"s":{"11":1,"12":1,"42":1,"43":1,"45":1,"46":22,"47":22,"48":22,"49":22,"51":22,"52":22,"53":22,"54":22,"55":22,"57":22,"58":22,"59":22,"60":22,"61":22,"63":22,"65":22,"66":6,"67":6,"68":6,"69":6,"70":6,"71":6,"72":6,"73":6,"75":22,"76":1,"77":1,"80":1,"81":0,"82":0,"83":0,"84":0,"85":0,"86":0,"87":1,"89":1,"90":1,"91":1,"92":1,"93":1,"94":1,"95":1,"97":22,"98":32,"99":32,"100":32,"101":32,"102":32,"106":32,"108":32,"113":14,"114":0,"115":0,"116":14,"117":14,"118":14,"119":14,"120":14,"121":14,"122":14,"125":18,"126":32,"127":0,"128":32,"129":18,"130":18,"132":32,"133":0,"134":0,"135":0,"136":0,"139":18,"142":18,"143":18,"144":18,"145":18,"146":18,"147":32,"149":22,"150":9,"151":3,"152":3,"153":3,"154":9,"155":9,"156":9,"157":9,"159":22,"160":0,"161":0,"162":0,"163":22,"165":22,"166":22,"167":22,"168":22,"169":22,"170":22,"171":22,"172":22,"173":22,"174":22,"175":22,"176":22},"branchMap":{"0":{"type":"branch","line":46,"loc":{"start":{"line":46,"column":7},"end":{"line":177,"column":1}},"locations":[{"start":{"line":46,"column":7},"end":{"line":177,"column":1}}]},"1":{"type":"branch","line":66,"loc":{"start":{"line":66,"column":2},"end":{"line":74,"column":3}},"locations":[{"start":{"line":66,"column":2},"end":{"line":74,"column":3}}]},"2":{"type":"branch","line":76,"loc":{"start":{"line":76,"column":2},"end":{"line":96,"column":3}},"locations":[{"start":{"line":76,"column":2},"end":{"line":96,"column":3}}]},"3":{"type":"branch","line":77,"loc":{"start":{"line":77,"column":52},"end":{"line":77,"column":58}},"locations":[{"start":{"line":77,"column":52},"end":{"line":77,"column":58}}]},"4":{"type":"branch","line":78,"loc":{"start":{"line":78,"column":8},"end":{"line":78,"column":25}},"locations":[{"start":{"line":78,"column":8},"end":{"line":78,"column":25}}]},"5":{"type":"branch","line":78,"loc":{"start":{"line":78,"column":25},"end":{"line":78,"column":31}},"locations":[{"start":{"line":78,"column":25},"end":{"line":78,"column":31}}]},"6":{"type":"branch","line":81,"loc":{"start":{"line":81,"column":35},"end":{"line":88,"column":11}},"locations":[{"start":{"line":81,"column":35},"end":{"line":88,"column":11}}]},"7":{"type":"branch","line":98,"loc":{"start":{"line":98,"column":2},"end":{"line":148,"column":3}},"locations":[{"start":{"line":98,"column":2},"end":{"line":148,"column":3}}]},"8":{"type":"branch","line":103,"loc":{"start":{"line":103,"column":8},"end":{"line":103,"column":25}},"locations":[{"start":{"line":103,"column":8},"end":{"line":103,"column":25}}]},"9":{"type":"branch","line":103,"loc":{"start":{"line":103,"column":25},"end":{"line":103,"column":31}},"locations":[{"start":{"line":103,"column":25},"end":{"line":103,"column":31}}]},"10":{"type":"branch","line":109,"loc":{"start":{"line":109,"column":33},"end":{"line":123,"column":5}},"locations":[{"start":{"line":109,"column":33},"end":{"line":123,"column":5}}]},"11":{"type":"branch","line":114,"loc":{"start":{"line":114,"column":43},"end":{"line":116,"column":7}},"locations":[{"start":{"line":114,"column":43},"end":{"line":116,"column":7}}]},"12":{"type":"branch","line":117,"loc":{"start":{"line":117,"column":26},"end":{"line":117,"column":56}},"locations":[{"start":{"line":117,"column":26},"end":{"line":117,"column":56}}]},"13":{"type":"branch","line":123,"loc":{"start":{"line":123,"column":4},"end":{"line":127,"column":35}},"locations":[{"start":{"line":123,"column":4},"end":{"line":127,"column":35}}]},"14":{"type":"branch","line":127,"loc":{"start":{"line":127,"column":35},"end":{"line":129,"column":11}},"locations":[{"start":{"line":127,"column":35},"end":{"line":129,"column":11}}]},"15":{"type":"branch","line":129,"loc":{"start":{"line":129,"column":4},"end":{"line":133,"column":16}},"locations":[{"start":{"line":129,"column":4},"end":{"line":133,"column":16}}]},"16":{"type":"branch","line":133,"loc":{"start":{"line":133,"column":8},"end":{"line":133,"column":25}},"locations":[{"start":{"line":133,"column":8},"end":{"line":133,"column":25}}]},"17":{"type":"branch","line":133,"loc":{"start":{"line":133,"column":25},"end":{"line":137,"column":5}},"locations":[{"start":{"line":133,"column":25},"end":{"line":137,"column":5}}]},"18":{"type":"branch","line":137,"loc":{"start":{"line":137,"column":4},"end":{"line":147,"column":43}},"locations":[{"start":{"line":137,"column":4},"end":{"line":147,"column":43}}]},"19":{"type":"branch","line":150,"loc":{"start":{"line":150,"column":2},"end":{"line":158,"column":3}},"locations":[{"start":{"line":150,"column":2},"end":{"line":158,"column":3}}]},"20":{"type":"branch","line":151,"loc":{"start":{"line":151,"column":24},"end":{"line":154,"column":5}},"locations":[{"start":{"line":151,"column":24},"end":{"line":154,"column":5}}]}},"b":{"0":[22],"1":[6],"2":[1],"3":[0],"4":[0],"5":[0],"6":[0],"7":[32],"8":[0],"9":[0],"10":[14],"11":[0],"12":[2],"13":[18],"14":[0],"15":[18],"16":[0],"17":[0],"18":[18],"19":[9],"20":[3]},"fnMap":{"0":{"name":"useWorkpieceScene","decl":{"start":{"line":46,"column":7},"end":{"line":177,"column":1}},"loc":{"start":{"line":46,"column":7},"end":{"line":177,"column":1}},"line":46},"1":{"name":"createWorkpiece","decl":{"start":{"line":66,"column":2},"end":{"line":74,"column":3}},"loc":{"start":{"line":66,"column":2},"end":{"line":74,"column":3}},"line":66},"2":{"name":"applyAllOperations","decl":{"start":{"line":76,"column":2},"end":{"line":96,"column":3}},"loc":{"start":{"line":76,"column":2},"end":{"line":96,"column":3}},"line":76},"3":{"name":"recomputeWorkpiece","decl":{"start":{"line":98,"column":2},"end":{"line":148,"column":3}},"loc":{"start":{"line":98,"column":2},"end":{"line":148,"column":3}},"line":98},"4":{"name":"reset","decl":{"start":{"line":150,"column":2},"end":{"line":158,"column":3}},"loc":{"start":{"line":150,"column":2},"end":{"line":158,"column":3}},"line":150}},"f":{"0":22,"1":6,"2":1,"3":32,"4":9}}
}
